[0.326s] DEBUG:colcon:Command line arguments: ['/usr/bin/colcon', 'build', '--symlink-install']
[0.327s] DEBUG:colcon:Parsed command line arguments: Namespace(log_base=None, log_level=None, verb_name='build', build_base='build', install_base='install', merge_install=False, symlink_install=True, test_result_base=None, continue_on_error=False, executor='parallel', parallel_workers=3, event_handlers=None, ignore_user_meta=False, metas=['./colcon.meta'], base_paths=['.'], packages_ignore=None, packages_ignore_regex=None, paths=None, packages_up_to=None, packages_up_to_regex=None, packages_above=None, packages_above_and_dependencies=None, packages_above_depth=None, packages_select_by_dep=None, packages_skip_by_dep=None, packages_skip_up_to=None, packages_select_build_failed=False, packages_skip_build_finished=False, packages_select_test_failures=False, packages_skip_test_passed=False, packages_select=None, packages_skip=None, packages_select_regex=None, packages_skip_regex=None, packages_start=None, packages_end=None, allow_overriding=[], cmake_args=None, cmake_target=None, cmake_target_skip_unavailable=False, cmake_clean_cache=False, cmake_clean_first=False, cmake_force_configure=False, ament_cmake_args=None, catkin_cmake_args=None, catkin_skip_building_tests=False, mixin_files=None, mixin=None, verb_parser=<colcon_mixin.mixin.mixin_argument.MixinArgumentDecorator object at 0x77098d7f0e20>, verb_extension=<colcon_core.verb.build.BuildVerb object at 0x77098d7f0400>, main=<bound method BuildVerb.main of <colcon_core.verb.build.BuildVerb object at 0x77098d7f0400>>, mixin_verb=('build',))
[0.701s] Level 1:colcon.colcon_core.package_discovery:discover_packages(colcon_meta) check parameters
[0.701s] Level 1:colcon.colcon_core.package_discovery:discover_packages(recursive) check parameters
[0.701s] Level 1:colcon.colcon_core.package_discovery:discover_packages(ignore) check parameters
[0.701s] Level 1:colcon.colcon_core.package_discovery:discover_packages(path) check parameters
[0.701s] Level 1:colcon.colcon_core.package_discovery:discover_packages(colcon_meta) discover
[0.701s] Level 1:colcon.colcon_core.package_discovery:discover_packages(recursive) discover
[0.701s] INFO:colcon.colcon_core.package_discovery:Crawling recursively for packages in '/home/sick/Documents/GitHub/ProyectoROS'
[0.701s] Level 1:colcon.colcon_core.package_identification:_identify(.) by extensions ['ignore', 'ignore_ament_install']
[0.702s] Level 1:colcon.colcon_core.package_identification:_identify(.) by extension 'ignore'
[0.702s] Level 1:colcon.colcon_core.package_identification:_identify(.) by extension 'ignore_ament_install'
[0.702s] Level 1:colcon.colcon_core.package_identification:_identify(.) by extensions ['colcon_pkg']
[0.702s] Level 1:colcon.colcon_core.package_identification:_identify(.) by extension 'colcon_pkg'
[0.702s] Level 1:colcon.colcon_core.package_identification:_identify(.) by extensions ['colcon_meta']
[0.702s] Level 1:colcon.colcon_core.package_identification:_identify(.) by extension 'colcon_meta'
[0.702s] Level 1:colcon.colcon_core.package_identification:_identify(.) by extensions ['ros']
[0.702s] Level 1:colcon.colcon_core.package_identification:_identify(.) by extension 'ros'
[0.716s] Level 1:colcon.colcon_core.package_identification:_identify(.) by extensions ['cmake', 'python']
[0.716s] Level 1:colcon.colcon_core.package_identification:_identify(.) by extension 'cmake'
[0.716s] Level 1:colcon.colcon_core.package_identification:_identify(.) by extension 'python'
[0.716s] Level 1:colcon.colcon_core.package_identification:_identify(.) by extensions ['python_setup_py']
[0.716s] Level 1:colcon.colcon_core.package_identification:_identify(.) by extension 'python_setup_py'
[0.717s] Level 1:colcon.colcon_core.package_identification:_identify(build) by extensions ['ignore', 'ignore_ament_install']
[0.717s] Level 1:colcon.colcon_core.package_identification:_identify(build) by extension 'ignore'
[0.717s] Level 1:colcon.colcon_core.package_identification:_identify(build) ignored
[0.717s] Level 1:colcon.colcon_core.package_identification:_identify(ejemplos_codigo) by extensions ['ignore', 'ignore_ament_install']
[0.717s] Level 1:colcon.colcon_core.package_identification:_identify(ejemplos_codigo) by extension 'ignore'
[0.717s] Level 1:colcon.colcon_core.package_identification:_identify(ejemplos_codigo) by extension 'ignore_ament_install'
[0.717s] Level 1:colcon.colcon_core.package_identification:_identify(ejemplos_codigo) by extensions ['colcon_pkg']
[0.717s] Level 1:colcon.colcon_core.package_identification:_identify(ejemplos_codigo) by extension 'colcon_pkg'
[0.717s] Level 1:colcon.colcon_core.package_identification:_identify(ejemplos_codigo) by extensions ['colcon_meta']
[0.717s] Level 1:colcon.colcon_core.package_identification:_identify(ejemplos_codigo) by extension 'colcon_meta'
[0.717s] Level 1:colcon.colcon_core.package_identification:_identify(ejemplos_codigo) by extensions ['ros']
[0.717s] Level 1:colcon.colcon_core.package_identification:_identify(ejemplos_codigo) by extension 'ros'
[0.717s] Level 1:colcon.colcon_core.package_identification:_identify(ejemplos_codigo) by extensions ['cmake', 'python']
[0.717s] Level 1:colcon.colcon_core.package_identification:_identify(ejemplos_codigo) by extension 'cmake'
[0.717s] Level 1:colcon.colcon_core.package_identification:_identify(ejemplos_codigo) by extension 'python'
[0.717s] Level 1:colcon.colcon_core.package_identification:_identify(ejemplos_codigo) by extensions ['python_setup_py']
[0.717s] Level 1:colcon.colcon_core.package_identification:_identify(ejemplos_codigo) by extension 'python_setup_py'
[0.717s] Level 1:colcon.colcon_core.package_identification:_identify(install) by extensions ['ignore', 'ignore_ament_install']
[0.717s] Level 1:colcon.colcon_core.package_identification:_identify(install) by extension 'ignore'
[0.717s] Level 1:colcon.colcon_core.package_identification:_identify(install) ignored
[0.717s] Level 1:colcon.colcon_core.package_identification:_identify(log) by extensions ['ignore', 'ignore_ament_install']
[0.717s] Level 1:colcon.colcon_core.package_identification:_identify(log) by extension 'ignore'
[0.717s] Level 1:colcon.colcon_core.package_identification:_identify(log) ignored
[0.718s] Level 1:colcon.colcon_core.package_identification:_identify(src) by extensions ['ignore', 'ignore_ament_install']
[0.718s] Level 1:colcon.colcon_core.package_identification:_identify(src) by extension 'ignore'
[0.718s] Level 1:colcon.colcon_core.package_identification:_identify(src) by extension 'ignore_ament_install'
[0.718s] Level 1:colcon.colcon_core.package_identification:_identify(src) by extensions ['colcon_pkg']
[0.718s] Level 1:colcon.colcon_core.package_identification:_identify(src) by extension 'colcon_pkg'
[0.718s] Level 1:colcon.colcon_core.package_identification:_identify(src) by extensions ['colcon_meta']
[0.718s] Level 1:colcon.colcon_core.package_identification:_identify(src) by extension 'colcon_meta'
[0.718s] Level 1:colcon.colcon_core.package_identification:_identify(src) by extensions ['ros']
[0.718s] Level 1:colcon.colcon_core.package_identification:_identify(src) by extension 'ros'
[0.718s] Level 1:colcon.colcon_core.package_identification:_identify(src) by extensions ['cmake', 'python']
[0.718s] Level 1:colcon.colcon_core.package_identification:_identify(src) by extension 'cmake'
[0.718s] Level 1:colcon.colcon_core.package_identification:_identify(src) by extension 'python'
[0.718s] Level 1:colcon.colcon_core.package_identification:_identify(src) by extensions ['python_setup_py']
[0.718s] Level 1:colcon.colcon_core.package_identification:_identify(src) by extension 'python_setup_py'
[0.718s] Level 1:colcon.colcon_core.package_identification:_identify(src/build) by extensions ['ignore', 'ignore_ament_install']
[0.718s] Level 1:colcon.colcon_core.package_identification:_identify(src/build) by extension 'ignore'
[0.718s] Level 1:colcon.colcon_core.package_identification:_identify(src/build) ignored
[0.718s] Level 1:colcon.colcon_core.package_identification:_identify(src/install) by extensions ['ignore', 'ignore_ament_install']
[0.718s] Level 1:colcon.colcon_core.package_identification:_identify(src/install) by extension 'ignore'
[0.718s] Level 1:colcon.colcon_core.package_identification:_identify(src/install) ignored
[0.718s] Level 1:colcon.colcon_core.package_identification:_identify(src/log) by extensions ['ignore', 'ignore_ament_install']
[0.718s] Level 1:colcon.colcon_core.package_identification:_identify(src/log) by extension 'ignore'
[0.718s] Level 1:colcon.colcon_core.package_identification:_identify(src/log) ignored
[0.718s] Level 1:colcon.colcon_core.package_identification:_identify(src/truck_positioning) by extensions ['ignore', 'ignore_ament_install']
[0.718s] Level 1:colcon.colcon_core.package_identification:_identify(src/truck_positioning) by extension 'ignore'
[0.718s] Level 1:colcon.colcon_core.package_identification:_identify(src/truck_positioning) by extension 'ignore_ament_install'
[0.718s] Level 1:colcon.colcon_core.package_identification:_identify(src/truck_positioning) by extensions ['colcon_pkg']
[0.718s] Level 1:colcon.colcon_core.package_identification:_identify(src/truck_positioning) by extension 'colcon_pkg'
[0.718s] Level 1:colcon.colcon_core.package_identification:_identify(src/truck_positioning) by extensions ['colcon_meta']
[0.718s] Level 1:colcon.colcon_core.package_identification:_identify(src/truck_positioning) by extension 'colcon_meta'
[0.718s] Level 1:colcon.colcon_core.package_identification:_identify(src/truck_positioning) by extensions ['ros']
[0.719s] Level 1:colcon.colcon_core.package_identification:_identify(src/truck_positioning) by extension 'ros'
[0.724s] DEBUG:colcon.colcon_core.package_identification:Package 'src/truck_positioning' with type 'ros.ament_python' and name 'truck_positioning'
[0.724s] Level 1:colcon.colcon_core.package_discovery:discover_packages(recursive) using defaults
[0.724s] Level 1:colcon.colcon_core.package_discovery:discover_packages(ignore) discover
[0.724s] Level 1:colcon.colcon_core.package_discovery:discover_packages(ignore) using defaults
[0.724s] Level 1:colcon.colcon_core.package_discovery:discover_packages(path) discover
[0.724s] Level 1:colcon.colcon_core.package_discovery:discover_packages(path) using defaults
[0.790s] Level 1:colcon.colcon_core.package_discovery:discover_packages(prefix_path) check parameters
[0.790s] Level 1:colcon.colcon_core.package_discovery:discover_packages(prefix_path) discover
[0.795s] Level 1:colcon.colcon_core.package_discovery:discover_packages(prefix_path) using defaults
[0.800s] Level 5:colcon.colcon_core.verb:set package 'truck_positioning' build argument 'cmake_args' from command line to 'None'
[0.801s] Level 5:colcon.colcon_core.verb:set package 'truck_positioning' build argument 'cmake_target' from command line to 'None'
[0.801s] Level 5:colcon.colcon_core.verb:set package 'truck_positioning' build argument 'cmake_target_skip_unavailable' from command line to 'False'
[0.801s] Level 5:colcon.colcon_core.verb:set package 'truck_positioning' build argument 'cmake_clean_cache' from command line to 'False'
[0.801s] Level 5:colcon.colcon_core.verb:set package 'truck_positioning' build argument 'cmake_clean_first' from command line to 'False'
[0.801s] Level 5:colcon.colcon_core.verb:set package 'truck_positioning' build argument 'cmake_force_configure' from command line to 'False'
[0.801s] Level 5:colcon.colcon_core.verb:set package 'truck_positioning' build argument 'ament_cmake_args' from command line to 'None'
[0.801s] Level 5:colcon.colcon_core.verb:set package 'truck_positioning' build argument 'catkin_cmake_args' from command line to 'None'
[0.801s] Level 5:colcon.colcon_core.verb:set package 'truck_positioning' build argument 'catkin_skip_building_tests' from command line to 'False'
[0.801s] DEBUG:colcon.colcon_core.verb:Building package 'truck_positioning' with the following arguments: {'ament_cmake_args': None, 'build_base': '/home/sick/Documents/GitHub/ProyectoROS/build/truck_positioning', 'catkin_cmake_args': None, 'catkin_skip_building_tests': False, 'cmake_args': None, 'cmake_clean_cache': False, 'cmake_clean_first': False, 'cmake_force_configure': False, 'cmake_target': None, 'cmake_target_skip_unavailable': False, 'install_base': '/home/sick/Documents/GitHub/ProyectoROS/install/truck_positioning', 'merge_install': False, 'path': '/home/sick/Documents/GitHub/ProyectoROS/src/truck_positioning', 'symlink_install': True, 'test_result_base': None}
[0.801s] INFO:colcon.colcon_core.executor:Executing jobs using 'parallel' executor
[0.803s] DEBUG:colcon.colcon_parallel_executor.executor.parallel:run_until_complete
[0.803s] INFO:colcon.colcon_ros.task.ament_python.build:Building ROS package in '/home/sick/Documents/GitHub/ProyectoROS/src/truck_positioning' with build type 'ament_python'
[0.803s] Level 1:colcon.colcon_core.shell:create_environment_hook('truck_positioning', 'ament_prefix_path')
[0.818s] INFO:colcon.colcon_core.plugin_system:Skipping extension 'colcon_core.shell.bat': Not used on non-Windows systems
[0.818s] INFO:colcon.colcon_core.shell:Creating environment hook '/home/sick/Documents/GitHub/ProyectoROS/install/truck_positioning/share/truck_positioning/hook/ament_prefix_path.ps1'
[0.821s] INFO:colcon.colcon_core.shell:Creating environment descriptor '/home/sick/Documents/GitHub/ProyectoROS/install/truck_positioning/share/truck_positioning/hook/ament_prefix_path.dsv'
[0.823s] INFO:colcon.colcon_core.shell:Creating environment hook '/home/sick/Documents/GitHub/ProyectoROS/install/truck_positioning/share/truck_positioning/hook/ament_prefix_path.sh'
[0.825s] INFO:colcon.colcon_core.shell:Skip shell extension 'powershell' for command environment: Not usable outside of PowerShell
[0.825s] DEBUG:colcon.colcon_core.shell:Skip shell extension 'dsv' for command environment
[1.064s] INFO:colcon.colcon_core.task.python.build:Building Python package in '/home/sick/Documents/GitHub/ProyectoROS/src/truck_positioning'
[1.066s] INFO:colcon.colcon_core.shell:Skip shell extension 'powershell' for command environment: Not usable outside of PowerShell
[1.066s] DEBUG:colcon.colcon_core.shell:Skip shell extension 'dsv' for command environment
[1.626s] DEBUG:colcon.colcon_core.event_handler.log_command:Invoking command in '/home/sick/Documents/GitHub/ProyectoROS/build/truck_positioning': PYTHONPATH=/home/sick/Documents/GitHub/ProyectoROS/build/truck_positioning/prefix_override:/usr/lib/python3/dist-packages/colcon_core/task/python/colcon_distutils_commands:/home/sick/Documents/GitHub/ProyectoROS/install/truck_positioning/lib/python3.10/site-packages: /usr/bin/python3 -W ignore:setup.py install is deprecated -W ignore:easy_install command is deprecated setup.py develop --editable --build-directory /home/sick/Documents/GitHub/ProyectoROS/build/truck_positioning/build --no-deps symlink_data
[2.002s] Level 1:colcon.colcon_core.shell:create_environment_hook('truck_positioning', 'pythonpath_develop')
[2.002s] DEBUG:colcon.colcon_core.event_handler.log_command:Invoked command in '/home/sick/Documents/GitHub/ProyectoROS/build/truck_positioning' returned '0': PYTHONPATH=/home/sick/Documents/GitHub/ProyectoROS/build/truck_positioning/prefix_override:/usr/lib/python3/dist-packages/colcon_core/task/python/colcon_distutils_commands:/home/sick/Documents/GitHub/ProyectoROS/install/truck_positioning/lib/python3.10/site-packages: /usr/bin/python3 -W ignore:setup.py install is deprecated -W ignore:easy_install command is deprecated setup.py develop --editable --build-directory /home/sick/Documents/GitHub/ProyectoROS/build/truck_positioning/build --no-deps symlink_data
[2.003s] INFO:colcon.colcon_core.shell:Creating environment hook '/home/sick/Documents/GitHub/ProyectoROS/build/truck_positioning/share/truck_positioning/hook/pythonpath_develop.ps1'
[2.004s] INFO:colcon.colcon_core.shell:Creating environment descriptor '/home/sick/Documents/GitHub/ProyectoROS/build/truck_positioning/share/truck_positioning/hook/pythonpath_develop.dsv'
[2.005s] INFO:colcon.colcon_core.shell:Creating environment hook '/home/sick/Documents/GitHub/ProyectoROS/build/truck_positioning/share/truck_positioning/hook/pythonpath_develop.sh'
[2.026s] Level 1:colcon.colcon_core.environment:checking '/home/sick/Documents/GitHub/ProyectoROS/install/truck_positioning' for CMake module files
[2.027s] Level 1:colcon.colcon_core.environment:checking '/home/sick/Documents/GitHub/ProyectoROS/install/truck_positioning' for CMake config files
[2.028s] Level 1:colcon.colcon_core.environment:checking '/home/sick/Documents/GitHub/ProyectoROS/install/truck_positioning/lib'
[2.028s] Level 1:colcon.colcon_core.environment:checking '/home/sick/Documents/GitHub/ProyectoROS/install/truck_positioning/bin'
[2.028s] Level 1:colcon.colcon_core.environment:checking '/home/sick/Documents/GitHub/ProyectoROS/install/truck_positioning/lib/pkgconfig/truck_positioning.pc'
[2.028s] Level 1:colcon.colcon_core.environment:checking '/home/sick/Documents/GitHub/ProyectoROS/install/truck_positioning/lib/python3.10/site-packages'
[2.028s] Level 1:colcon.colcon_core.shell:create_environment_hook('truck_positioning', 'pythonpath')
[2.028s] INFO:colcon.colcon_core.shell:Creating environment hook '/home/sick/Documents/GitHub/ProyectoROS/install/truck_positioning/share/truck_positioning/hook/pythonpath.ps1'
[2.029s] INFO:colcon.colcon_core.shell:Creating environment descriptor '/home/sick/Documents/GitHub/ProyectoROS/install/truck_positioning/share/truck_positioning/hook/pythonpath.dsv'
[2.030s] INFO:colcon.colcon_core.shell:Creating environment hook '/home/sick/Documents/GitHub/ProyectoROS/install/truck_positioning/share/truck_positioning/hook/pythonpath.sh'
[2.031s] Level 1:colcon.colcon_core.environment:checking '/home/sick/Documents/GitHub/ProyectoROS/install/truck_positioning/bin'
[2.031s] Level 1:colcon.colcon_core.environment:create_environment_scripts_only(truck_positioning)
[2.031s] INFO:colcon.colcon_core.shell:Creating package script '/home/sick/Documents/GitHub/ProyectoROS/install/truck_positioning/share/truck_positioning/package.ps1'
[2.033s] INFO:colcon.colcon_core.shell:Creating package descriptor '/home/sick/Documents/GitHub/ProyectoROS/install/truck_positioning/share/truck_positioning/package.dsv'
[2.035s] INFO:colcon.colcon_core.shell:Creating package script '/home/sick/Documents/GitHub/ProyectoROS/install/truck_positioning/share/truck_positioning/package.sh'
[2.037s] INFO:colcon.colcon_core.shell:Creating package script '/home/sick/Documents/GitHub/ProyectoROS/install/truck_positioning/share/truck_positioning/package.bash'
[2.039s] INFO:colcon.colcon_core.shell:Creating package script '/home/sick/Documents/GitHub/ProyectoROS/install/truck_positioning/share/truck_positioning/package.zsh'
[2.042s] Level 1:colcon.colcon_core.environment:create_file_with_runtime_dependencies(/home/sick/Documents/GitHub/ProyectoROS/install/truck_positioning/share/colcon-core/packages/truck_positioning)
[2.043s] DEBUG:colcon.colcon_parallel_executor.executor.parallel:closing loop
[2.044s] DEBUG:colcon.colcon_parallel_executor.executor.parallel:loop closed
[2.044s] DEBUG:colcon.colcon_parallel_executor.executor.parallel:run_until_complete finished with '0'
[2.045s] DEBUG:colcon.colcon_core.event_reactor:joining thread
[2.056s] INFO:colcon.colcon_core.plugin_system:Skipping extension 'colcon_notification.desktop_notification.terminal_notifier': Not used on non-Darwin systems
[2.056s] INFO:colcon.colcon_core.plugin_system:Skipping extension 'colcon_notification.desktop_notification.win32': Not used on non-Windows systems
[2.056s] INFO:colcon.colcon_notification.desktop_notification:Sending desktop notification using 'notify2'
[2.091s] DEBUG:colcon.colcon_core.event_reactor:joined thread
[2.091s] INFO:colcon.colcon_core.shell:Creating prefix script '/home/sick/Documents/GitHub/ProyectoROS/install/local_setup.ps1'
[2.094s] INFO:colcon.colcon_core.shell:Creating prefix util module '/home/sick/Documents/GitHub/ProyectoROS/install/_local_setup_util_ps1.py'
[2.098s] INFO:colcon.colcon_core.shell:Creating prefix chain script '/home/sick/Documents/GitHub/ProyectoROS/install/setup.ps1'
[2.100s] INFO:colcon.colcon_core.shell:Creating prefix script '/home/sick/Documents/GitHub/ProyectoROS/install/local_setup.sh'
[2.102s] INFO:colcon.colcon_core.shell:Creating prefix util module '/home/sick/Documents/GitHub/ProyectoROS/install/_local_setup_util_sh.py'
[2.103s] INFO:colcon.colcon_core.shell:Creating prefix chain script '/home/sick/Documents/GitHub/ProyectoROS/install/setup.sh'
[2.105s] INFO:colcon.colcon_core.shell:Creating prefix script '/home/sick/Documents/GitHub/ProyectoROS/install/local_setup.bash'
[2.107s] INFO:colcon.colcon_core.shell:Creating prefix chain script '/home/sick/Documents/GitHub/ProyectoROS/install/setup.bash'
[2.109s] INFO:colcon.colcon_core.shell:Creating prefix script '/home/sick/Documents/GitHub/ProyectoROS/install/local_setup.zsh'
[2.111s] INFO:colcon.colcon_core.shell:Creating prefix chain script '/home/sick/Documents/GitHub/ProyectoROS/install/setup.zsh'
