[1.770s] Invoking command in '/home/sick/Documents/Proyecto/ProyectoROS/src/truck_positioning': PYTHONPATH=/home/sick/Documents/Proyecto/ProyectoROS/build/truck_positioning/prefix_override:/usr/lib/python3/dist-packages/colcon_core/task/python/colcon_distutils_commands:/home/sick/Documents/Proyecto/ProyectoROS/install/truck_positioning/lib/python3.10/site-packages:${PYTHONPATH} /usr/bin/python3 -W ignore:setup.py install is deprecated -W ignore:easy_install command is deprecated setup.py egg_info --egg-base ../../build/truck_positioning build --build-base /home/sick/Documents/Proyecto/ProyectoROS/build/truck_positioning/build install --record /home/sick/Documents/Proyecto/ProyectoROS/build/truck_positioning/install.log --single-version-externally-managed install_data
[2.274s] running egg_info
[2.275s] writing ../../build/truck_positioning/truck_positioning.egg-info/PKG-INFO
[2.286s] writing dependency_links to ../../build/truck_positioning/truck_positioning.egg-info/dependency_links.txt
[2.286s] writing entry points to ../../build/truck_positioning/truck_positioning.egg-info/entry_points.txt
[2.286s] writing requirements to ../../build/truck_positioning/truck_positioning.egg-info/requires.txt
[2.286s] writing top-level names to ../../build/truck_positioning/truck_positioning.egg-info/top_level.txt
[2.299s] reading manifest file '../../build/truck_positioning/truck_positioning.egg-info/SOURCES.txt'
[2.299s] writing manifest file '../../build/truck_positioning/truck_positioning.egg-info/SOURCES.txt'
[2.300s] running build
[2.301s] running build_py
[2.301s] copying truck_positioning/cliente_API.py -> /home/sick/Documents/Proyecto/ProyectoROS/build/truck_positioning/build/lib/truck_positioning
[2.305s] running install
[2.307s] running install_lib
[2.310s] copying /home/sick/Documents/Proyecto/ProyectoROS/build/truck_positioning/build/lib/truck_positioning/cliente_API.py -> /home/sick/Documents/Proyecto/ProyectoROS/install/truck_positioning/lib/python3.10/site-packages/truck_positioning
[2.311s] byte-compiling /home/sick/Documents/Proyecto/ProyectoROS/install/truck_positioning/lib/python3.10/site-packages/truck_positioning/cliente_API.py to cliente_API.cpython-310.pyc
[2.316s] running install_data
[2.316s] running install_egg_info
[2.322s] removing '/home/sick/Documents/Proyecto/ProyectoROS/install/truck_positioning/lib/python3.10/site-packages/truck_positioning-0.0.0-py3.10.egg-info' (and everything under it)
[2.326s] Copying ../../build/truck_positioning/truck_positioning.egg-info to /home/sick/Documents/Proyecto/ProyectoROS/install/truck_positioning/lib/python3.10/site-packages/truck_positioning-0.0.0-py3.10.egg-info
[2.329s] running install_scripts
[2.392s] Installing cliente_API script to /home/sick/Documents/Proyecto/ProyectoROS/install/truck_positioning/lib/truck_positioning
[2.392s] Installing lector script to /home/sick/Documents/Proyecto/ProyectoROS/install/truck_positioning/lib/truck_positioning
[2.394s] Installing logic_node script to /home/sick/Documents/Proyecto/ProyectoROS/install/truck_positioning/lib/truck_positioning
[2.395s] Installing sub_BD script to /home/sick/Documents/Proyecto/ProyectoROS/install/truck_positioning/lib/truck_positioning
[2.398s] writing list of installed files to '/home/sick/Documents/Proyecto/ProyectoROS/build/truck_positioning/install.log'
[2.442s] Invoked command in '/home/sick/Documents/Proyecto/ProyectoROS/src/truck_positioning' returned '0': PYTHONPATH=/home/sick/Documents/Proyecto/ProyectoROS/build/truck_positioning/prefix_override:/usr/lib/python3/dist-packages/colcon_core/task/python/colcon_distutils_commands:/home/sick/Documents/Proyecto/ProyectoROS/install/truck_positioning/lib/python3.10/site-packages:${PYTHONPATH} /usr/bin/python3 -W ignore:setup.py install is deprecated -W ignore:easy_install command is deprecated setup.py egg_info --egg-base ../../build/truck_positioning build --build-base /home/sick/Documents/Proyecto/ProyectoROS/build/truck_positioning/build install --record /home/sick/Documents/Proyecto/ProyectoROS/build/truck_positioning/install.log --single-version-externally-managed install_data
