[0.763s] Invoking command in '/home/sick/Documents/GitHub/ProyectoROS/src/truck_positioning': PYTHONPATH=/home/sick/Documents/GitHub/ProyectoROS/build/truck_positioning/prefix_override:/usr/lib/python3/dist-packages/colcon_core/task/python/colcon_distutils_commands:/home/sick/Documents/GitHub/ProyectoROS/install/truck_positioning/lib/python3.10/site-packages: /usr/bin/python3 -W ignore:setup.py install is deprecated -W ignore:easy_install command is deprecated setup.py egg_info --egg-base ../../build/truck_positioning build --build-base /home/sick/Documents/GitHub/ProyectoROS/build/truck_positioning/build install --record /home/sick/Documents/GitHub/ProyectoROS/build/truck_positioning/install.log --single-version-externally-managed install_data
[1.098s] running egg_info
[1.098s] writing ../../build/truck_positioning/truck_positioning.egg-info/PKG-INFO
[1.098s] writing dependency_links to ../../build/truck_positioning/truck_positioning.egg-info/dependency_links.txt
[1.099s] writing entry points to ../../build/truck_positioning/truck_positioning.egg-info/entry_points.txt
[1.099s] writing requirements to ../../build/truck_positioning/truck_positioning.egg-info/requires.txt
[1.100s] writing top-level names to ../../build/truck_positioning/truck_positioning.egg-info/top_level.txt
[1.102s] reading manifest file '../../build/truck_positioning/truck_positioning.egg-info/SOURCES.txt'
[1.103s] writing manifest file '../../build/truck_positioning/truck_positioning.egg-info/SOURCES.txt'
[1.103s] running build
[1.104s] running build_py
[1.104s] running install
[1.105s] running install_lib
[1.106s] running install_data
[1.106s] running install_egg_info
[1.111s] removing '/home/sick/Documents/GitHub/ProyectoROS/install/truck_positioning/lib/python3.10/site-packages/truck_positioning-0.0.0-py3.10.egg-info' (and everything under it)
[1.111s] Copying ../../build/truck_positioning/truck_positioning.egg-info to /home/sick/Documents/GitHub/ProyectoROS/install/truck_positioning/lib/python3.10/site-packages/truck_positioning-0.0.0-py3.10.egg-info
[1.111s] running install_scripts
[1.129s] Installing lector script to /home/sick/Documents/GitHub/ProyectoROS/install/truck_positioning/lib/truck_positioning
[1.131s] Installing logic_node script to /home/sick/Documents/GitHub/ProyectoROS/install/truck_positioning/lib/truck_positioning
[1.134s] writing list of installed files to '/home/sick/Documents/GitHub/ProyectoROS/build/truck_positioning/install.log'
[1.172s] Invoked command in '/home/sick/Documents/GitHub/ProyectoROS/src/truck_positioning' returned '0': PYTHONPATH=/home/sick/Documents/GitHub/ProyectoROS/build/truck_positioning/prefix_override:/usr/lib/python3/dist-packages/colcon_core/task/python/colcon_distutils_commands:/home/sick/Documents/GitHub/ProyectoROS/install/truck_positioning/lib/python3.10/site-packages: /usr/bin/python3 -W ignore:setup.py install is deprecated -W ignore:easy_install command is deprecated setup.py egg_info --egg-base ../../build/truck_positioning build --build-base /home/sick/Documents/GitHub/ProyectoROS/build/truck_positioning/build install --record /home/sick/Documents/GitHub/ProyectoROS/build/truck_positioning/install.log --single-version-externally-managed install_data
