[0.622s] Invoking command in '/home/nuc/Documentos/GitHub/ProyectoROS/src/truck_positioning': PYTHONPATH=/home/nuc/Documentos/GitHub/ProyectoROS/build/truck_positioning/prefix_override:/usr/lib/python3/dist-packages/colcon_core/task/python/colcon_distutils_commands:/home/nuc/Documentos/GitHub/ProyectoROS/install/truck_positioning/lib/python3.10/site-packages:${PYTHONPATH} /usr/bin/python3 -W ignore:setup.py install is deprecated -W ignore:easy_install command is deprecated setup.py egg_info --egg-base ../../build/truck_positioning build --build-base /home/nuc/Documentos/GitHub/ProyectoROS/build/truck_positioning/build install --record /home/nuc/Documentos/GitHub/ProyectoROS/build/truck_positioning/install.log --single-version-externally-managed install_data
[0.873s] running egg_info
[0.889s] writing ../../build/truck_positioning/truck_positioning.egg-info/PKG-INFO
[0.890s] writing dependency_links to ../../build/truck_positioning/truck_positioning.egg-info/dependency_links.txt
[0.890s] writing entry points to ../../build/truck_positioning/truck_positioning.egg-info/entry_points.txt
[0.891s] writing requirements to ../../build/truck_positioning/truck_positioning.egg-info/requires.txt
[0.891s] writing top-level names to ../../build/truck_positioning/truck_positioning.egg-info/top_level.txt
[0.926s] reading manifest file '../../build/truck_positioning/truck_positioning.egg-info/SOURCES.txt'
[0.928s] writing manifest file '../../build/truck_positioning/truck_positioning.egg-info/SOURCES.txt'
[0.928s] running build
[0.928s] running build_py
[0.929s] copying truck_positioning/simple_truck_sim.py -> /home/nuc/Documentos/GitHub/ProyectoROS/build/truck_positioning/build/lib/truck_positioning
[0.929s] copying truck_positioning/sub_BD.py -> /home/nuc/Documentos/GitHub/ProyectoROS/build/truck_positioning/build/lib/truck_positioning
[0.929s] copying truck_positioning/ejemplo.py -> /home/nuc/Documentos/GitHub/ProyectoROS/build/truck_positioning/build/lib/truck_positioning
[0.929s] copying truck_positioning/visualizador_amarillo.py -> /home/nuc/Documentos/GitHub/ProyectoROS/build/truck_positioning/build/lib/truck_positioning
[0.929s] copying truck_positioning/logic_node.py -> /home/nuc/Documentos/GitHub/ProyectoROS/build/truck_positioning/build/lib/truck_positioning
[0.930s] copying truck_positioning/visualizador_propio.py -> /home/nuc/Documentos/GitHub/ProyectoROS/build/truck_positioning/build/lib/truck_positioning
[0.930s] copying truck_positioning/monitor_dual.py -> /home/nuc/Documentos/GitHub/ProyectoROS/build/truck_positioning/build/lib/truck_positioning
[0.930s] copying truck_positioning/visualizador_perfil.py -> /home/nuc/Documentos/GitHub/ProyectoROS/build/truck_positioning/build/lib/truck_positioning
[0.931s] copying truck_positioning/calculador_distancia.py -> /home/nuc/Documentos/GitHub/ProyectoROS/build/truck_positioning/build/lib/truck_positioning
[0.931s] copying truck_positioning/cliente_API.py -> /home/nuc/Documentos/GitHub/ProyectoROS/build/truck_positioning/build/lib/truck_positioning
[0.931s] copying truck_positioning/interfaz_camion.py -> /home/nuc/Documentos/GitHub/ProyectoROS/build/truck_positioning/build/lib/truck_positioning
[0.931s] copying truck_positioning/__init__.py -> /home/nuc/Documentos/GitHub/ProyectoROS/build/truck_positioning/build/lib/truck_positioning
[0.932s] running install
[0.936s] running install_lib
[0.953s] running install_data
[0.953s] copying resource/truck_positioning -> /home/nuc/Documentos/GitHub/ProyectoROS/install/truck_positioning/share/ament_index/resource_index/packages
[0.954s] copying package.xml -> /home/nuc/Documentos/GitHub/ProyectoROS/install/truck_positioning/share/truck_positioning
[0.954s] copying launch/visualizador_perfil.py.launch.py -> /home/nuc/Documentos/GitHub/ProyectoROS/install/truck_positioning/share/truck_positioning/launch
[0.954s] copying launch/sensores_tf.launch.py -> /home/nuc/Documentos/GitHub/ProyectoROS/install/truck_positioning/share/truck_positioning/launch
[0.954s] copying launch/sensor_antiguo.launch.py -> /home/nuc/Documentos/GitHub/ProyectoROS/install/truck_positioning/share/truck_positioning/launch
[0.955s] copying launch/sensor_longitudinal.launch.py -> /home/nuc/Documentos/GitHub/ProyectoROS/install/truck_positioning/share/truck_positioning/launch
[0.955s] copying launch/sistema_completo.launch.py -> /home/nuc/Documentos/GitHub/ProyectoROS/install/truck_positioning/share/truck_positioning/launch
[0.955s] copying urdf/camion.urdf -> /home/nuc/Documentos/GitHub/ProyectoROS/install/truck_positioning/share/truck_positioning/urdf
[0.955s] running install_egg_info
[0.974s] removing '/home/nuc/Documentos/GitHub/ProyectoROS/install/truck_positioning/lib/python3.10/site-packages/truck_positioning-0.0.0-py3.10.egg-info' (and everything under it)
[0.974s] Copying ../../build/truck_positioning/truck_positioning.egg-info to /home/nuc/Documentos/GitHub/ProyectoROS/install/truck_positioning/lib/python3.10/site-packages/truck_positioning-0.0.0-py3.10.egg-info
[0.975s] running install_scripts
[1.009s] Installing calculador_distancia script to /home/nuc/Documentos/GitHub/ProyectoROS/install/truck_positioning/lib/truck_positioning
[1.009s] Installing camion_3D script to /home/nuc/Documentos/GitHub/ProyectoROS/install/truck_positioning/lib/truck_positioning
[1.009s] Installing cliente_API script to /home/nuc/Documentos/GitHub/ProyectoROS/install/truck_positioning/lib/truck_positioning
[1.009s] Installing interfaz_camion script to /home/nuc/Documentos/GitHub/ProyectoROS/install/truck_positioning/lib/truck_positioning
[1.010s] Installing lector script to /home/nuc/Documentos/GitHub/ProyectoROS/install/truck_positioning/lib/truck_positioning
[1.010s] Installing logic_node script to /home/nuc/Documentos/GitHub/ProyectoROS/install/truck_positioning/lib/truck_positioning
[1.010s] Installing monitor_dual script to /home/nuc/Documentos/GitHub/ProyectoROS/install/truck_positioning/lib/truck_positioning
[1.010s] Installing simple_truck_sim script to /home/nuc/Documentos/GitHub/ProyectoROS/install/truck_positioning/lib/truck_positioning
[1.010s] Installing sub_BD script to /home/nuc/Documentos/GitHub/ProyectoROS/install/truck_positioning/lib/truck_positioning
[1.010s] Installing visualizador script to /home/nuc/Documentos/GitHub/ProyectoROS/install/truck_positioning/lib/truck_positioning
[1.010s] Installing visualizador_amarillo script to /home/nuc/Documentos/GitHub/ProyectoROS/install/truck_positioning/lib/truck_positioning
[1.011s] writing list of installed files to '/home/nuc/Documentos/GitHub/ProyectoROS/build/truck_positioning/install.log'
[1.038s] Invoked command in '/home/nuc/Documentos/GitHub/ProyectoROS/src/truck_positioning' returned '0': PYTHONPATH=/home/nuc/Documentos/GitHub/ProyectoROS/build/truck_positioning/prefix_override:/usr/lib/python3/dist-packages/colcon_core/task/python/colcon_distutils_commands:/home/nuc/Documentos/GitHub/ProyectoROS/install/truck_positioning/lib/python3.10/site-packages:${PYTHONPATH} /usr/bin/python3 -W ignore:setup.py install is deprecated -W ignore:easy_install command is deprecated setup.py egg_info --egg-base ../../build/truck_positioning build --build-base /home/nuc/Documentos/GitHub/ProyectoROS/build/truck_positioning/build install --record /home/nuc/Documentos/GitHub/ProyectoROS/build/truck_positioning/install.log --single-version-externally-managed install_data
