[0.690s] Invoking command in '/home/nuc/Documentos/GitHub/ProyectoROS/build/truck_positioning': PYTHONPATH=/home/nuc/Documentos/GitHub/ProyectoROS/build/truck_positioning/prefix_override:/usr/lib/python3/dist-packages/colcon_core/task/python/colcon_distutils_commands:/home/nuc/Documentos/GitHub/ProyectoROS/install/truck_positioning/lib/python3.10/site-packages:${PYTHONPATH} /usr/bin/python3 -W ignore:setup.py install is deprecated -W ignore:easy_install command is deprecated setup.py develop --editable --build-directory /home/nuc/Documentos/GitHub/ProyectoROS/build/truck_positioning/build --no-deps symlink_data
[1.058s] running develop
[1.217s] running egg_info
[1.217s] creating truck_positioning.egg-info
[1.217s] writing truck_positioning.egg-info/PKG-INFO
[1.217s] writing dependency_links to truck_positioning.egg-info/dependency_links.txt
[1.217s] writing entry points to truck_positioning.egg-info/entry_points.txt
[1.217s] writing requirements to truck_positioning.egg-info/requires.txt
[1.218s] writing top-level names to truck_positioning.egg-info/top_level.txt
[1.218s] writing manifest file 'truck_positioning.egg-info/SOURCES.txt'
[1.220s] reading manifest file 'truck_positioning.egg-info/SOURCES.txt'
[1.221s] writing manifest file 'truck_positioning.egg-info/SOURCES.txt'
[1.222s] running build_ext
[1.222s] Creating /home/nuc/Documentos/GitHub/ProyectoROS/install/truck_positioning/lib/python3.10/site-packages/truck-positioning.egg-link (link to .)
[1.223s] Installing calculador_distancia script to /home/nuc/Documentos/GitHub/ProyectoROS/install/truck_positioning/lib/truck_positioning
[1.223s] Installing interfaz_camion script to /home/nuc/Documentos/GitHub/ProyectoROS/install/truck_positioning/lib/truck_positioning
[1.223s] Installing lector script to /home/nuc/Documentos/GitHub/ProyectoROS/install/truck_positioning/lib/truck_positioning
[1.223s] Installing logic_node script to /home/nuc/Documentos/GitHub/ProyectoROS/install/truck_positioning/lib/truck_positioning
[1.223s] Installing monitor_dual script to /home/nuc/Documentos/GitHub/ProyectoROS/install/truck_positioning/lib/truck_positioning
[1.224s] Installing visualizador script to /home/nuc/Documentos/GitHub/ProyectoROS/install/truck_positioning/lib/truck_positioning
[1.224s] Installing visualizador_amarillo script to /home/nuc/Documentos/GitHub/ProyectoROS/install/truck_positioning/lib/truck_positioning
[1.224s] 
[1.224s] Installed /home/nuc/Documentos/GitHub/ProyectoROS/build/truck_positioning
[1.224s] running symlink_data
[1.224s] creating /home/nuc/Documentos/GitHub/ProyectoROS/install/truck_positioning/share/ament_index
[1.224s] creating /home/nuc/Documentos/GitHub/ProyectoROS/install/truck_positioning/share/ament_index/resource_index
[1.225s] creating /home/nuc/Documentos/GitHub/ProyectoROS/install/truck_positioning/share/ament_index/resource_index/packages
[1.225s] symbolically linking /home/nuc/Documentos/GitHub/ProyectoROS/build/truck_positioning/resource/truck_positioning -> /home/nuc/Documentos/GitHub/ProyectoROS/install/truck_positioning/share/ament_index/resource_index/packages
[1.225s] symbolically linking /home/nuc/Documentos/GitHub/ProyectoROS/build/truck_positioning/package.xml -> /home/nuc/Documentos/GitHub/ProyectoROS/install/truck_positioning/share/truck_positioning
[1.225s] creating /home/nuc/Documentos/GitHub/ProyectoROS/install/truck_positioning/share/truck_positioning/launch
[1.225s] symbolically linking /home/nuc/Documentos/GitHub/ProyectoROS/build/truck_positioning/launch/visualizador_perfil.py.launch.py -> /home/nuc/Documentos/GitHub/ProyectoROS/install/truck_positioning/share/truck_positioning/launch
[1.225s] symbolically linking /home/nuc/Documentos/GitHub/ProyectoROS/build/truck_positioning/launch/sensores_tf.launch.py -> /home/nuc/Documentos/GitHub/ProyectoROS/install/truck_positioning/share/truck_positioning/launch
[1.225s] symbolically linking /home/nuc/Documentos/GitHub/ProyectoROS/build/truck_positioning/launch/sensor_antiguo.launch.py -> /home/nuc/Documentos/GitHub/ProyectoROS/install/truck_positioning/share/truck_positioning/launch
[1.225s] symbolically linking /home/nuc/Documentos/GitHub/ProyectoROS/build/truck_positioning/launch/system.launch.py -> /home/nuc/Documentos/GitHub/ProyectoROS/install/truck_positioning/share/truck_positioning/launch
[1.225s] symbolically linking /home/nuc/Documentos/GitHub/ProyectoROS/build/truck_positioning/launch/sensor_longitudinal.launch.py -> /home/nuc/Documentos/GitHub/ProyectoROS/install/truck_positioning/share/truck_positioning/launch
[1.226s] symbolically linking /home/nuc/Documentos/GitHub/ProyectoROS/build/truck_positioning/launch/sistema_completo.launch.py -> /home/nuc/Documentos/GitHub/ProyectoROS/install/truck_positioning/share/truck_positioning/launch
[1.252s] Invoked command in '/home/nuc/Documentos/GitHub/ProyectoROS/build/truck_positioning' returned '0': PYTHONPATH=/home/nuc/Documentos/GitHub/ProyectoROS/build/truck_positioning/prefix_override:/usr/lib/python3/dist-packages/colcon_core/task/python/colcon_distutils_commands:/home/nuc/Documentos/GitHub/ProyectoROS/install/truck_positioning/lib/python3.10/site-packages:${PYTHONPATH} /usr/bin/python3 -W ignore:setup.py install is deprecated -W ignore:easy_install command is deprecated setup.py develop --editable --build-directory /home/nuc/Documentos/GitHub/ProyectoROS/build/truck_positioning/build --no-deps symlink_data
