[0.593s] Invoking command in '/home/nuc/Documentos/GitHub/ProyectoROS/build/truck_positioning': PYTHONPATH=/home/nuc/Documentos/GitHub/ProyectoROS/build/truck_positioning/prefix_override:/usr/lib/python3/dist-packages/colcon_core/task/python/colcon_distutils_commands:/home/nuc/Documentos/GitHub/ProyectoROS/install/truck_positioning/lib/python3.10/site-packages:${PYTHONPATH} /usr/bin/python3 -W ignore:setup.py install is deprecated -W ignore:easy_install command is deprecated setup.py develop --editable --build-directory /home/nuc/Documentos/GitHub/ProyectoROS/build/truck_positioning/build --no-deps symlink_data
[0.850s] running develop
[0.999s] running egg_info
[0.999s] creating truck_positioning.egg-info
[0.999s] writing truck_positioning.egg-info/PKG-INFO
[0.999s] writing dependency_links to truck_positioning.egg-info/dependency_links.txt
[0.999s] writing entry points to truck_positioning.egg-info/entry_points.txt
[0.999s] writing requirements to truck_positioning.egg-info/requires.txt
[1.000s] writing top-level names to truck_positioning.egg-info/top_level.txt
[1.000s] writing manifest file 'truck_positioning.egg-info/SOURCES.txt'
[1.002s] reading manifest file 'truck_positioning.egg-info/SOURCES.txt'
[1.003s] writing manifest file 'truck_positioning.egg-info/SOURCES.txt'
[1.004s] running build_ext
[1.004s] Creating /home/nuc/Documentos/GitHub/ProyectoROS/install/truck_positioning/lib/python3.10/site-packages/truck-positioning.egg-link (link to .)
[1.005s] Installing calculador_distancia script to /home/nuc/Documentos/GitHub/ProyectoROS/install/truck_positioning/lib/truck_positioning
[1.005s] Installing interfaz_camion script to /home/nuc/Documentos/GitHub/ProyectoROS/install/truck_positioning/lib/truck_positioning
[1.005s] Installing lector script to /home/nuc/Documentos/GitHub/ProyectoROS/install/truck_positioning/lib/truck_positioning
[1.006s] Installing logic_node script to /home/nuc/Documentos/GitHub/ProyectoROS/install/truck_positioning/lib/truck_positioning
[1.006s] Installing monitor_dual script to /home/nuc/Documentos/GitHub/ProyectoROS/install/truck_positioning/lib/truck_positioning
[1.006s] Installing visualizador script to /home/nuc/Documentos/GitHub/ProyectoROS/install/truck_positioning/lib/truck_positioning
[1.006s] Installing visualizador_amarillo script to /home/nuc/Documentos/GitHub/ProyectoROS/install/truck_positioning/lib/truck_positioning
[1.006s] 
[1.006s] Installed /home/nuc/Documentos/GitHub/ProyectoROS/build/truck_positioning
[1.007s] running symlink_data
[1.007s] creating /home/nuc/Documentos/GitHub/ProyectoROS/install/truck_positioning/share/ament_index
[1.007s] creating /home/nuc/Documentos/GitHub/ProyectoROS/install/truck_positioning/share/ament_index/resource_index
[1.007s] creating /home/nuc/Documentos/GitHub/ProyectoROS/install/truck_positioning/share/ament_index/resource_index/packages
[1.007s] symbolically linking /home/nuc/Documentos/GitHub/ProyectoROS/build/truck_positioning/resource/truck_positioning -> /home/nuc/Documentos/GitHub/ProyectoROS/install/truck_positioning/share/ament_index/resource_index/packages
[1.007s] symbolically linking /home/nuc/Documentos/GitHub/ProyectoROS/build/truck_positioning/package.xml -> /home/nuc/Documentos/GitHub/ProyectoROS/install/truck_positioning/share/truck_positioning
[1.007s] symbolically linking /home/nuc/Documentos/GitHub/ProyectoROS/build/truck_positioning/truck_positioning/visualizador_perfil.py.launch.py -> /home/nuc/Documentos/GitHub/ProyectoROS/install/truck_positioning/share/truck_positioning
[1.007s] symbolically linking /home/nuc/Documentos/GitHub/ProyectoROS/build/truck_positioning/truck_positioning/sensor_antiguo.launch.py -> /home/nuc/Documentos/GitHub/ProyectoROS/install/truck_positioning/share/truck_positioning
[1.008s] symbolically linking /home/nuc/Documentos/GitHub/ProyectoROS/build/truck_positioning/truck_positioning/sensor_longitudinal.launch.py -> /home/nuc/Documentos/GitHub/ProyectoROS/install/truck_positioning/share/truck_positioning
[1.008s] symbolically linking /home/nuc/Documentos/GitHub/ProyectoROS/build/truck_positioning/truck_positioning/sistema_completo.launch.py -> /home/nuc/Documentos/GitHub/ProyectoROS/install/truck_positioning/share/truck_positioning
[1.037s] Invoked command in '/home/nuc/Documentos/GitHub/ProyectoROS/build/truck_positioning' returned '0': PYTHONPATH=/home/nuc/Documentos/GitHub/ProyectoROS/build/truck_positioning/prefix_override:/usr/lib/python3/dist-packages/colcon_core/task/python/colcon_distutils_commands:/home/nuc/Documentos/GitHub/ProyectoROS/install/truck_positioning/lib/python3.10/site-packages:${PYTHONPATH} /usr/bin/python3 -W ignore:setup.py install is deprecated -W ignore:easy_install command is deprecated setup.py develop --editable --build-directory /home/nuc/Documentos/GitHub/ProyectoROS/build/truck_positioning/build --no-deps symlink_data
