[0.630s] Invoking command in '/home/nuc/Documentos/GitHub/ProyectoROS/src/truck_positioning': PYTHONPATH=/home/nuc/Documentos/GitHub/ProyectoROS/build/truck_positioning/prefix_override:/usr/lib/python3/dist-packages/colcon_core/task/python/colcon_distutils_commands:/home/nuc/Documentos/GitHub/ProyectoROS/install/truck_positioning/lib/python3.10/site-packages:${PYTHONPATH} /usr/bin/python3 -W ignore:setup.py install is deprecated -W ignore:easy_install command is deprecated setup.py egg_info --egg-base ../../build/truck_positioning build --build-base /home/nuc/Documentos/GitHub/ProyectoROS/build/truck_positioning/build install --record /home/nuc/Documentos/GitHub/ProyectoROS/build/truck_positioning/install.log --single-version-externally-managed install_data
[0.876s] running egg_info
[0.892s] writing ../../build/truck_positioning/truck_positioning.egg-info/PKG-INFO
[0.893s] writing dependency_links to ../../build/truck_positioning/truck_positioning.egg-info/dependency_links.txt
[0.893s] writing entry points to ../../build/truck_positioning/truck_positioning.egg-info/entry_points.txt
[0.894s] writing requirements to ../../build/truck_positioning/truck_positioning.egg-info/requires.txt
[0.894s] writing top-level names to ../../build/truck_positioning/truck_positioning.egg-info/top_level.txt
[0.927s] reading manifest file '../../build/truck_positioning/truck_positioning.egg-info/SOURCES.txt'
[0.930s] writing manifest file '../../build/truck_positioning/truck_positioning.egg-info/SOURCES.txt'
[0.930s] running build
[0.930s] running build_py
[0.930s] copying truck_positioning/simple_truck_sim.py -> /home/nuc/Documentos/GitHub/ProyectoROS/build/truck_positioning/build/lib/truck_positioning
[0.930s] copying truck_positioning/sub_BD.py -> /home/nuc/Documentos/GitHub/ProyectoROS/build/truck_positioning/build/lib/truck_positioning
[0.931s] copying truck_positioning/ejemplo.py -> /home/nuc/Documentos/GitHub/ProyectoROS/build/truck_positioning/build/lib/truck_positioning
[0.931s] copying truck_positioning/visualizador_amarillo.py -> /home/nuc/Documentos/GitHub/ProyectoROS/build/truck_positioning/build/lib/truck_positioning
[0.931s] copying truck_positioning/logic_node.py -> /home/nuc/Documentos/GitHub/ProyectoROS/build/truck_positioning/build/lib/truck_positioning
[0.931s] copying truck_positioning/visualizador_propio.py -> /home/nuc/Documentos/GitHub/ProyectoROS/build/truck_positioning/build/lib/truck_positioning
[0.932s] copying truck_positioning/monitor_dual.py -> /home/nuc/Documentos/GitHub/ProyectoROS/build/truck_positioning/build/lib/truck_positioning
[0.932s] copying truck_positioning/visualizador_perfil.py -> /home/nuc/Documentos/GitHub/ProyectoROS/build/truck_positioning/build/lib/truck_positioning
[0.932s] copying truck_positioning/open3d.py -> /home/nuc/Documentos/GitHub/ProyectoROS/build/truck_positioning/build/lib/truck_positioning
[0.933s] copying truck_positioning/calculador_distancia.py -> /home/nuc/Documentos/GitHub/ProyectoROS/build/truck_positioning/build/lib/truck_positioning
[0.933s] copying truck_positioning/cliente_API.py -> /home/nuc/Documentos/GitHub/ProyectoROS/build/truck_positioning/build/lib/truck_positioning
[0.933s] copying truck_positioning/interfaz_camion.py -> /home/nuc/Documentos/GitHub/ProyectoROS/build/truck_positioning/build/lib/truck_positioning
[0.933s] copying truck_positioning/__init__.py -> /home/nuc/Documentos/GitHub/ProyectoROS/build/truck_positioning/build/lib/truck_positioning
[0.934s] running install
[0.939s] running install_lib
[0.956s] copying /home/nuc/Documentos/GitHub/ProyectoROS/build/truck_positioning/build/lib/truck_positioning/open3d.py -> /home/nuc/Documentos/GitHub/ProyectoROS/install/truck_positioning/lib/python3.10/site-packages/truck_positioning
[0.956s] byte-compiling /home/nuc/Documentos/GitHub/ProyectoROS/install/truck_positioning/lib/python3.10/site-packages/truck_positioning/open3d.py to open3d.cpython-310.pyc
[0.960s] running install_data
[0.960s] copying resource/truck_positioning -> /home/nuc/Documentos/GitHub/ProyectoROS/install/truck_positioning/share/ament_index/resource_index/packages
[0.960s] copying package.xml -> /home/nuc/Documentos/GitHub/ProyectoROS/install/truck_positioning/share/truck_positioning
[0.960s] copying launch/visualizador_perfil.py.launch.py -> /home/nuc/Documentos/GitHub/ProyectoROS/install/truck_positioning/share/truck_positioning/launch
[0.961s] copying launch/sensores_tf.launch.py -> /home/nuc/Documentos/GitHub/ProyectoROS/install/truck_positioning/share/truck_positioning/launch
[0.961s] copying launch/sensor_antiguo.launch.py -> /home/nuc/Documentos/GitHub/ProyectoROS/install/truck_positioning/share/truck_positioning/launch
[0.961s] copying launch/sensor_longitudinal.launch.py -> /home/nuc/Documentos/GitHub/ProyectoROS/install/truck_positioning/share/truck_positioning/launch
[0.961s] copying launch/sistema_completo.launch.py -> /home/nuc/Documentos/GitHub/ProyectoROS/install/truck_positioning/share/truck_positioning/launch
[0.962s] copying urdf/camion.urdf -> /home/nuc/Documentos/GitHub/ProyectoROS/install/truck_positioning/share/truck_positioning/urdf
[0.962s] running install_egg_info
[0.980s] removing '/home/nuc/Documentos/GitHub/ProyectoROS/install/truck_positioning/lib/python3.10/site-packages/truck_positioning-0.0.0-py3.10.egg-info' (and everything under it)
[0.981s] Copying ../../build/truck_positioning/truck_positioning.egg-info to /home/nuc/Documentos/GitHub/ProyectoROS/install/truck_positioning/lib/python3.10/site-packages/truck_positioning-0.0.0-py3.10.egg-info
[0.982s] running install_scripts
[1.016s] Installing calculador_distancia script to /home/nuc/Documentos/GitHub/ProyectoROS/install/truck_positioning/lib/truck_positioning
[1.016s] Installing camion_3D script to /home/nuc/Documentos/GitHub/ProyectoROS/install/truck_positioning/lib/truck_positioning
[1.016s] Installing cliente_API script to /home/nuc/Documentos/GitHub/ProyectoROS/install/truck_positioning/lib/truck_positioning
[1.016s] Installing interfaz_camion script to /home/nuc/Documentos/GitHub/ProyectoROS/install/truck_positioning/lib/truck_positioning
[1.016s] Installing lector script to /home/nuc/Documentos/GitHub/ProyectoROS/install/truck_positioning/lib/truck_positioning
[1.017s] Installing logic_node script to /home/nuc/Documentos/GitHub/ProyectoROS/install/truck_positioning/lib/truck_positioning
[1.017s] Installing monitor_dual script to /home/nuc/Documentos/GitHub/ProyectoROS/install/truck_positioning/lib/truck_positioning
[1.017s] Installing simple_truck_sim script to /home/nuc/Documentos/GitHub/ProyectoROS/install/truck_positioning/lib/truck_positioning
[1.017s] Installing sub_BD script to /home/nuc/Documentos/GitHub/ProyectoROS/install/truck_positioning/lib/truck_positioning
[1.017s] Installing visualizador script to /home/nuc/Documentos/GitHub/ProyectoROS/install/truck_positioning/lib/truck_positioning
[1.017s] Installing visualizador_amarillo script to /home/nuc/Documentos/GitHub/ProyectoROS/install/truck_positioning/lib/truck_positioning
[1.018s] writing list of installed files to '/home/nuc/Documentos/GitHub/ProyectoROS/build/truck_positioning/install.log'
[1.044s] Invoked command in '/home/nuc/Documentos/GitHub/ProyectoROS/src/truck_positioning' returned '0': PYTHONPATH=/home/nuc/Documentos/GitHub/ProyectoROS/build/truck_positioning/prefix_override:/usr/lib/python3/dist-packages/colcon_core/task/python/colcon_distutils_commands:/home/nuc/Documentos/GitHub/ProyectoROS/install/truck_positioning/lib/python3.10/site-packages:${PYTHONPATH} /usr/bin/python3 -W ignore:setup.py install is deprecated -W ignore:easy_install command is deprecated setup.py egg_info --egg-base ../../build/truck_positioning build --build-base /home/nuc/Documentos/GitHub/ProyectoROS/build/truck_positioning/build install --record /home/nuc/Documentos/GitHub/ProyectoROS/build/truck_positioning/install.log --single-version-externally-managed install_data
