[0.769s] Invoking command in '/home/sick/Documents/GitHub/ProyectoROS/src/truck_positioning': PYTHONPATH=/home/sick/Documents/GitHub/ProyectoROS/build/truck_positioning/prefix_override:/usr/lib/python3/dist-packages/colcon_core/task/python/colcon_distutils_commands:/home/sick/Documents/GitHub/ProyectoROS/install/truck_positioning/lib/python3.10/site-packages:${PYTHONPATH} /usr/bin/python3 -W ignore:setup.py install is deprecated -W ignore:easy_install command is deprecated setup.py egg_info --egg-base ../../build/truck_positioning build --build-base /home/sick/Documents/GitHub/ProyectoROS/build/truck_positioning/build install --record /home/sick/Documents/GitHub/ProyectoROS/build/truck_positioning/install.log --single-version-externally-managed install_data
[1.158s] running egg_info
[1.160s] writing ../../build/truck_positioning/truck_positioning.egg-info/PKG-INFO
[1.162s] writing dependency_links to ../../build/truck_positioning/truck_positioning.egg-info/dependency_links.txt
[1.164s] writing entry points to ../../build/truck_positioning/truck_positioning.egg-info/entry_points.txt
[1.165s] writing requirements to ../../build/truck_positioning/truck_positioning.egg-info/requires.txt
[1.166s] writing top-level names to ../../build/truck_positioning/truck_positioning.egg-info/top_level.txt
[1.176s] reading manifest file '../../build/truck_positioning/truck_positioning.egg-info/SOURCES.txt'
[1.176s] writing manifest file '../../build/truck_positioning/truck_positioning.egg-info/SOURCES.txt'
[1.176s] running build
[1.178s] running build_py
[1.178s] running install
[1.182s] running install_lib
[1.182s] running install_data
[1.184s] running install_egg_info
[1.186s] removing '/home/sick/Documents/GitHub/ProyectoROS/install/truck_positioning/lib/python3.10/site-packages/truck_positioning-0.0.0-py3.10.egg-info' (and everything under it)
[1.186s] Copying ../../build/truck_positioning/truck_positioning.egg-info to /home/sick/Documents/GitHub/ProyectoROS/install/truck_positioning/lib/python3.10/site-packages/truck_positioning-0.0.0-py3.10.egg-info
[1.188s] running install_scripts
[1.223s] Installing lector script to /home/sick/Documents/GitHub/ProyectoROS/install/truck_positioning/lib/truck_positioning
[1.223s] Installing logic_node script to /home/sick/Documents/GitHub/ProyectoROS/install/truck_positioning/lib/truck_positioning
[1.223s] writing list of installed files to '/home/sick/Documents/GitHub/ProyectoROS/build/truck_positioning/install.log'
[1.269s] Invoked command in '/home/sick/Documents/GitHub/ProyectoROS/src/truck_positioning' returned '0': PYTHONPATH=/home/sick/Documents/GitHub/ProyectoROS/build/truck_positioning/prefix_override:/usr/lib/python3/dist-packages/colcon_core/task/python/colcon_distutils_commands:/home/sick/Documents/GitHub/ProyectoROS/install/truck_positioning/lib/python3.10/site-packages:${PYTHONPATH} /usr/bin/python3 -W ignore:setup.py install is deprecated -W ignore:easy_install command is deprecated setup.py egg_info --egg-base ../../build/truck_positioning build --build-base /home/sick/Documents/GitHub/ProyectoROS/build/truck_positioning/build install --record /home/sick/Documents/GitHub/ProyectoROS/build/truck_positioning/install.log --single-version-externally-managed install_data
