[0.545s] Invoking command in '/home/sick/Documents/GitHub/ProyectoROS/build/truck_positioning': PYTHONPATH=/home/sick/Documents/GitHub/ProyectoROS/build/truck_positioning/prefix_override:/usr/lib/python3/dist-packages/colcon_core/task/python/colcon_distutils_commands:/home/sick/Documents/GitHub/ProyectoROS/install/truck_positioning/lib/python3.10/site-packages:${PYTHONPATH} /usr/bin/python3 -W ignore:setup.py install is deprecated -W ignore:easy_install command is deprecated setup.py develop --editable --build-directory /home/sick/Documents/GitHub/ProyectoROS/build/truck_positioning/build --no-deps symlink_data --force
[0.789s] running develop
[0.915s] running egg_info
[0.915s] writing truck_positioning.egg-info/PKG-INFO
[0.917s] writing dependency_links to truck_positioning.egg-info/dependency_links.txt
[0.917s] writing entry points to truck_positioning.egg-info/entry_points.txt
[0.917s] writing requirements to truck_positioning.egg-info/requires.txt
[0.917s] writing top-level names to truck_positioning.egg-info/top_level.txt
[0.919s] reading manifest file 'truck_positioning.egg-info/SOURCES.txt'
[0.920s] writing manifest file 'truck_positioning.egg-info/SOURCES.txt'
[0.921s] running build_ext
[0.921s] Creating /home/sick/Documents/GitHub/ProyectoROS/install/truck_positioning/lib/python3.10/site-packages/truck-positioning.egg-link (link to .)
[0.922s] Installing calculador_distancia script to /home/sick/Documents/GitHub/ProyectoROS/install/truck_positioning/lib/truck_positioning
[0.922s] Installing interfaz_camion script to /home/sick/Documents/GitHub/ProyectoROS/install/truck_positioning/lib/truck_positioning
[0.923s] Installing lector script to /home/sick/Documents/GitHub/ProyectoROS/install/truck_positioning/lib/truck_positioning
[0.923s] Installing logic_node script to /home/sick/Documents/GitHub/ProyectoROS/install/truck_positioning/lib/truck_positioning
[0.923s] Installing monitor_dual script to /home/sick/Documents/GitHub/ProyectoROS/install/truck_positioning/lib/truck_positioning
[0.923s] Installing visualizador script to /home/sick/Documents/GitHub/ProyectoROS/install/truck_positioning/lib/truck_positioning
[0.923s] Installing visualizador_amarillo script to /home/sick/Documents/GitHub/ProyectoROS/install/truck_positioning/lib/truck_positioning
[0.924s] 
[0.924s] Installed /home/sick/Documents/GitHub/ProyectoROS/build/truck_positioning
[0.924s] running symlink_data
[0.924s] symbolically linking /home/sick/Documents/GitHub/ProyectoROS/build/truck_positioning/resource/truck_positioning -> /home/sick/Documents/GitHub/ProyectoROS/install/truck_positioning/share/ament_index/resource_index/packages
[0.924s] symbolically linking /home/sick/Documents/GitHub/ProyectoROS/build/truck_positioning/package.xml -> /home/sick/Documents/GitHub/ProyectoROS/install/truck_positioning/share/truck_positioning
[0.924s] symbolically linking /home/sick/Documents/GitHub/ProyectoROS/build/truck_positioning/truck_positioning/visualizador_perfil.py.launch.py -> /home/sick/Documents/GitHub/ProyectoROS/install/truck_positioning/share/truck_positioning
[0.924s] symbolically linking /home/sick/Documents/GitHub/ProyectoROS/build/truck_positioning/truck_positioning/sensor_antiguo.launch.py -> /home/sick/Documents/GitHub/ProyectoROS/install/truck_positioning/share/truck_positioning
[0.924s] symbolically linking /home/sick/Documents/GitHub/ProyectoROS/build/truck_positioning/truck_positioning/sistema_completo.launch.py -> /home/sick/Documents/GitHub/ProyectoROS/install/truck_positioning/share/truck_positioning
[0.925s] symbolically linking /home/sick/Documents/GitHub/ProyectoROS/build/truck_positioning/truck_positioning/sensor_longitudinal.launch.py -> /home/sick/Documents/GitHub/ProyectoROS/install/truck_positioning/share/truck_positioning
[0.961s] Invoked command in '/home/sick/Documents/GitHub/ProyectoROS/build/truck_positioning' returned '0': PYTHONPATH=/home/sick/Documents/GitHub/ProyectoROS/build/truck_positioning/prefix_override:/usr/lib/python3/dist-packages/colcon_core/task/python/colcon_distutils_commands:/home/sick/Documents/GitHub/ProyectoROS/install/truck_positioning/lib/python3.10/site-packages:${PYTHONPATH} /usr/bin/python3 -W ignore:setup.py install is deprecated -W ignore:easy_install command is deprecated setup.py develop --editable --build-directory /home/sick/Documents/GitHub/ProyectoROS/build/truck_positioning/build --no-deps symlink_data --force
