[0.552s] Invoking command in '/home/sick/Documents/GitHub/ProyectoROS/build/truck_positioning': PYTHONPATH=/home/sick/Documents/GitHub/ProyectoROS/build/truck_positioning/prefix_override:/usr/lib/python3/dist-packages/colcon_core/task/python/colcon_distutils_commands:/home/sick/Documents/GitHub/ProyectoROS/install/truck_positioning/lib/python3.10/site-packages:${PYTHONPATH} /usr/bin/python3 -W ignore:setup.py install is deprecated -W ignore:easy_install command is deprecated setup.py develop --uninstall --editable --build-directory /home/sick/Documents/GitHub/ProyectoROS/build/truck_positioning/build
[0.882s] running develop
[0.882s] Removing /home/sick/Documents/GitHub/ProyectoROS/install/truck_positioning/lib/python3.10/site-packages/truck-positioning.egg-link (link to .)
[0.884s] Invoked command in '/home/sick/Documents/GitHub/ProyectoROS/build/truck_positioning' returned '0': PYTHONPATH=/home/sick/Documents/GitHub/ProyectoROS/build/truck_positioning/prefix_override:/usr/lib/python3/dist-packages/colcon_core/task/python/colcon_distutils_commands:/home/sick/Documents/GitHub/ProyectoROS/install/truck_positioning/lib/python3.10/site-packages:${PYTHONPATH} /usr/bin/python3 -W ignore:setup.py install is deprecated -W ignore:easy_install command is deprecated setup.py develop --uninstall --editable --build-directory /home/sick/Documents/GitHub/ProyectoROS/build/truck_positioning/build
[0.886s] Invoking command in '/home/sick/Documents/GitHub/ProyectoROS/src/truck_positioning': PYTHONPATH=/home/sick/Documents/GitHub/ProyectoROS/build/truck_positioning/prefix_override:/usr/lib/python3/dist-packages/colcon_core/task/python/colcon_distutils_commands:/home/sick/Documents/GitHub/ProyectoROS/install/truck_positioning/lib/python3.10/site-packages:${PYTHONPATH} /usr/bin/python3 -W ignore:setup.py install is deprecated -W ignore:easy_install command is deprecated setup.py egg_info --egg-base ../../build/truck_positioning build --build-base /home/sick/Documents/GitHub/ProyectoROS/build/truck_positioning/build install --record /home/sick/Documents/GitHub/ProyectoROS/build/truck_positioning/install.log --single-version-externally-managed install_data --force
[1.107s] running egg_info
[1.108s] writing ../../build/truck_positioning/truck_positioning.egg-info/PKG-INFO
[1.110s] writing dependency_links to ../../build/truck_positioning/truck_positioning.egg-info/dependency_links.txt
[1.110s] writing entry points to ../../build/truck_positioning/truck_positioning.egg-info/entry_points.txt
[1.110s] writing requirements to ../../build/truck_positioning/truck_positioning.egg-info/requires.txt
[1.111s] writing top-level names to ../../build/truck_positioning/truck_positioning.egg-info/top_level.txt
[1.114s] reading manifest file '../../build/truck_positioning/truck_positioning.egg-info/SOURCES.txt'
[1.115s] writing manifest file '../../build/truck_positioning/truck_positioning.egg-info/SOURCES.txt'
[1.116s] running build
[1.116s] running build_py
[1.116s] copying truck_positioning/calculador_distancia.py -> /home/sick/Documents/GitHub/ProyectoROS/build/truck_positioning/build/lib/truck_positioning
[1.116s] copying truck_positioning/interfaz_camion.py -> /home/sick/Documents/GitHub/ProyectoROS/build/truck_positioning/build/lib/truck_positioning
[1.117s] copying truck_positioning/sensor_antiguo.launch.py -> /home/sick/Documents/GitHub/ProyectoROS/build/truck_positioning/build/lib/truck_positioning
[1.117s] copying truck_positioning/sistema_completo.launch.py -> /home/sick/Documents/GitHub/ProyectoROS/build/truck_positioning/build/lib/truck_positioning
[1.117s] copying truck_positioning/sensor_longitudinal.launch.py -> /home/sick/Documents/GitHub/ProyectoROS/build/truck_positioning/build/lib/truck_positioning
[1.117s] running install
[1.119s] running install_lib
[1.119s] creating /home/sick/Documents/GitHub/ProyectoROS/install/truck_positioning/lib/python3.10/site-packages/truck_positioning
[1.120s] copying /home/sick/Documents/GitHub/ProyectoROS/build/truck_positioning/build/lib/truck_positioning/visualizador_perfil.py -> /home/sick/Documents/GitHub/ProyectoROS/install/truck_positioning/lib/python3.10/site-packages/truck_positioning
[1.125s] copying /home/sick/Documents/GitHub/ProyectoROS/build/truck_positioning/build/lib/truck_positioning/__init__.py -> /home/sick/Documents/GitHub/ProyectoROS/install/truck_positioning/lib/python3.10/site-packages/truck_positioning
[1.126s] copying /home/sick/Documents/GitHub/ProyectoROS/build/truck_positioning/build/lib/truck_positioning/sensor_perfil.launch.py -> /home/sick/Documents/GitHub/ProyectoROS/install/truck_positioning/lib/python3.10/site-packages/truck_positioning
[1.126s] copying /home/sick/Documents/GitHub/ProyectoROS/build/truck_positioning/build/lib/truck_positioning/calculador_distancia.py -> /home/sick/Documents/GitHub/ProyectoROS/install/truck_positioning/lib/python3.10/site-packages/truck_positioning
[1.126s] copying /home/sick/Documents/GitHub/ProyectoROS/build/truck_positioning/build/lib/truck_positioning/visualizador_amarillo.py -> /home/sick/Documents/GitHub/ProyectoROS/install/truck_positioning/lib/python3.10/site-packages/truck_positioning
[1.128s] copying /home/sick/Documents/GitHub/ProyectoROS/build/truck_positioning/build/lib/truck_positioning/interfaz_camion.py -> /home/sick/Documents/GitHub/ProyectoROS/install/truck_positioning/lib/python3.10/site-packages/truck_positioning
[1.128s] copying /home/sick/Documents/GitHub/ProyectoROS/build/truck_positioning/build/lib/truck_positioning/logic_node.py -> /home/sick/Documents/GitHub/ProyectoROS/install/truck_positioning/lib/python3.10/site-packages/truck_positioning
[1.130s] copying /home/sick/Documents/GitHub/ProyectoROS/build/truck_positioning/build/lib/truck_positioning/monitor_dual.py -> /home/sick/Documents/GitHub/ProyectoROS/install/truck_positioning/lib/python3.10/site-packages/truck_positioning
[1.131s] copying /home/sick/Documents/GitHub/ProyectoROS/build/truck_positioning/build/lib/truck_positioning/visualizador_perfil.py.launch.py -> /home/sick/Documents/GitHub/ProyectoROS/install/truck_positioning/lib/python3.10/site-packages/truck_positioning
[1.132s] copying /home/sick/Documents/GitHub/ProyectoROS/build/truck_positioning/build/lib/truck_positioning/sensor_antiguo.launch.py -> /home/sick/Documents/GitHub/ProyectoROS/install/truck_positioning/lib/python3.10/site-packages/truck_positioning
[1.133s] copying /home/sick/Documents/GitHub/ProyectoROS/build/truck_positioning/build/lib/truck_positioning/sistema_completo.launch.py -> /home/sick/Documents/GitHub/ProyectoROS/install/truck_positioning/lib/python3.10/site-packages/truck_positioning
[1.134s] copying /home/sick/Documents/GitHub/ProyectoROS/build/truck_positioning/build/lib/truck_positioning/ejemplo.py -> /home/sick/Documents/GitHub/ProyectoROS/install/truck_positioning/lib/python3.10/site-packages/truck_positioning
[1.134s] copying /home/sick/Documents/GitHub/ProyectoROS/build/truck_positioning/build/lib/truck_positioning/sensor_longitudinal.launch.py -> /home/sick/Documents/GitHub/ProyectoROS/install/truck_positioning/lib/python3.10/site-packages/truck_positioning
[1.135s] byte-compiling /home/sick/Documents/GitHub/ProyectoROS/install/truck_positioning/lib/python3.10/site-packages/truck_positioning/visualizador_perfil.py to visualizador_perfil.cpython-310.pyc
[1.136s] byte-compiling /home/sick/Documents/GitHub/ProyectoROS/install/truck_positioning/lib/python3.10/site-packages/truck_positioning/__init__.py to __init__.cpython-310.pyc
[1.136s] byte-compiling /home/sick/Documents/GitHub/ProyectoROS/install/truck_positioning/lib/python3.10/site-packages/truck_positioning/sensor_perfil.launch.py to sensor_perfil.launch.cpython-310.pyc
[1.137s] byte-compiling /home/sick/Documents/GitHub/ProyectoROS/install/truck_positioning/lib/python3.10/site-packages/truck_positioning/calculador_distancia.py to calculador_distancia.cpython-310.pyc
[1.138s] byte-compiling /home/sick/Documents/GitHub/ProyectoROS/install/truck_positioning/lib/python3.10/site-packages/truck_positioning/visualizador_amarillo.py to visualizador_amarillo.cpython-310.pyc
[1.139s] byte-compiling /home/sick/Documents/GitHub/ProyectoROS/install/truck_positioning/lib/python3.10/site-packages/truck_positioning/interfaz_camion.py to interfaz_camion.cpython-310.pyc
[1.140s] byte-compiling /home/sick/Documents/GitHub/ProyectoROS/install/truck_positioning/lib/python3.10/site-packages/truck_positioning/logic_node.py to logic_node.cpython-310.pyc
[1.141s] byte-compiling /home/sick/Documents/GitHub/ProyectoROS/install/truck_positioning/lib/python3.10/site-packages/truck_positioning/monitor_dual.py to monitor_dual.cpython-310.pyc
[1.142s] byte-compiling /home/sick/Documents/GitHub/ProyectoROS/install/truck_positioning/lib/python3.10/site-packages/truck_positioning/visualizador_perfil.py.launch.py to visualizador_perfil.py.launch.cpython-310.pyc
[1.143s] byte-compiling /home/sick/Documents/GitHub/ProyectoROS/install/truck_positioning/lib/python3.10/site-packages/truck_positioning/sensor_antiguo.launch.py to sensor_antiguo.launch.cpython-310.pyc
[1.143s] byte-compiling /home/sick/Documents/GitHub/ProyectoROS/install/truck_positioning/lib/python3.10/site-packages/truck_positioning/sistema_completo.launch.py to sistema_completo.launch.cpython-310.pyc
[1.146s] byte-compiling /home/sick/Documents/GitHub/ProyectoROS/install/truck_positioning/lib/python3.10/site-packages/truck_positioning/ejemplo.py to ejemplo.cpython-310.pyc
[1.146s] byte-compiling /home/sick/Documents/GitHub/ProyectoROS/install/truck_positioning/lib/python3.10/site-packages/truck_positioning/sensor_longitudinal.launch.py to sensor_longitudinal.launch.cpython-310.pyc
[1.146s] running install_data
[1.146s] copying resource/truck_positioning -> /home/sick/Documents/GitHub/ProyectoROS/install/truck_positioning/share/ament_index/resource_index/packages
[1.146s] copying package.xml -> /home/sick/Documents/GitHub/ProyectoROS/install/truck_positioning/share/truck_positioning
[1.146s] copying truck_positioning/visualizador_perfil.py.launch.py -> /home/sick/Documents/GitHub/ProyectoROS/install/truck_positioning/share/truck_positioning
[1.146s] copying truck_positioning/sensor_antiguo.launch.py -> /home/sick/Documents/GitHub/ProyectoROS/install/truck_positioning/share/truck_positioning
[1.147s] copying truck_positioning/sistema_completo.launch.py -> /home/sick/Documents/GitHub/ProyectoROS/install/truck_positioning/share/truck_positioning
[1.147s] copying truck_positioning/sensor_longitudinal.launch.py -> /home/sick/Documents/GitHub/ProyectoROS/install/truck_positioning/share/truck_positioning
[1.147s] running install_egg_info
[1.151s] Copying ../../build/truck_positioning/truck_positioning.egg-info to /home/sick/Documents/GitHub/ProyectoROS/install/truck_positioning/lib/python3.10/site-packages/truck_positioning-0.0.0-py3.10.egg-info
[1.153s] running install_scripts
[1.172s] Installing calculador_distancia script to /home/sick/Documents/GitHub/ProyectoROS/install/truck_positioning/lib/truck_positioning
[1.173s] Installing interfaz_camion script to /home/sick/Documents/GitHub/ProyectoROS/install/truck_positioning/lib/truck_positioning
[1.173s] Installing lector script to /home/sick/Documents/GitHub/ProyectoROS/install/truck_positioning/lib/truck_positioning
[1.174s] Installing logic_node script to /home/sick/Documents/GitHub/ProyectoROS/install/truck_positioning/lib/truck_positioning
[1.175s] Installing monitor_dual script to /home/sick/Documents/GitHub/ProyectoROS/install/truck_positioning/lib/truck_positioning
[1.175s] Installing visualizador script to /home/sick/Documents/GitHub/ProyectoROS/install/truck_positioning/lib/truck_positioning
[1.176s] Installing visualizador_amarillo script to /home/sick/Documents/GitHub/ProyectoROS/install/truck_positioning/lib/truck_positioning
[1.177s] writing list of installed files to '/home/sick/Documents/GitHub/ProyectoROS/build/truck_positioning/install.log'
[1.210s] Invoked command in '/home/sick/Documents/GitHub/ProyectoROS/src/truck_positioning' returned '0': PYTHONPATH=/home/sick/Documents/GitHub/ProyectoROS/build/truck_positioning/prefix_override:/usr/lib/python3/dist-packages/colcon_core/task/python/colcon_distutils_commands:/home/sick/Documents/GitHub/ProyectoROS/install/truck_positioning/lib/python3.10/site-packages:${PYTHONPATH} /usr/bin/python3 -W ignore:setup.py install is deprecated -W ignore:easy_install command is deprecated setup.py egg_info --egg-base ../../build/truck_positioning build --build-base /home/sick/Documents/GitHub/ProyectoROS/build/truck_positioning/build install --record /home/sick/Documents/GitHub/ProyectoROS/build/truck_positioning/install.log --single-version-externally-managed install_data --force
