running egg_info
creating ../../build/truck_positioning/truck_positioning.egg-info
writing ../../build/truck_positioning/truck_positioning.egg-info/PKG-INFO
writing dependency_links to ../../build/truck_positioning/truck_positioning.egg-info/dependency_links.txt
writing entry points to ../../build/truck_positioning/truck_positioning.egg-info/entry_points.txt
writing requirements to ../../build/truck_positioning/truck_positioning.egg-info/requires.txt
writing top-level names to ../../build/truck_positioning/truck_positioning.egg-info/top_level.txt
writing manifest file '../../build/truck_positioning/truck_positioning.egg-info/SOURCES.txt'
reading manifest file '../../build/truck_positioning/truck_positioning.egg-info/SOURCES.txt'
writing manifest file '../../build/truck_positioning/truck_positioning.egg-info/SOURCES.txt'
running build
running build_py
creating /home/sick/ProyectoROS/build/truck_positioning/build
creating /home/sick/ProyectoROS/build/truck_positioning/build/lib
creating /home/sick/ProyectoROS/build/truck_positioning/build/lib/truck_positioning
copying truck_positioning/__init__.py -> /home/sick/ProyectoROS/build/truck_positioning/build/lib/truck_positioning
running install
running install_lib
creating /home/sick/ProyectoROS/install/truck_positioning/lib/python3.10/site-packages/truck_positioning
copying /home/sick/ProyectoROS/build/truck_positioning/build/lib/truck_positioning/__init__.py -> /home/sick/ProyectoROS/install/truck_positioning/lib/python3.10/site-packages/truck_positioning
byte-compiling /home/sick/ProyectoROS/install/truck_positioning/lib/python3.10/site-packages/truck_positioning/__init__.py to __init__.cpython-310.pyc
running install_data
creating /home/sick/ProyectoROS/install/truck_positioning/share/ament_index
creating /home/sick/ProyectoROS/install/truck_positioning/share/ament_index/resource_index
creating /home/sick/ProyectoROS/install/truck_positioning/share/ament_index/resource_index/packages
copying resource/truck_positioning -> /home/sick/ProyectoROS/install/truck_positioning/share/ament_index/resource_index/packages
copying package.xml -> /home/sick/ProyectoROS/install/truck_positioning/share/truck_positioning
running install_egg_info
Copying ../../build/truck_positioning/truck_positioning.egg-info to /home/sick/ProyectoROS/install/truck_positioning/lib/python3.10/site-packages/truck_positioning-0.0.0-py3.10.egg-info
running install_scripts
writing list of installed files to '/home/sick/ProyectoROS/build/truck_positioning/install.log'
