[0.568s] Invoking command in '/home/sick/Documents/GitHub/ProyectoROS/build/truck_positioning': PYTHONPATH=/home/sick/Documents/GitHub/ProyectoROS/build/truck_positioning/prefix_override:/usr/lib/python3/dist-packages/colcon_core/task/python/colcon_distutils_commands:/home/sick/Documents/GitHub/ProyectoROS/install/truck_positioning/lib/python3.10/site-packages:${PYTHONPATH} /usr/bin/python3 -W ignore:setup.py install is deprecated -W ignore:easy_install command is deprecated setup.py develop --editable --build-directory /home/sick/Documents/GitHub/ProyectoROS/build/truck_positioning/build --no-deps symlink_data --force
[0.779s] running develop
[0.883s] running egg_info
[0.883s] writing truck_positioning.egg-info/PKG-INFO
[0.883s] writing dependency_links to truck_positioning.egg-info/dependency_links.txt
[0.884s] writing entry points to truck_positioning.egg-info/entry_points.txt
[0.885s] writing requirements to truck_positioning.egg-info/requires.txt
[0.889s] writing top-level names to truck_positioning.egg-info/top_level.txt
[0.889s] reading manifest file 'truck_positioning.egg-info/SOURCES.txt'
[0.889s] writing manifest file 'truck_positioning.egg-info/SOURCES.txt'
[0.891s] running build_ext
[0.891s] Creating /home/sick/Documents/GitHub/ProyectoROS/install/truck_positioning/lib/python3.10/site-packages/truck-positioning.egg-link (link to .)
[0.894s] Installing lector script to /home/sick/Documents/GitHub/ProyectoROS/install/truck_positioning/lib/truck_positioning
[0.894s] Installing logic_node script to /home/sick/Documents/GitHub/ProyectoROS/install/truck_positioning/lib/truck_positioning
[0.894s] Installing monitor_dual script to /home/sick/Documents/GitHub/ProyectoROS/install/truck_positioning/lib/truck_positioning
[0.894s] Installing visualizador script to /home/sick/Documents/GitHub/ProyectoROS/install/truck_positioning/lib/truck_positioning
[0.894s] Installing visualizador_amarillo script to /home/sick/Documents/GitHub/ProyectoROS/install/truck_positioning/lib/truck_positioning
[0.894s] 
[0.895s] Installed /home/sick/Documents/GitHub/ProyectoROS/build/truck_positioning
[0.895s] running symlink_data
[0.895s] symbolically linking /home/sick/Documents/GitHub/ProyectoROS/build/truck_positioning/resource/truck_positioning -> /home/sick/Documents/GitHub/ProyectoROS/install/truck_positioning/share/ament_index/resource_index/packages
[0.895s] symbolically linking /home/sick/Documents/GitHub/ProyectoROS/build/truck_positioning/package.xml -> /home/sick/Documents/GitHub/ProyectoROS/install/truck_positioning/share/truck_positioning
[0.929s] Invoked command in '/home/sick/Documents/GitHub/ProyectoROS/build/truck_positioning' returned '0': PYTHONPATH=/home/sick/Documents/GitHub/ProyectoROS/build/truck_positioning/prefix_override:/usr/lib/python3/dist-packages/colcon_core/task/python/colcon_distutils_commands:/home/sick/Documents/GitHub/ProyectoROS/install/truck_positioning/lib/python3.10/site-packages:${PYTHONPATH} /usr/bin/python3 -W ignore:setup.py install is deprecated -W ignore:easy_install command is deprecated setup.py develop --editable --build-directory /home/sick/Documents/GitHub/ProyectoROS/build/truck_positioning/build --no-deps symlink_data --force
