[0.611s] Invoking command in '/home/sick/Documents/GitHub/ProyectoROS/src/truck_positioning': PYTHONPATH=/home/sick/Documents/GitHub/ProyectoROS/src/truck_positioning/build/truck_positioning/prefix_override:/usr/lib/python3/dist-packages/colcon_core/task/python/colcon_distutils_commands:/home/sick/Documents/GitHub/ProyectoROS/src/truck_positioning/install/truck_positioning/lib/python3.10/site-packages: /usr/bin/python3 -W ignore:setup.py install is deprecated -W ignore:easy_install command is deprecated setup.py egg_info --egg-base build/truck_positioning build --build-base /home/sick/Documents/GitHub/ProyectoROS/src/truck_positioning/build/truck_positioning/build install --record /home/sick/Documents/GitHub/ProyectoROS/src/truck_positioning/build/truck_positioning/install.log --single-version-externally-managed install_data
[0.835s] running egg_info
[0.836s] creating build/truck_positioning/truck_positioning.egg-info
[0.836s] writing build/truck_positioning/truck_positioning.egg-info/PKG-INFO
[0.837s] writing dependency_links to build/truck_positioning/truck_positioning.egg-info/dependency_links.txt
[0.837s] writing entry points to build/truck_positioning/truck_positioning.egg-info/entry_points.txt
[0.837s] writing requirements to build/truck_positioning/truck_positioning.egg-info/requires.txt
[0.838s] writing top-level names to build/truck_positioning/truck_positioning.egg-info/top_level.txt
[0.838s] writing manifest file 'build/truck_positioning/truck_positioning.egg-info/SOURCES.txt'
[0.840s] reading manifest file 'build/truck_positioning/truck_positioning.egg-info/SOURCES.txt'
[0.841s] writing manifest file 'build/truck_positioning/truck_positioning.egg-info/SOURCES.txt'
[0.842s] running build
[0.842s] running build_py
[0.842s] creating /home/sick/Documents/GitHub/ProyectoROS/src/truck_positioning/build/truck_positioning/build
[0.843s] creating /home/sick/Documents/GitHub/ProyectoROS/src/truck_positioning/build/truck_positioning/build/lib
[0.843s] creating /home/sick/Documents/GitHub/ProyectoROS/src/truck_positioning/build/truck_positioning/build/lib/truck_positioning
[0.843s] copying truck_positioning/visualizador_perfil.py -> /home/sick/Documents/GitHub/ProyectoROS/src/truck_positioning/build/truck_positioning/build/lib/truck_positioning
[0.844s] copying truck_positioning/__init__.py -> /home/sick/Documents/GitHub/ProyectoROS/src/truck_positioning/build/truck_positioning/build/lib/truck_positioning
[0.844s] copying truck_positioning/visualizador_amarillo.py -> /home/sick/Documents/GitHub/ProyectoROS/src/truck_positioning/build/truck_positioning/build/lib/truck_positioning
[0.844s] copying truck_positioning/logic_node.py -> /home/sick/Documents/GitHub/ProyectoROS/src/truck_positioning/build/truck_positioning/build/lib/truck_positioning
[0.845s] copying truck_positioning/monitor_dual.py -> /home/sick/Documents/GitHub/ProyectoROS/src/truck_positioning/build/truck_positioning/build/lib/truck_positioning
[0.845s] copying truck_positioning/ejemplo.py -> /home/sick/Documents/GitHub/ProyectoROS/src/truck_positioning/build/truck_positioning/build/lib/truck_positioning
[0.845s] running install
[0.847s] running install_lib
[0.847s] creating /home/sick/Documents/GitHub/ProyectoROS/src/truck_positioning/install/truck_positioning/lib/python3.10/site-packages/truck_positioning
[0.847s] copying /home/sick/Documents/GitHub/ProyectoROS/src/truck_positioning/build/truck_positioning/build/lib/truck_positioning/visualizador_perfil.py -> /home/sick/Documents/GitHub/ProyectoROS/src/truck_positioning/install/truck_positioning/lib/python3.10/site-packages/truck_positioning
[0.848s] copying /home/sick/Documents/GitHub/ProyectoROS/src/truck_positioning/build/truck_positioning/build/lib/truck_positioning/__init__.py -> /home/sick/Documents/GitHub/ProyectoROS/src/truck_positioning/install/truck_positioning/lib/python3.10/site-packages/truck_positioning
[0.848s] copying /home/sick/Documents/GitHub/ProyectoROS/src/truck_positioning/build/truck_positioning/build/lib/truck_positioning/visualizador_amarillo.py -> /home/sick/Documents/GitHub/ProyectoROS/src/truck_positioning/install/truck_positioning/lib/python3.10/site-packages/truck_positioning
[0.848s] copying /home/sick/Documents/GitHub/ProyectoROS/src/truck_positioning/build/truck_positioning/build/lib/truck_positioning/logic_node.py -> /home/sick/Documents/GitHub/ProyectoROS/src/truck_positioning/install/truck_positioning/lib/python3.10/site-packages/truck_positioning
[0.848s] copying /home/sick/Documents/GitHub/ProyectoROS/src/truck_positioning/build/truck_positioning/build/lib/truck_positioning/monitor_dual.py -> /home/sick/Documents/GitHub/ProyectoROS/src/truck_positioning/install/truck_positioning/lib/python3.10/site-packages/truck_positioning
[0.848s] copying /home/sick/Documents/GitHub/ProyectoROS/src/truck_positioning/build/truck_positioning/build/lib/truck_positioning/ejemplo.py -> /home/sick/Documents/GitHub/ProyectoROS/src/truck_positioning/install/truck_positioning/lib/python3.10/site-packages/truck_positioning
[0.850s] byte-compiling /home/sick/Documents/GitHub/ProyectoROS/src/truck_positioning/install/truck_positioning/lib/python3.10/site-packages/truck_positioning/visualizador_perfil.py to visualizador_perfil.cpython-310.pyc
[0.852s] byte-compiling /home/sick/Documents/GitHub/ProyectoROS/src/truck_positioning/install/truck_positioning/lib/python3.10/site-packages/truck_positioning/__init__.py to __init__.cpython-310.pyc
[0.852s] byte-compiling /home/sick/Documents/GitHub/ProyectoROS/src/truck_positioning/install/truck_positioning/lib/python3.10/site-packages/truck_positioning/visualizador_amarillo.py to visualizador_amarillo.cpython-310.pyc
[0.852s] byte-compiling /home/sick/Documents/GitHub/ProyectoROS/src/truck_positioning/install/truck_positioning/lib/python3.10/site-packages/truck_positioning/logic_node.py to logic_node.cpython-310.pyc
[0.854s] byte-compiling /home/sick/Documents/GitHub/ProyectoROS/src/truck_positioning/install/truck_positioning/lib/python3.10/site-packages/truck_positioning/monitor_dual.py to monitor_dual.cpython-310.pyc
[0.854s] byte-compiling /home/sick/Documents/GitHub/ProyectoROS/src/truck_positioning/install/truck_positioning/lib/python3.10/site-packages/truck_positioning/ejemplo.py to ejemplo.cpython-310.pyc
[0.855s] running install_data
[0.856s] creating /home/sick/Documents/GitHub/ProyectoROS/src/truck_positioning/install/truck_positioning/share/ament_index
[0.856s] creating /home/sick/Documents/GitHub/ProyectoROS/src/truck_positioning/install/truck_positioning/share/ament_index/resource_index
[0.856s] creating /home/sick/Documents/GitHub/ProyectoROS/src/truck_positioning/install/truck_positioning/share/ament_index/resource_index/packages
[0.857s] copying resource/truck_positioning -> /home/sick/Documents/GitHub/ProyectoROS/src/truck_positioning/install/truck_positioning/share/ament_index/resource_index/packages
[0.857s] copying package.xml -> /home/sick/Documents/GitHub/ProyectoROS/src/truck_positioning/install/truck_positioning/share/truck_positioning
[0.857s] running install_egg_info
[0.859s] Copying build/truck_positioning/truck_positioning.egg-info to /home/sick/Documents/GitHub/ProyectoROS/src/truck_positioning/install/truck_positioning/lib/python3.10/site-packages/truck_positioning-0.0.0-py3.10.egg-info
[0.861s] running install_scripts
[0.889s] Installing lector script to /home/sick/Documents/GitHub/ProyectoROS/src/truck_positioning/install/truck_positioning/lib/truck_positioning
[0.889s] Installing logic_node script to /home/sick/Documents/GitHub/ProyectoROS/src/truck_positioning/install/truck_positioning/lib/truck_positioning
[0.889s] Installing monitor_dual script to /home/sick/Documents/GitHub/ProyectoROS/src/truck_positioning/install/truck_positioning/lib/truck_positioning
[0.889s] Installing visualizador script to /home/sick/Documents/GitHub/ProyectoROS/src/truck_positioning/install/truck_positioning/lib/truck_positioning
[0.889s] Installing visualizador_amarillo script to /home/sick/Documents/GitHub/ProyectoROS/src/truck_positioning/install/truck_positioning/lib/truck_positioning
[0.889s] writing list of installed files to '/home/sick/Documents/GitHub/ProyectoROS/src/truck_positioning/build/truck_positioning/install.log'
[0.923s] Invoked command in '/home/sick/Documents/GitHub/ProyectoROS/src/truck_positioning' returned '0': PYTHONPATH=/home/sick/Documents/GitHub/ProyectoROS/src/truck_positioning/build/truck_positioning/prefix_override:/usr/lib/python3/dist-packages/colcon_core/task/python/colcon_distutils_commands:/home/sick/Documents/GitHub/ProyectoROS/src/truck_positioning/install/truck_positioning/lib/python3.10/site-packages: /usr/bin/python3 -W ignore:setup.py install is deprecated -W ignore:easy_install command is deprecated setup.py egg_info --egg-base build/truck_positioning build --build-base /home/sick/Documents/GitHub/ProyectoROS/src/truck_positioning/build/truck_positioning/build install --record /home/sick/Documents/GitHub/ProyectoROS/src/truck_positioning/build/truck_positioning/install.log --single-version-externally-managed install_data
