[0.074s] DEBUG:colcon:Command line arguments: ['/usr/bin/colcon', 'build', '--packages-select', 'truck_positioning']
[0.074s] DEBUG:colcon:Parsed command line arguments: Namespace(log_base=None, log_level=None, verb_name='build', build_base='build', install_base='install', merge_install=False, symlink_install=False, test_result_base=None, continue_on_error=False, executor='parallel', parallel_workers=3, event_handlers=None, ignore_user_meta=False, metas=['./colcon.meta'], base_paths=['.'], packages_ignore=None, packages_ignore_regex=None, paths=None, packages_up_to=None, packages_up_to_regex=None, packages_above=None, packages_above_and_dependencies=None, packages_above_depth=None, packages_select_by_dep=None, packages_skip_by_dep=None, packages_skip_up_to=None, packages_select_build_failed=False, packages_skip_build_finished=False, packages_select_test_failures=False, packages_skip_test_passed=False, packages_select=['truck_positioning'], packages_skip=None, packages_select_regex=None, packages_skip_regex=None, packages_start=None, packages_end=None, allow_overriding=[], cmake_args=None, cmake_target=None, cmake_target_skip_unavailable=False, cmake_clean_cache=False, cmake_clean_first=False, cmake_force_configure=False, ament_cmake_args=None, catkin_cmake_args=None, catkin_skip_building_tests=False, mixin_files=None, mixin=None, verb_parser=<colcon_mixin.mixin.mixin_argument.MixinArgumentDecorator object at 0x70d009020e50>, verb_extension=<colcon_core.verb.build.BuildVerb object at 0x70d009020430>, main=<bound method BuildVerb.main of <colcon_core.verb.build.BuildVerb object at 0x70d009020430>>, mixin_verb=('build',))
[0.176s] Level 1:colcon.colcon_core.package_discovery:discover_packages(colcon_meta) check parameters
[0.176s] Level 1:colcon.colcon_core.package_discovery:discover_packages(recursive) check parameters
[0.176s] Level 1:colcon.colcon_core.package_discovery:discover_packages(ignore) check parameters
[0.176s] Level 1:colcon.colcon_core.package_discovery:discover_packages(path) check parameters
[0.176s] Level 1:colcon.colcon_core.package_discovery:discover_packages(colcon_meta) discover
[0.176s] Level 1:colcon.colcon_core.package_discovery:discover_packages(recursive) discover
[0.176s] INFO:colcon.colcon_core.package_discovery:Crawling recursively for packages in '/home/sick/Documents/GitHub/ProyectoROS/src/truck_positioning'
[0.176s] Level 1:colcon.colcon_core.package_identification:_identify(.) by extensions ['ignore', 'ignore_ament_install']
[0.177s] Level 1:colcon.colcon_core.package_identification:_identify(.) by extension 'ignore'
[0.177s] Level 1:colcon.colcon_core.package_identification:_identify(.) by extension 'ignore_ament_install'
[0.177s] Level 1:colcon.colcon_core.package_identification:_identify(.) by extensions ['colcon_pkg']
[0.177s] Level 1:colcon.colcon_core.package_identification:_identify(.) by extension 'colcon_pkg'
[0.177s] Level 1:colcon.colcon_core.package_identification:_identify(.) by extensions ['colcon_meta']
[0.177s] Level 1:colcon.colcon_core.package_identification:_identify(.) by extension 'colcon_meta'
[0.177s] Level 1:colcon.colcon_core.package_identification:_identify(.) by extensions ['ros']
[0.177s] Level 1:colcon.colcon_core.package_identification:_identify(.) by extension 'ros'
[0.188s] DEBUG:colcon.colcon_core.package_identification:Package '.' with type 'ros.ament_python' and name 'truck_positioning'
[0.188s] Level 1:colcon.colcon_core.package_discovery:discover_packages(recursive) using defaults
[0.188s] Level 1:colcon.colcon_core.package_discovery:discover_packages(ignore) discover
[0.188s] Level 1:colcon.colcon_core.package_discovery:discover_packages(ignore) using defaults
[0.188s] Level 1:colcon.colcon_core.package_discovery:discover_packages(path) discover
[0.188s] Level 1:colcon.colcon_core.package_discovery:discover_packages(path) using defaults
[0.214s] Level 1:colcon.colcon_core.package_discovery:discover_packages(prefix_path) check parameters
[0.214s] Level 1:colcon.colcon_core.package_discovery:discover_packages(prefix_path) discover
[0.215s] Level 1:colcon.colcon_core.package_discovery:discover_packages(prefix_path) using defaults
[0.215s] Level 5:colcon.colcon_core.verb:set package 'truck_positioning' build argument 'cmake_args' from command line to 'None'
[0.216s] Level 5:colcon.colcon_core.verb:set package 'truck_positioning' build argument 'cmake_target' from command line to 'None'
[0.216s] Level 5:colcon.colcon_core.verb:set package 'truck_positioning' build argument 'cmake_target_skip_unavailable' from command line to 'False'
[0.216s] Level 5:colcon.colcon_core.verb:set package 'truck_positioning' build argument 'cmake_clean_cache' from command line to 'False'
[0.216s] Level 5:colcon.colcon_core.verb:set package 'truck_positioning' build argument 'cmake_clean_first' from command line to 'False'
[0.216s] Level 5:colcon.colcon_core.verb:set package 'truck_positioning' build argument 'cmake_force_configure' from command line to 'False'
[0.216s] Level 5:colcon.colcon_core.verb:set package 'truck_positioning' build argument 'ament_cmake_args' from command line to 'None'
[0.216s] Level 5:colcon.colcon_core.verb:set package 'truck_positioning' build argument 'catkin_cmake_args' from command line to 'None'
[0.216s] Level 5:colcon.colcon_core.verb:set package 'truck_positioning' build argument 'catkin_skip_building_tests' from command line to 'False'
[0.216s] DEBUG:colcon.colcon_core.verb:Building package 'truck_positioning' with the following arguments: {'ament_cmake_args': None, 'build_base': '/home/sick/Documents/GitHub/ProyectoROS/src/truck_positioning/build/truck_positioning', 'catkin_cmake_args': None, 'catkin_skip_building_tests': False, 'cmake_args': None, 'cmake_clean_cache': False, 'cmake_clean_first': False, 'cmake_force_configure': False, 'cmake_target': None, 'cmake_target_skip_unavailable': False, 'install_base': '/home/sick/Documents/GitHub/ProyectoROS/src/truck_positioning/install/truck_positioning', 'merge_install': False, 'path': '/home/sick/Documents/GitHub/ProyectoROS/src/truck_positioning', 'symlink_install': False, 'test_result_base': None}
[0.216s] INFO:colcon.colcon_core.executor:Executing jobs using 'parallel' executor
[0.217s] DEBUG:colcon.colcon_parallel_executor.executor.parallel:run_until_complete
[0.218s] INFO:colcon.colcon_ros.task.ament_python.build:Building ROS package in '/home/sick/Documents/GitHub/ProyectoROS/src/truck_positioning' with build type 'ament_python'
[0.218s] Level 1:colcon.colcon_core.shell:create_environment_hook('truck_positioning', 'ament_prefix_path')
[0.221s] INFO:colcon.colcon_core.plugin_system:Skipping extension 'colcon_core.shell.bat': Not used on non-Windows systems
[0.221s] INFO:colcon.colcon_core.shell:Creating environment hook '/home/sick/Documents/GitHub/ProyectoROS/src/truck_positioning/install/truck_positioning/share/truck_positioning/hook/ament_prefix_path.ps1'
[0.222s] INFO:colcon.colcon_core.shell:Creating environment descriptor '/home/sick/Documents/GitHub/ProyectoROS/src/truck_positioning/install/truck_positioning/share/truck_positioning/hook/ament_prefix_path.dsv'
[0.222s] INFO:colcon.colcon_core.shell:Creating environment hook '/home/sick/Documents/GitHub/ProyectoROS/src/truck_positioning/install/truck_positioning/share/truck_positioning/hook/ament_prefix_path.sh'
[0.223s] INFO:colcon.colcon_core.shell:Skip shell extension 'powershell' for command environment: Not usable outside of PowerShell
[0.223s] DEBUG:colcon.colcon_core.shell:Skip shell extension 'dsv' for command environment
[0.441s] INFO:colcon.colcon_core.task.python.build:Building Python package in '/home/sick/Documents/GitHub/ProyectoROS/src/truck_positioning'
[0.442s] INFO:colcon.colcon_core.shell:Skip shell extension 'powershell' for command environment: Not usable outside of PowerShell
[0.442s] DEBUG:colcon.colcon_core.shell:Skip shell extension 'dsv' for command environment
[0.832s] DEBUG:colcon.colcon_core.event_handler.log_command:Invoking command in '/home/sick/Documents/GitHub/ProyectoROS/src/truck_positioning': PYTHONPATH=/home/sick/Documents/GitHub/ProyectoROS/src/truck_positioning/build/truck_positioning/prefix_override:/usr/lib/python3/dist-packages/colcon_core/task/python/colcon_distutils_commands:/home/sick/Documents/GitHub/ProyectoROS/src/truck_positioning/install/truck_positioning/lib/python3.10/site-packages: /usr/bin/python3 -W ignore:setup.py install is deprecated -W ignore:easy_install command is deprecated setup.py egg_info --egg-base build/truck_positioning build --build-base /home/sick/Documents/GitHub/ProyectoROS/src/truck_positioning/build/truck_positioning/build install --record /home/sick/Documents/GitHub/ProyectoROS/src/truck_positioning/build/truck_positioning/install.log --single-version-externally-managed install_data
[1.143s] DEBUG:colcon.colcon_core.event_handler.log_command:Invoked command in '/home/sick/Documents/GitHub/ProyectoROS/src/truck_positioning' returned '0': PYTHONPATH=/home/sick/Documents/GitHub/ProyectoROS/src/truck_positioning/build/truck_positioning/prefix_override:/usr/lib/python3/dist-packages/colcon_core/task/python/colcon_distutils_commands:/home/sick/Documents/GitHub/ProyectoROS/src/truck_positioning/install/truck_positioning/lib/python3.10/site-packages: /usr/bin/python3 -W ignore:setup.py install is deprecated -W ignore:easy_install command is deprecated setup.py egg_info --egg-base build/truck_positioning build --build-base /home/sick/Documents/GitHub/ProyectoROS/src/truck_positioning/build/truck_positioning/build install --record /home/sick/Documents/GitHub/ProyectoROS/src/truck_positioning/build/truck_positioning/install.log --single-version-externally-managed install_data
[1.145s] Level 1:colcon.colcon_core.environment:checking '/home/sick/Documents/GitHub/ProyectoROS/src/truck_positioning/install/truck_positioning' for CMake module files
[1.146s] Level 1:colcon.colcon_core.environment:checking '/home/sick/Documents/GitHub/ProyectoROS/src/truck_positioning/install/truck_positioning' for CMake config files
[1.147s] Level 1:colcon.colcon_core.environment:checking '/home/sick/Documents/GitHub/ProyectoROS/src/truck_positioning/install/truck_positioning/lib'
[1.147s] Level 1:colcon.colcon_core.environment:checking '/home/sick/Documents/GitHub/ProyectoROS/src/truck_positioning/install/truck_positioning/bin'
[1.147s] Level 1:colcon.colcon_core.environment:checking '/home/sick/Documents/GitHub/ProyectoROS/src/truck_positioning/install/truck_positioning/lib/pkgconfig/truck_positioning.pc'
[1.147s] Level 1:colcon.colcon_core.environment:checking '/home/sick/Documents/GitHub/ProyectoROS/src/truck_positioning/install/truck_positioning/lib/python3.10/site-packages'
[1.147s] Level 1:colcon.colcon_core.shell:create_environment_hook('truck_positioning', 'pythonpath')
[1.148s] INFO:colcon.colcon_core.shell:Creating environment hook '/home/sick/Documents/GitHub/ProyectoROS/src/truck_positioning/install/truck_positioning/share/truck_positioning/hook/pythonpath.ps1'
[1.148s] INFO:colcon.colcon_core.shell:Creating environment descriptor '/home/sick/Documents/GitHub/ProyectoROS/src/truck_positioning/install/truck_positioning/share/truck_positioning/hook/pythonpath.dsv'
[1.148s] INFO:colcon.colcon_core.shell:Creating environment hook '/home/sick/Documents/GitHub/ProyectoROS/src/truck_positioning/install/truck_positioning/share/truck_positioning/hook/pythonpath.sh'
[1.149s] Level 1:colcon.colcon_core.environment:checking '/home/sick/Documents/GitHub/ProyectoROS/src/truck_positioning/install/truck_positioning/bin'
[1.149s] Level 1:colcon.colcon_core.environment:create_environment_scripts_only(truck_positioning)
[1.149s] INFO:colcon.colcon_core.shell:Creating package script '/home/sick/Documents/GitHub/ProyectoROS/src/truck_positioning/install/truck_positioning/share/truck_positioning/package.ps1'
[1.150s] INFO:colcon.colcon_core.shell:Creating package descriptor '/home/sick/Documents/GitHub/ProyectoROS/src/truck_positioning/install/truck_positioning/share/truck_positioning/package.dsv'
[1.150s] INFO:colcon.colcon_core.shell:Creating package script '/home/sick/Documents/GitHub/ProyectoROS/src/truck_positioning/install/truck_positioning/share/truck_positioning/package.sh'
[1.151s] INFO:colcon.colcon_core.shell:Creating package script '/home/sick/Documents/GitHub/ProyectoROS/src/truck_positioning/install/truck_positioning/share/truck_positioning/package.bash'
[1.152s] INFO:colcon.colcon_core.shell:Creating package script '/home/sick/Documents/GitHub/ProyectoROS/src/truck_positioning/install/truck_positioning/share/truck_positioning/package.zsh'
[1.153s] Level 1:colcon.colcon_core.environment:create_file_with_runtime_dependencies(/home/sick/Documents/GitHub/ProyectoROS/src/truck_positioning/install/truck_positioning/share/colcon-core/packages/truck_positioning)
[1.154s] DEBUG:colcon.colcon_parallel_executor.executor.parallel:closing loop
[1.155s] DEBUG:colcon.colcon_parallel_executor.executor.parallel:loop closed
[1.155s] DEBUG:colcon.colcon_parallel_executor.executor.parallel:run_until_complete finished with '0'
[1.155s] DEBUG:colcon.colcon_core.event_reactor:joining thread
[1.163s] INFO:colcon.colcon_core.plugin_system:Skipping extension 'colcon_notification.desktop_notification.terminal_notifier': Not used on non-Darwin systems
[1.163s] INFO:colcon.colcon_core.plugin_system:Skipping extension 'colcon_notification.desktop_notification.win32': Not used on non-Windows systems
[1.163s] INFO:colcon.colcon_notification.desktop_notification:Sending desktop notification using 'notify2'
[1.188s] DEBUG:colcon.colcon_core.event_reactor:joined thread
[1.189s] INFO:colcon.colcon_core.shell:Creating prefix script '/home/sick/Documents/GitHub/ProyectoROS/src/truck_positioning/install/local_setup.ps1'
[1.192s] INFO:colcon.colcon_core.shell:Creating prefix util module '/home/sick/Documents/GitHub/ProyectoROS/src/truck_positioning/install/_local_setup_util_ps1.py'
[1.195s] INFO:colcon.colcon_core.shell:Creating prefix chain script '/home/sick/Documents/GitHub/ProyectoROS/src/truck_positioning/install/setup.ps1'
[1.196s] INFO:colcon.colcon_core.shell:Creating prefix script '/home/sick/Documents/GitHub/ProyectoROS/src/truck_positioning/install/local_setup.sh'
[1.197s] INFO:colcon.colcon_core.shell:Creating prefix util module '/home/sick/Documents/GitHub/ProyectoROS/src/truck_positioning/install/_local_setup_util_sh.py'
[1.197s] INFO:colcon.colcon_core.shell:Creating prefix chain script '/home/sick/Documents/GitHub/ProyectoROS/src/truck_positioning/install/setup.sh'
[1.198s] INFO:colcon.colcon_core.shell:Creating prefix script '/home/sick/Documents/GitHub/ProyectoROS/src/truck_positioning/install/local_setup.bash'
[1.198s] INFO:colcon.colcon_core.shell:Creating prefix chain script '/home/sick/Documents/GitHub/ProyectoROS/src/truck_positioning/install/setup.bash'
[1.199s] INFO:colcon.colcon_core.shell:Creating prefix script '/home/sick/Documents/GitHub/ProyectoROS/src/truck_positioning/install/local_setup.zsh'
[1.200s] INFO:colcon.colcon_core.shell:Creating prefix chain script '/home/sick/Documents/GitHub/ProyectoROS/src/truck_positioning/install/setup.zsh'
