[0.870s] DEBUG:colcon:Command line arguments: ['/usr/bin/colcon', 'list', '-p', '--base-paths', '/home/sick/Documents/Proyecto/ProyectoROS', '--log-base', '/dev/null']
[0.880s] DEBUG:colcon:Parsed command line arguments: Namespace(log_base=None, log_level=None, verb_name='list', build_base='build', ignore_user_meta=False, metas=['./colcon.meta'], base_paths=['/home/sick/Documents/Proyecto/ProyectoROS', '--log-base', '/dev/null'], packages_ignore=None, packages_ignore_regex=None, paths=None, packages_up_to=None, packages_up_to_regex=None, packages_above=None, packages_above_and_dependencies=None, packages_above_depth=None, packages_select_by_dep=None, packages_skip_by_dep=None, packages_skip_up_to=None, packages_select_build_failed=False, packages_skip_build_finished=False, packages_select_test_failures=False, packages_skip_test_passed=False, packages_select=None, packages_skip=None, packages_select_regex=None, packages_skip_regex=None, packages_start=None, packages_end=None, allow_overriding=[], topological_order=False, names_only=False, paths_only=True, topological_graph=False, topological_graph_dot=False, topological_graph_density=False, topological_graph_legend=False, topological_graph_dot_cluster=False, topological_graph_dot_include_skipped=False, mixin_files=None, mixin=None, verb_parser=<colcon_mixin.mixin.mixin_argument.MixinArgumentDecorator object at 0x7b4a71c5ef50>, verb_extension=<colcon_package_information.verb.list.ListVerb object at 0x7b4a71d73400>, main=<bound method ListVerb.main of <colcon_package_information.verb.list.ListVerb object at 0x7b4a71d73400>>, mixin_verb=('list',))
[2.253s] Level 1:colcon.colcon_core.package_discovery:discover_packages(colcon_meta) check parameters
[2.254s] Level 1:colcon.colcon_core.package_discovery:discover_packages(recursive) check parameters
[2.257s] Level 1:colcon.colcon_core.package_discovery:discover_packages(ignore) check parameters
[2.257s] Level 1:colcon.colcon_core.package_discovery:discover_packages(path) check parameters
[2.257s] Level 1:colcon.colcon_core.package_discovery:discover_packages(recursive) discover
[2.257s] INFO:colcon.colcon_core.package_discovery:Crawling recursively for packages in '/home/sick/Documents/Proyecto/ProyectoROS', '/home/sick/Documents/Proyecto/ProyectoROS/--log-base', '/dev/null'
[2.257s] Level 1:colcon.colcon_core.package_identification:_identify(/home/sick/Documents/Proyecto/ProyectoROS) by extensions ['ignore', 'ignore_ament_install']
[2.258s] Level 1:colcon.colcon_core.package_identification:_identify(/home/sick/Documents/Proyecto/ProyectoROS) by extension 'ignore'
[2.258s] Level 1:colcon.colcon_core.package_identification:_identify(/home/sick/Documents/Proyecto/ProyectoROS) by extension 'ignore_ament_install'
[2.258s] Level 1:colcon.colcon_core.package_identification:_identify(/home/sick/Documents/Proyecto/ProyectoROS) by extensions ['colcon_pkg']
[2.258s] Level 1:colcon.colcon_core.package_identification:_identify(/home/sick/Documents/Proyecto/ProyectoROS) by extension 'colcon_pkg'
[2.258s] Level 1:colcon.colcon_core.package_identification:_identify(/home/sick/Documents/Proyecto/ProyectoROS) by extensions ['colcon_meta']
[2.258s] Level 1:colcon.colcon_core.package_identification:_identify(/home/sick/Documents/Proyecto/ProyectoROS) by extension 'colcon_meta'
[2.260s] Level 1:colcon.colcon_core.package_identification:_identify(/home/sick/Documents/Proyecto/ProyectoROS) by extensions ['ros']
[2.260s] Level 1:colcon.colcon_core.package_identification:_identify(/home/sick/Documents/Proyecto/ProyectoROS) by extension 'ros'
[2.351s] Level 1:colcon.colcon_core.package_identification:_identify(/home/sick/Documents/Proyecto/ProyectoROS) by extensions ['cmake', 'python']
[2.352s] Level 1:colcon.colcon_core.package_identification:_identify(/home/sick/Documents/Proyecto/ProyectoROS) by extension 'cmake'
[2.352s] Level 1:colcon.colcon_core.package_identification:_identify(/home/sick/Documents/Proyecto/ProyectoROS) by extension 'python'
[2.352s] Level 1:colcon.colcon_core.package_identification:_identify(/home/sick/Documents/Proyecto/ProyectoROS) by extensions ['python_setup_py']
[2.353s] Level 1:colcon.colcon_core.package_identification:_identify(/home/sick/Documents/Proyecto/ProyectoROS) by extension 'python_setup_py'
[2.353s] Level 1:colcon.colcon_core.package_identification:_identify(/home/sick/Documents/Proyecto/ProyectoROS/build) by extensions ['ignore', 'ignore_ament_install']
[2.353s] Level 1:colcon.colcon_core.package_identification:_identify(/home/sick/Documents/Proyecto/ProyectoROS/build) by extension 'ignore'
[2.353s] Level 1:colcon.colcon_core.package_identification:_identify(/home/sick/Documents/Proyecto/ProyectoROS/build) ignored
[2.353s] Level 1:colcon.colcon_core.package_identification:_identify(/home/sick/Documents/Proyecto/ProyectoROS/ejemplos_codigo) by extensions ['ignore', 'ignore_ament_install']
[2.353s] Level 1:colcon.colcon_core.package_identification:_identify(/home/sick/Documents/Proyecto/ProyectoROS/ejemplos_codigo) by extension 'ignore'
[2.353s] Level 1:colcon.colcon_core.package_identification:_identify(/home/sick/Documents/Proyecto/ProyectoROS/ejemplos_codigo) by extension 'ignore_ament_install'
[2.353s] Level 1:colcon.colcon_core.package_identification:_identify(/home/sick/Documents/Proyecto/ProyectoROS/ejemplos_codigo) by extensions ['colcon_pkg']
[2.353s] Level 1:colcon.colcon_core.package_identification:_identify(/home/sick/Documents/Proyecto/ProyectoROS/ejemplos_codigo) by extension 'colcon_pkg'
[2.353s] Level 1:colcon.colcon_core.package_identification:_identify(/home/sick/Documents/Proyecto/ProyectoROS/ejemplos_codigo) by extensions ['colcon_meta']
[2.353s] Level 1:colcon.colcon_core.package_identification:_identify(/home/sick/Documents/Proyecto/ProyectoROS/ejemplos_codigo) by extension 'colcon_meta'
[2.353s] Level 1:colcon.colcon_core.package_identification:_identify(/home/sick/Documents/Proyecto/ProyectoROS/ejemplos_codigo) by extensions ['ros']
[2.353s] Level 1:colcon.colcon_core.package_identification:_identify(/home/sick/Documents/Proyecto/ProyectoROS/ejemplos_codigo) by extension 'ros'
[2.354s] Level 1:colcon.colcon_core.package_identification:_identify(/home/sick/Documents/Proyecto/ProyectoROS/ejemplos_codigo) by extensions ['cmake', 'python']
[2.354s] Level 1:colcon.colcon_core.package_identification:_identify(/home/sick/Documents/Proyecto/ProyectoROS/ejemplos_codigo) by extension 'cmake'
[2.354s] Level 1:colcon.colcon_core.package_identification:_identify(/home/sick/Documents/Proyecto/ProyectoROS/ejemplos_codigo) by extension 'python'
[2.354s] Level 1:colcon.colcon_core.package_identification:_identify(/home/sick/Documents/Proyecto/ProyectoROS/ejemplos_codigo) by extensions ['python_setup_py']
[2.354s] Level 1:colcon.colcon_core.package_identification:_identify(/home/sick/Documents/Proyecto/ProyectoROS/ejemplos_codigo) by extension 'python_setup_py'
[2.354s] Level 1:colcon.colcon_core.package_identification:_identify(/home/sick/Documents/Proyecto/ProyectoROS/install) by extensions ['ignore', 'ignore_ament_install']
[2.354s] Level 1:colcon.colcon_core.package_identification:_identify(/home/sick/Documents/Proyecto/ProyectoROS/install) by extension 'ignore'
[2.354s] Level 1:colcon.colcon_core.package_identification:_identify(/home/sick/Documents/Proyecto/ProyectoROS/install) ignored
[2.354s] Level 1:colcon.colcon_core.package_identification:_identify(/home/sick/Documents/Proyecto/ProyectoROS/log) by extensions ['ignore', 'ignore_ament_install']
[2.355s] Level 1:colcon.colcon_core.package_identification:_identify(/home/sick/Documents/Proyecto/ProyectoROS/log) by extension 'ignore'
[2.355s] Level 1:colcon.colcon_core.package_identification:_identify(/home/sick/Documents/Proyecto/ProyectoROS/log) ignored
[2.355s] Level 1:colcon.colcon_core.package_identification:_identify(/home/sick/Documents/Proyecto/ProyectoROS/src) by extensions ['ignore', 'ignore_ament_install']
[2.355s] Level 1:colcon.colcon_core.package_identification:_identify(/home/sick/Documents/Proyecto/ProyectoROS/src) by extension 'ignore'
[2.355s] Level 1:colcon.colcon_core.package_identification:_identify(/home/sick/Documents/Proyecto/ProyectoROS/src) by extension 'ignore_ament_install'
[2.355s] Level 1:colcon.colcon_core.package_identification:_identify(/home/sick/Documents/Proyecto/ProyectoROS/src) by extensions ['colcon_pkg']
[2.355s] Level 1:colcon.colcon_core.package_identification:_identify(/home/sick/Documents/Proyecto/ProyectoROS/src) by extension 'colcon_pkg'
[2.355s] Level 1:colcon.colcon_core.package_identification:_identify(/home/sick/Documents/Proyecto/ProyectoROS/src) by extensions ['colcon_meta']
[2.355s] Level 1:colcon.colcon_core.package_identification:_identify(/home/sick/Documents/Proyecto/ProyectoROS/src) by extension 'colcon_meta'
[2.355s] Level 1:colcon.colcon_core.package_identification:_identify(/home/sick/Documents/Proyecto/ProyectoROS/src) by extensions ['ros']
[2.355s] Level 1:colcon.colcon_core.package_identification:_identify(/home/sick/Documents/Proyecto/ProyectoROS/src) by extension 'ros'
[2.356s] Level 1:colcon.colcon_core.package_identification:_identify(/home/sick/Documents/Proyecto/ProyectoROS/src) by extensions ['cmake', 'python']
[2.356s] Level 1:colcon.colcon_core.package_identification:_identify(/home/sick/Documents/Proyecto/ProyectoROS/src) by extension 'cmake'
[2.356s] Level 1:colcon.colcon_core.package_identification:_identify(/home/sick/Documents/Proyecto/ProyectoROS/src) by extension 'python'
[2.356s] Level 1:colcon.colcon_core.package_identification:_identify(/home/sick/Documents/Proyecto/ProyectoROS/src) by extensions ['python_setup_py']
[2.356s] Level 1:colcon.colcon_core.package_identification:_identify(/home/sick/Documents/Proyecto/ProyectoROS/src) by extension 'python_setup_py'
[2.356s] Level 1:colcon.colcon_core.package_identification:_identify(/home/sick/Documents/Proyecto/ProyectoROS/src/truck_positioning) by extensions ['ignore', 'ignore_ament_install']
[2.357s] Level 1:colcon.colcon_core.package_identification:_identify(/home/sick/Documents/Proyecto/ProyectoROS/src/truck_positioning) by extension 'ignore'
[2.357s] Level 1:colcon.colcon_core.package_identification:_identify(/home/sick/Documents/Proyecto/ProyectoROS/src/truck_positioning) by extension 'ignore_ament_install'
[2.357s] Level 1:colcon.colcon_core.package_identification:_identify(/home/sick/Documents/Proyecto/ProyectoROS/src/truck_positioning) by extensions ['colcon_pkg']
[2.357s] Level 1:colcon.colcon_core.package_identification:_identify(/home/sick/Documents/Proyecto/ProyectoROS/src/truck_positioning) by extension 'colcon_pkg'
[2.357s] Level 1:colcon.colcon_core.package_identification:_identify(/home/sick/Documents/Proyecto/ProyectoROS/src/truck_positioning) by extensions ['colcon_meta']
[2.357s] Level 1:colcon.colcon_core.package_identification:_identify(/home/sick/Documents/Proyecto/ProyectoROS/src/truck_positioning) by extension 'colcon_meta'
[2.357s] Level 1:colcon.colcon_core.package_identification:_identify(/home/sick/Documents/Proyecto/ProyectoROS/src/truck_positioning) by extensions ['ros']
[2.357s] Level 1:colcon.colcon_core.package_identification:_identify(/home/sick/Documents/Proyecto/ProyectoROS/src/truck_positioning) by extension 'ros'
[2.363s] DEBUG:colcon.colcon_core.package_identification:Package '/home/sick/Documents/Proyecto/ProyectoROS/src/truck_positioning' with type 'ros.ament_python' and name 'truck_positioning'
[2.364s] Level 1:colcon.colcon_core.package_discovery:discover_packages(recursive) using defaults
