[0.632s] Invoking command in '/home/nuc/Documentos/GitHub/ProyectoROS/build/truck_positioning': PYTHONPATH=/home/nuc/Documentos/GitHub/ProyectoROS/build/truck_positioning/prefix_override:/usr/lib/python3/dist-packages/colcon_core/task/python/colcon_distutils_commands:/home/nuc/Documentos/GitHub/ProyectoROS/install/truck_positioning/lib/python3.10/site-packages:${PYTHONPATH} /usr/bin/python3 -W ignore:setup.py install is deprecated -W ignore:easy_install command is deprecated setup.py develop --editable --build-directory /home/nuc/Documentos/GitHub/ProyectoROS/build/truck_positioning/build --no-deps symlink_data
[0.908s] running develop
[1.073s] running egg_info
[1.073s] writing truck_positioning.egg-info/PKG-INFO
[1.074s] writing dependency_links to truck_positioning.egg-info/dependency_links.txt
[1.074s] writing entry points to truck_positioning.egg-info/entry_points.txt
[1.074s] writing requirements to truck_positioning.egg-info/requires.txt
[1.074s] writing top-level names to truck_positioning.egg-info/top_level.txt
[1.076s] reading manifest file 'truck_positioning.egg-info/SOURCES.txt'
[1.077s] writing manifest file 'truck_positioning.egg-info/SOURCES.txt'
[1.078s] running build_ext
[1.079s] Creating /home/nuc/Documentos/GitHub/ProyectoROS/install/truck_positioning/lib/python3.10/site-packages/truck-positioning.egg-link (link to .)
[1.080s] Installing calculador_distancia script to /home/nuc/Documentos/GitHub/ProyectoROS/install/truck_positioning/lib/truck_positioning
[1.081s] Installing interfaz_camion script to /home/nuc/Documentos/GitHub/ProyectoROS/install/truck_positioning/lib/truck_positioning
[1.081s] Installing lector script to /home/nuc/Documentos/GitHub/ProyectoROS/install/truck_positioning/lib/truck_positioning
[1.081s] Installing logic_node script to /home/nuc/Documentos/GitHub/ProyectoROS/install/truck_positioning/lib/truck_positioning
[1.081s] Installing monitor_dual script to /home/nuc/Documentos/GitHub/ProyectoROS/install/truck_positioning/lib/truck_positioning
[1.081s] Installing visualizador script to /home/nuc/Documentos/GitHub/ProyectoROS/install/truck_positioning/lib/truck_positioning
[1.082s] Installing visualizador_amarillo script to /home/nuc/Documentos/GitHub/ProyectoROS/install/truck_positioning/lib/truck_positioning
[1.082s] 
[1.082s] Installed /home/nuc/Documentos/GitHub/ProyectoROS/build/truck_positioning
[1.082s] running symlink_data
[1.112s] Invoked command in '/home/nuc/Documentos/GitHub/ProyectoROS/build/truck_positioning' returned '0': PYTHONPATH=/home/nuc/Documentos/GitHub/ProyectoROS/build/truck_positioning/prefix_override:/usr/lib/python3/dist-packages/colcon_core/task/python/colcon_distutils_commands:/home/nuc/Documentos/GitHub/ProyectoROS/install/truck_positioning/lib/python3.10/site-packages:${PYTHONPATH} /usr/bin/python3 -W ignore:setup.py install is deprecated -W ignore:easy_install command is deprecated setup.py develop --editable --build-directory /home/nuc/Documentos/GitHub/ProyectoROS/build/truck_positioning/build --no-deps symlink_data
