[0.629s] Invoking command in '/home/sick/Documents/GitHub/ProyectoROS/build/truck_positioning': PYTHONPATH=/home/sick/Documents/GitHub/ProyectoROS/build/truck_positioning/prefix_override:/usr/lib/python3/dist-packages/colcon_core/task/python/colcon_distutils_commands:/home/sick/Documents/GitHub/ProyectoROS/install/truck_positioning/lib/python3.10/site-packages:${PYTHONPATH} /usr/bin/python3 -W ignore:setup.py install is deprecated -W ignore:easy_install command is deprecated setup.py develop --editable --build-directory /home/sick/Documents/GitHub/ProyectoROS/build/truck_positioning/build --no-deps symlink_data
[0.858s] running develop
[1.005s] running egg_info
[1.005s] writing truck_positioning.egg-info/PKG-INFO
[1.005s] writing dependency_links to truck_positioning.egg-info/dependency_links.txt
[1.005s] writing entry points to truck_positioning.egg-info/entry_points.txt
[1.005s] writing requirements to truck_positioning.egg-info/requires.txt
[1.005s] writing top-level names to truck_positioning.egg-info/top_level.txt
[1.008s] reading manifest file 'truck_positioning.egg-info/SOURCES.txt'
[1.008s] writing manifest file 'truck_positioning.egg-info/SOURCES.txt'
[1.010s] running build_ext
[1.010s] Creating /home/sick/Documents/GitHub/ProyectoROS/install/truck_positioning/lib/python3.10/site-packages/truck-positioning.egg-link (link to .)
[1.010s] Installing lector script to /home/sick/Documents/GitHub/ProyectoROS/install/truck_positioning/lib/truck_positioning
[1.010s] Installing logic_node script to /home/sick/Documents/GitHub/ProyectoROS/install/truck_positioning/lib/truck_positioning
[1.011s] Installing monitor_dual script to /home/sick/Documents/GitHub/ProyectoROS/install/truck_positioning/lib/truck_positioning
[1.011s] Installing visualizador script to /home/sick/Documents/GitHub/ProyectoROS/install/truck_positioning/lib/truck_positioning
[1.011s] Installing visualizador_amarillo script to /home/sick/Documents/GitHub/ProyectoROS/install/truck_positioning/lib/truck_positioning
[1.011s] 
[1.011s] Installed /home/sick/Documents/GitHub/ProyectoROS/build/truck_positioning
[1.011s] running symlink_data
[1.011s] symbolically linking /home/sick/Documents/GitHub/ProyectoROS/build/truck_positioning/truck_positioning/sensor_antiguo.launch.py -> /home/sick/Documents/GitHub/ProyectoROS/install/truck_positioning/share/truck_positioning
[1.040s] Invoked command in '/home/sick/Documents/GitHub/ProyectoROS/build/truck_positioning' returned '0': PYTHONPATH=/home/sick/Documents/GitHub/ProyectoROS/build/truck_positioning/prefix_override:/usr/lib/python3/dist-packages/colcon_core/task/python/colcon_distutils_commands:/home/sick/Documents/GitHub/ProyectoROS/install/truck_positioning/lib/python3.10/site-packages:${PYTHONPATH} /usr/bin/python3 -W ignore:setup.py install is deprecated -W ignore:easy_install command is deprecated setup.py develop --editable --build-directory /home/sick/Documents/GitHub/ProyectoROS/build/truck_positioning/build --no-deps symlink_data
