running develop
running egg_info
creating truck_positioning.egg-info
writing truck_positioning.egg-info/PKG-INFO
writing dependency_links to truck_positioning.egg-info/dependency_links.txt
writing entry points to truck_positioning.egg-info/entry_points.txt
writing requirements to truck_positioning.egg-info/requires.txt
writing top-level names to truck_positioning.egg-info/top_level.txt
writing manifest file 'truck_positioning.egg-info/SOURCES.txt'
reading manifest file 'truck_positioning.egg-info/SOURCES.txt'
writing manifest file 'truck_positioning.egg-info/SOURCES.txt'
running build_ext
Creating /home/sick/Documents/GitHub/ProyectoROS/src/install/truck_positioning/lib/python3.10/site-packages/truck-positioning.egg-link (link to .)
Installing lector script to /home/sick/Documents/GitHub/ProyectoROS/src/install/truck_positioning/lib/truck_positioning
Installing logic_node script to /home/sick/Documents/GitHub/ProyectoROS/src/install/truck_positioning/lib/truck_positioning
Installing monitor_dual script to /home/sick/Documents/GitHub/ProyectoROS/src/install/truck_positioning/lib/truck_positioning
Installing visualizador script to /home/sick/Documents/GitHub/ProyectoROS/src/install/truck_positioning/lib/truck_positioning
Installing visualizador_amarillo script to /home/sick/Documents/GitHub/ProyectoROS/src/install/truck_positioning/lib/truck_positioning

Installed /home/sick/Documents/GitHub/ProyectoROS/src/build/truck_positioning
running symlink_data
creating /home/sick/Documents/GitHub/ProyectoROS/src/install/truck_positioning/share/ament_index
creating /home/sick/Documents/GitHub/ProyectoROS/src/install/truck_positioning/share/ament_index/resource_index
creating /home/sick/Documents/GitHub/ProyectoROS/src/install/truck_positioning/share/ament_index/resource_index/packages
symbolically linking /home/sick/Documents/GitHub/ProyectoROS/src/build/truck_positioning/resource/truck_positioning -> /home/sick/Documents/GitHub/ProyectoROS/src/install/truck_positioning/share/ament_index/resource_index/packages
symbolically linking /home/sick/Documents/GitHub/ProyectoROS/src/build/truck_positioning/package.xml -> /home/sick/Documents/GitHub/ProyectoROS/src/install/truck_positioning/share/truck_positioning
