[0.718s] Invoking command in '/home/sick/Documents/GitHub/ProyectoROS/src/build/truck_positioning': PYTHONPATH=/home/sick/Documents/GitHub/ProyectoROS/src/build/truck_positioning/prefix_override:/usr/lib/python3/dist-packages/colcon_core/task/python/colcon_distutils_commands:/home/sick/Documents/GitHub/ProyectoROS/src/install/truck_positioning/lib/python3.10/site-packages:${PYTHONPATH} /usr/bin/python3 -W ignore:setup.py install is deprecated -W ignore:easy_install command is deprecated setup.py develop --editable --build-directory /home/sick/Documents/GitHub/ProyectoROS/src/build/truck_positioning/build --no-deps symlink_data
[1.006s] running develop
[1.145s] running egg_info
[1.145s] creating truck_positioning.egg-info
[1.145s] writing truck_positioning.egg-info/PKG-INFO
[1.145s] writing dependency_links to truck_positioning.egg-info/dependency_links.txt
[1.146s] writing entry points to truck_positioning.egg-info/entry_points.txt
[1.146s] writing requirements to truck_positioning.egg-info/requires.txt
[1.146s] writing top-level names to truck_positioning.egg-info/top_level.txt
[1.147s] writing manifest file 'truck_positioning.egg-info/SOURCES.txt'
[1.149s] reading manifest file 'truck_positioning.egg-info/SOURCES.txt'
[1.150s] writing manifest file 'truck_positioning.egg-info/SOURCES.txt'
[1.151s] running build_ext
[1.151s] Creating /home/sick/Documents/GitHub/ProyectoROS/src/install/truck_positioning/lib/python3.10/site-packages/truck-positioning.egg-link (link to .)
[1.153s] Installing lector script to /home/sick/Documents/GitHub/ProyectoROS/src/install/truck_positioning/lib/truck_positioning
[1.153s] Installing logic_node script to /home/sick/Documents/GitHub/ProyectoROS/src/install/truck_positioning/lib/truck_positioning
[1.153s] Installing monitor_dual script to /home/sick/Documents/GitHub/ProyectoROS/src/install/truck_positioning/lib/truck_positioning
[1.153s] Installing visualizador script to /home/sick/Documents/GitHub/ProyectoROS/src/install/truck_positioning/lib/truck_positioning
[1.153s] Installing visualizador_amarillo script to /home/sick/Documents/GitHub/ProyectoROS/src/install/truck_positioning/lib/truck_positioning
[1.153s] 
[1.153s] Installed /home/sick/Documents/GitHub/ProyectoROS/src/build/truck_positioning
[1.153s] running symlink_data
[1.153s] creating /home/sick/Documents/GitHub/ProyectoROS/src/install/truck_positioning/share/ament_index
[1.154s] creating /home/sick/Documents/GitHub/ProyectoROS/src/install/truck_positioning/share/ament_index/resource_index
[1.154s] creating /home/sick/Documents/GitHub/ProyectoROS/src/install/truck_positioning/share/ament_index/resource_index/packages
[1.154s] symbolically linking /home/sick/Documents/GitHub/ProyectoROS/src/build/truck_positioning/resource/truck_positioning -> /home/sick/Documents/GitHub/ProyectoROS/src/install/truck_positioning/share/ament_index/resource_index/packages
[1.154s] symbolically linking /home/sick/Documents/GitHub/ProyectoROS/src/build/truck_positioning/package.xml -> /home/sick/Documents/GitHub/ProyectoROS/src/install/truck_positioning/share/truck_positioning
[1.207s] Invoked command in '/home/sick/Documents/GitHub/ProyectoROS/src/build/truck_positioning' returned '0': PYTHONPATH=/home/sick/Documents/GitHub/ProyectoROS/src/build/truck_positioning/prefix_override:/usr/lib/python3/dist-packages/colcon_core/task/python/colcon_distutils_commands:/home/sick/Documents/GitHub/ProyectoROS/src/install/truck_positioning/lib/python3.10/site-packages:${PYTHONPATH} /usr/bin/python3 -W ignore:setup.py install is deprecated -W ignore:easy_install command is deprecated setup.py develop --editable --build-directory /home/sick/Documents/GitHub/ProyectoROS/src/build/truck_positioning/build --no-deps symlink_data
