[0.603s] Invoking command in '/home/sick/Documents/GitHub/ProyectoROS/src/truck_positioning': PYTHONPATH=/home/sick/Documents/GitHub/ProyectoROS/build/truck_positioning/prefix_override:/usr/lib/python3/dist-packages/colcon_core/task/python/colcon_distutils_commands:/home/sick/Documents/GitHub/ProyectoROS/install/truck_positioning/lib/python3.10/site-packages:${PYTHONPATH} /usr/bin/python3 -W ignore:setup.py install is deprecated -W ignore:easy_install command is deprecated setup.py egg_info --egg-base ../../build/truck_positioning build --build-base /home/sick/Documents/GitHub/ProyectoROS/build/truck_positioning/build install --record /home/sick/Documents/GitHub/ProyectoROS/build/truck_positioning/install.log --single-version-externally-managed install_data
[0.834s] running egg_info
[0.836s] writing ../../build/truck_positioning/truck_positioning.egg-info/PKG-INFO
[0.837s] writing dependency_links to ../../build/truck_positioning/truck_positioning.egg-info/dependency_links.txt
[0.837s] writing entry points to ../../build/truck_positioning/truck_positioning.egg-info/entry_points.txt
[0.838s] writing requirements to ../../build/truck_positioning/truck_positioning.egg-info/requires.txt
[0.839s] writing top-level names to ../../build/truck_positioning/truck_positioning.egg-info/top_level.txt
[0.842s] reading manifest file '../../build/truck_positioning/truck_positioning.egg-info/SOURCES.txt'
[0.842s] writing manifest file '../../build/truck_positioning/truck_positioning.egg-info/SOURCES.txt'
[0.842s] running build
[0.843s] running build_py
[0.843s] copying truck_positioning/visualizador_perfil.py.launch.py -> /home/sick/Documents/GitHub/ProyectoROS/build/truck_positioning/build/lib/truck_positioning
[0.843s] running install
[0.862s] running install_lib
[0.862s] copying /home/sick/Documents/GitHub/ProyectoROS/build/truck_positioning/build/lib/truck_positioning/visualizador_perfil.py.launch.py -> /home/sick/Documents/GitHub/ProyectoROS/install/truck_positioning/lib/python3.10/site-packages/truck_positioning
[0.862s] byte-compiling /home/sick/Documents/GitHub/ProyectoROS/install/truck_positioning/lib/python3.10/site-packages/truck_positioning/visualizador_perfil.py.launch.py to visualizador_perfil.py.launch.cpython-310.pyc
[0.863s] running install_data
[0.863s] running install_egg_info
[0.863s] removing '/home/sick/Documents/GitHub/ProyectoROS/install/truck_positioning/lib/python3.10/site-packages/truck_positioning-0.0.0-py3.10.egg-info' (and everything under it)
[0.863s] Copying ../../build/truck_positioning/truck_positioning.egg-info to /home/sick/Documents/GitHub/ProyectoROS/install/truck_positioning/lib/python3.10/site-packages/truck_positioning-0.0.0-py3.10.egg-info
[0.863s] running install_scripts
[0.863s] Installing lector script to /home/sick/Documents/GitHub/ProyectoROS/install/truck_positioning/lib/truck_positioning
[0.863s] Installing logic_node script to /home/sick/Documents/GitHub/ProyectoROS/install/truck_positioning/lib/truck_positioning
[0.866s] Installing monitor_dual script to /home/sick/Documents/GitHub/ProyectoROS/install/truck_positioning/lib/truck_positioning
[0.866s] Installing visualizador script to /home/sick/Documents/GitHub/ProyectoROS/install/truck_positioning/lib/truck_positioning
[0.866s] Installing visualizador_amarillo script to /home/sick/Documents/GitHub/ProyectoROS/install/truck_positioning/lib/truck_positioning
[0.866s] writing list of installed files to '/home/sick/Documents/GitHub/ProyectoROS/build/truck_positioning/install.log'
[0.907s] Invoked command in '/home/sick/Documents/GitHub/ProyectoROS/src/truck_positioning' returned '0': PYTHONPATH=/home/sick/Documents/GitHub/ProyectoROS/build/truck_positioning/prefix_override:/usr/lib/python3/dist-packages/colcon_core/task/python/colcon_distutils_commands:/home/sick/Documents/GitHub/ProyectoROS/install/truck_positioning/lib/python3.10/site-packages:${PYTHONPATH} /usr/bin/python3 -W ignore:setup.py install is deprecated -W ignore:easy_install command is deprecated setup.py egg_info --egg-base ../../build/truck_positioning build --build-base /home/sick/Documents/GitHub/ProyectoROS/build/truck_positioning/build install --record /home/sick/Documents/GitHub/ProyectoROS/build/truck_positioning/install.log --single-version-externally-managed install_data
