/home/sick/Documents/GitHub/ProyectoROS/src/truck_positioning/install/truck_positioning/lib/python3.10/site-packages/truck_positioning/visualizador_perfil.py
/home/sick/Documents/GitHub/ProyectoROS/src/truck_positioning/install/truck_positioning/lib/python3.10/site-packages/truck_positioning/__init__.py
/home/sick/Documents/GitHub/ProyectoROS/src/truck_positioning/install/truck_positioning/lib/python3.10/site-packages/truck_positioning/visualizador_amarillo.py
/home/sick/Documents/GitHub/ProyectoROS/src/truck_positioning/install/truck_positioning/lib/python3.10/site-packages/truck_positioning/logic_node.py
/home/sick/Documents/GitHub/ProyectoROS/src/truck_positioning/install/truck_positioning/lib/python3.10/site-packages/truck_positioning/monitor_dual.py
/home/sick/Documents/GitHub/ProyectoROS/src/truck_positioning/install/truck_positioning/lib/python3.10/site-packages/truck_positioning/ejemplo.py
/home/sick/Documents/GitHub/ProyectoROS/src/truck_positioning/install/truck_positioning/lib/python3.10/site-packages/truck_positioning/__pycache__/visualizador_perfil.cpython-310.pyc
/home/sick/Documents/GitHub/ProyectoROS/src/truck_positioning/install/truck_positioning/lib/python3.10/site-packages/truck_positioning/__pycache__/__init__.cpython-310.pyc
/home/sick/Documents/GitHub/ProyectoROS/src/truck_positioning/install/truck_positioning/lib/python3.10/site-packages/truck_positioning/__pycache__/visualizador_amarillo.cpython-310.pyc
/home/sick/Documents/GitHub/ProyectoROS/src/truck_positioning/install/truck_positioning/lib/python3.10/site-packages/truck_positioning/__pycache__/logic_node.cpython-310.pyc
/home/sick/Documents/GitHub/ProyectoROS/src/truck_positioning/install/truck_positioning/lib/python3.10/site-packages/truck_positioning/__pycache__/monitor_dual.cpython-310.pyc
/home/sick/Documents/GitHub/ProyectoROS/src/truck_positioning/install/truck_positioning/lib/python3.10/site-packages/truck_positioning/__pycache__/ejemplo.cpython-310.pyc
/home/sick/Documents/GitHub/ProyectoROS/src/truck_positioning/install/truck_positioning/share/ament_index/resource_index/packages/truck_positioning
/home/sick/Documents/GitHub/ProyectoROS/src/truck_positioning/install/truck_positioning/share/truck_positioning/package.xml
/home/sick/Documents/GitHub/ProyectoROS/src/truck_positioning/install/truck_positioning/lib/python3.10/site-packages/truck_positioning-0.0.0-py3.10.egg-info/dependency_links.txt
/home/sick/Documents/GitHub/ProyectoROS/src/truck_positioning/install/truck_positioning/lib/python3.10/site-packages/truck_positioning-0.0.0-py3.10.egg-info/entry_points.txt
/home/sick/Documents/GitHub/ProyectoROS/src/truck_positioning/install/truck_positioning/lib/python3.10/site-packages/truck_positioning-0.0.0-py3.10.egg-info/zip-safe
/home/sick/Documents/GitHub/ProyectoROS/src/truck_positioning/install/truck_positioning/lib/python3.10/site-packages/truck_positioning-0.0.0-py3.10.egg-info/requires.txt
/home/sick/Documents/GitHub/ProyectoROS/src/truck_positioning/install/truck_positioning/lib/python3.10/site-packages/truck_positioning-0.0.0-py3.10.egg-info/PKG-INFO
/home/sick/Documents/GitHub/ProyectoROS/src/truck_positioning/install/truck_positioning/lib/python3.10/site-packages/truck_positioning-0.0.0-py3.10.egg-info/SOURCES.txt
/home/sick/Documents/GitHub/ProyectoROS/src/truck_positioning/install/truck_positioning/lib/python3.10/site-packages/truck_positioning-0.0.0-py3.10.egg-info/top_level.txt
/home/sick/Documents/GitHub/ProyectoROS/src/truck_positioning/install/truck_positioning/lib/truck_positioning/lector
/home/sick/Documents/GitHub/ProyectoROS/src/truck_positioning/install/truck_positioning/lib/truck_positioning/logic_node
/home/sick/Documents/GitHub/ProyectoROS/src/truck_positioning/install/truck_positioning/lib/truck_positioning/monitor_dual
/home/sick/Documents/GitHub/ProyectoROS/src/truck_positioning/install/truck_positioning/lib/truck_positioning/visualizador
/home/sick/Documents/GitHub/ProyectoROS/src/truck_positioning/install/truck_positioning/lib/truck_positioning/visualizador_amarillo
