running egg_info
writing ../../build/truck_positioning/truck_positioning.egg-info/PKG-INFO
writing dependency_links to ../../build/truck_positioning/truck_positioning.egg-info/dependency_links.txt
writing entry points to ../../build/truck_positioning/truck_positioning.egg-info/entry_points.txt
writing requirements to ../../build/truck_positioning/truck_positioning.egg-info/requires.txt
writing top-level names to ../../build/truck_positioning/truck_positioning.egg-info/top_level.txt
reading manifest file '../../build/truck_positioning/truck_positioning.egg-info/SOURCES.txt'
writing manifest file '../../build/truck_positioning/truck_positioning.egg-info/SOURCES.txt'
running build
running build_py
running install
running install_lib
running install_data
running install_egg_info
removing '/home/sick/Documents/GitHub/ProyectoROS/install/truck_positioning/lib/python3.10/site-packages/truck_positioning-0.0.0-py3.10.egg-info' (and everything under it)
Copying ../../build/truck_positioning/truck_positioning.egg-info to /home/sick/Documents/GitHub/ProyectoROS/install/truck_positioning/lib/python3.10/site-packages/truck_positioning-0.0.0-py3.10.egg-info
running install_scripts
Installing lector script to /home/sick/Documents/GitHub/ProyectoROS/install/truck_positioning/lib/truck_positioning
Installing logic_node script to /home/sick/Documents/GitHub/ProyectoROS/install/truck_positioning/lib/truck_positioning
writing list of installed files to '/home/sick/Documents/GitHub/ProyectoROS/build/truck_positioning/install.log'
