[1.316s] Invoking command in '/home/sick/ProyectoROS/src/truck_positioning': PYTHONPATH=/home/sick/ProyectoROS/build/truck_positioning/prefix_override:/usr/lib/python3/dist-packages/colcon_core/task/python/colcon_distutils_commands:/home/sick/ProyectoROS/install/truck_positioning/lib/python3.10/site-packages:${PYTHONPATH} /usr/bin/python3 -W ignore:setup.py install is deprecated -W ignore:easy_install command is deprecated setup.py egg_info --egg-base ../../build/truck_positioning build --build-base /home/sick/ProyectoROS/build/truck_positioning/build install --record /home/sick/ProyectoROS/build/truck_positioning/install.log --single-version-externally-managed install_data
[1.793s] running egg_info
[1.797s] writing ../../build/truck_positioning/truck_positioning.egg-info/PKG-INFO
[1.797s] writing dependency_links to ../../build/truck_positioning/truck_positioning.egg-info/dependency_links.txt
[1.798s] writing entry points to ../../build/truck_positioning/truck_positioning.egg-info/entry_points.txt
[1.798s] writing requirements to ../../build/truck_positioning/truck_positioning.egg-info/requires.txt
[1.798s] writing top-level names to ../../build/truck_positioning/truck_positioning.egg-info/top_level.txt
[1.800s] reading manifest file '../../build/truck_positioning/truck_positioning.egg-info/SOURCES.txt'
[1.804s] writing manifest file '../../build/truck_positioning/truck_positioning.egg-info/SOURCES.txt'
[1.804s] running build
[1.804s] running build_py
[1.805s] running install
[1.806s] running install_lib
[1.810s] running install_data
[1.810s] running install_egg_info
[1.812s] removing '/home/sick/ProyectoROS/install/truck_positioning/lib/python3.10/site-packages/truck_positioning-0.0.0-py3.10.egg-info' (and everything under it)
[1.813s] Copying ../../build/truck_positioning/truck_positioning.egg-info to /home/sick/ProyectoROS/install/truck_positioning/lib/python3.10/site-packages/truck_positioning-0.0.0-py3.10.egg-info
[1.815s] running install_scripts
[1.860s] Installing logic_node script to /home/sick/ProyectoROS/install/truck_positioning/lib/truck_positioning
[1.862s] writing list of installed files to '/home/sick/ProyectoROS/build/truck_positioning/install.log'
[1.903s] Invoked command in '/home/sick/ProyectoROS/src/truck_positioning' returned '0': PYTHONPATH=/home/sick/ProyectoROS/build/truck_positioning/prefix_override:/usr/lib/python3/dist-packages/colcon_core/task/python/colcon_distutils_commands:/home/sick/ProyectoROS/install/truck_positioning/lib/python3.10/site-packages:${PYTHONPATH} /usr/bin/python3 -W ignore:setup.py install is deprecated -W ignore:easy_install command is deprecated setup.py egg_info --egg-base ../../build/truck_positioning build --build-base /home/sick/ProyectoROS/build/truck_positioning/build install --record /home/sick/ProyectoROS/build/truck_positioning/install.log --single-version-externally-managed install_data
