[0.347s] DEBUG:colcon:Command line arguments: ['/usr/bin/colcon', 'build', '--packages-select', 'truck_positioning']
[0.347s] DEBUG:colcon:Parsed command line arguments: Namespace(log_base=None, log_level=None, verb_name='build', build_base='build', install_base='install', merge_install=False, symlink_install=False, test_result_base=None, continue_on_error=False, executor='parallel', parallel_workers=3, event_handlers=None, ignore_user_meta=False, metas=['./colcon.meta'], base_paths=['.'], packages_ignore=None, packages_ignore_regex=None, paths=None, packages_up_to=None, packages_up_to_regex=None, packages_above=None, packages_above_and_dependencies=None, packages_above_depth=None, packages_select_by_dep=None, packages_skip_by_dep=None, packages_skip_up_to=None, packages_select_build_failed=False, packages_skip_build_finished=False, packages_select_test_failures=False, packages_skip_test_passed=False, packages_select=['truck_positioning'], packages_skip=None, packages_select_regex=None, packages_skip_regex=None, packages_start=None, packages_end=None, allow_overriding=[], cmake_args=None, cmake_target=None, cmake_target_skip_unavailable=False, cmake_clean_cache=False, cmake_clean_first=False, cmake_force_configure=False, ament_cmake_args=None, catkin_cmake_args=None, catkin_skip_building_tests=False, mixin_files=None, mixin=None, verb_parser=<colcon_mixin.mixin.mixin_argument.MixinArgumentDecorator object at 0x7ee3ee43d870>, verb_extension=<colcon_core.verb.build.BuildVerb object at 0x7ee3ee43ce50>, main=<bound method BuildVerb.main of <colcon_core.verb.build.BuildVerb object at 0x7ee3ee43ce50>>, mixin_verb=('build',))
[0.888s] Level 1:colcon.colcon_core.package_discovery:discover_packages(colcon_meta) check parameters
[0.888s] Level 1:colcon.colcon_core.package_discovery:discover_packages(recursive) check parameters
[0.888s] Level 1:colcon.colcon_core.package_discovery:discover_packages(ignore) check parameters
[0.888s] Level 1:colcon.colcon_core.package_discovery:discover_packages(path) check parameters
[0.888s] Level 1:colcon.colcon_core.package_discovery:discover_packages(colcon_meta) discover
[0.888s] Level 1:colcon.colcon_core.package_discovery:discover_packages(recursive) discover
[0.888s] INFO:colcon.colcon_core.package_discovery:Crawling recursively for packages in '/home/sick/Documents/GitHub/ProyectoROS'
[0.889s] Level 1:colcon.colcon_core.package_identification:_identify(.) by extensions ['ignore', 'ignore_ament_install']
[0.889s] Level 1:colcon.colcon_core.package_identification:_identify(.) by extension 'ignore'
[0.889s] Level 1:colcon.colcon_core.package_identification:_identify(.) by extension 'ignore_ament_install'
[0.889s] Level 1:colcon.colcon_core.package_identification:_identify(.) by extensions ['colcon_pkg']
[0.889s] Level 1:colcon.colcon_core.package_identification:_identify(.) by extension 'colcon_pkg'
[0.889s] Level 1:colcon.colcon_core.package_identification:_identify(.) by extensions ['colcon_meta']
[0.889s] Level 1:colcon.colcon_core.package_identification:_identify(.) by extension 'colcon_meta'
[0.889s] Level 1:colcon.colcon_core.package_identification:_identify(.) by extensions ['ros']
[0.889s] Level 1:colcon.colcon_core.package_identification:_identify(.) by extension 'ros'
[0.918s] Level 1:colcon.colcon_core.package_identification:_identify(.) by extensions ['cmake', 'python']
[0.918s] Level 1:colcon.colcon_core.package_identification:_identify(.) by extension 'cmake'
[0.918s] Level 1:colcon.colcon_core.package_identification:_identify(.) by extension 'python'
[0.918s] Level 1:colcon.colcon_core.package_identification:_identify(.) by extensions ['python_setup_py']
[0.918s] Level 1:colcon.colcon_core.package_identification:_identify(.) by extension 'python_setup_py'
[0.918s] Level 1:colcon.colcon_core.package_identification:_identify(build) by extensions ['ignore', 'ignore_ament_install']
[0.918s] Level 1:colcon.colcon_core.package_identification:_identify(build) by extension 'ignore'
[0.918s] Level 1:colcon.colcon_core.package_identification:_identify(build) ignored
[0.920s] Level 1:colcon.colcon_core.package_identification:_identify(ejemplos_codigo) by extensions ['ignore', 'ignore_ament_install']
[0.920s] Level 1:colcon.colcon_core.package_identification:_identify(ejemplos_codigo) by extension 'ignore'
[0.920s] Level 1:colcon.colcon_core.package_identification:_identify(ejemplos_codigo) by extension 'ignore_ament_install'
[0.920s] Level 1:colcon.colcon_core.package_identification:_identify(ejemplos_codigo) by extensions ['colcon_pkg']
[0.920s] Level 1:colcon.colcon_core.package_identification:_identify(ejemplos_codigo) by extension 'colcon_pkg'
[0.920s] Level 1:colcon.colcon_core.package_identification:_identify(ejemplos_codigo) by extensions ['colcon_meta']
[0.920s] Level 1:colcon.colcon_core.package_identification:_identify(ejemplos_codigo) by extension 'colcon_meta'
[0.920s] Level 1:colcon.colcon_core.package_identification:_identify(ejemplos_codigo) by extensions ['ros']
[0.920s] Level 1:colcon.colcon_core.package_identification:_identify(ejemplos_codigo) by extension 'ros'
[0.920s] Level 1:colcon.colcon_core.package_identification:_identify(ejemplos_codigo) by extensions ['cmake', 'python']
[0.920s] Level 1:colcon.colcon_core.package_identification:_identify(ejemplos_codigo) by extension 'cmake'
[0.920s] Level 1:colcon.colcon_core.package_identification:_identify(ejemplos_codigo) by extension 'python'
[0.920s] Level 1:colcon.colcon_core.package_identification:_identify(ejemplos_codigo) by extensions ['python_setup_py']
[0.920s] Level 1:colcon.colcon_core.package_identification:_identify(ejemplos_codigo) by extension 'python_setup_py'
[0.920s] Level 1:colcon.colcon_core.package_identification:_identify(install) by extensions ['ignore', 'ignore_ament_install']
[0.920s] Level 1:colcon.colcon_core.package_identification:_identify(install) by extension 'ignore'
[0.920s] Level 1:colcon.colcon_core.package_identification:_identify(install) ignored
[0.921s] Level 1:colcon.colcon_core.package_identification:_identify(log) by extensions ['ignore', 'ignore_ament_install']
[0.921s] Level 1:colcon.colcon_core.package_identification:_identify(log) by extension 'ignore'
[0.921s] Level 1:colcon.colcon_core.package_identification:_identify(log) ignored
[0.922s] Level 1:colcon.colcon_core.package_identification:_identify(src) by extensions ['ignore', 'ignore_ament_install']
[0.922s] Level 1:colcon.colcon_core.package_identification:_identify(src) by extension 'ignore'
[0.922s] Level 1:colcon.colcon_core.package_identification:_identify(src) by extension 'ignore_ament_install'
[0.922s] Level 1:colcon.colcon_core.package_identification:_identify(src) by extensions ['colcon_pkg']
[0.922s] Level 1:colcon.colcon_core.package_identification:_identify(src) by extension 'colcon_pkg'
[0.922s] Level 1:colcon.colcon_core.package_identification:_identify(src) by extensions ['colcon_meta']
[0.922s] Level 1:colcon.colcon_core.package_identification:_identify(src) by extension 'colcon_meta'
[0.922s] Level 1:colcon.colcon_core.package_identification:_identify(src) by extensions ['ros']
[0.922s] Level 1:colcon.colcon_core.package_identification:_identify(src) by extension 'ros'
[0.922s] Level 1:colcon.colcon_core.package_identification:_identify(src) by extensions ['cmake', 'python']
[0.922s] Level 1:colcon.colcon_core.package_identification:_identify(src) by extension 'cmake'
[0.922s] Level 1:colcon.colcon_core.package_identification:_identify(src) by extension 'python'
[0.922s] Level 1:colcon.colcon_core.package_identification:_identify(src) by extensions ['python_setup_py']
[0.922s] Level 1:colcon.colcon_core.package_identification:_identify(src) by extension 'python_setup_py'
[0.923s] Level 1:colcon.colcon_core.package_identification:_identify(src/truck_positioning) by extensions ['ignore', 'ignore_ament_install']
[0.923s] Level 1:colcon.colcon_core.package_identification:_identify(src/truck_positioning) by extension 'ignore'
[0.923s] Level 1:colcon.colcon_core.package_identification:_identify(src/truck_positioning) by extension 'ignore_ament_install'
[0.924s] Level 1:colcon.colcon_core.package_identification:_identify(src/truck_positioning) by extensions ['colcon_pkg']
[0.924s] Level 1:colcon.colcon_core.package_identification:_identify(src/truck_positioning) by extension 'colcon_pkg'
[0.924s] Level 1:colcon.colcon_core.package_identification:_identify(src/truck_positioning) by extensions ['colcon_meta']
[0.924s] Level 1:colcon.colcon_core.package_identification:_identify(src/truck_positioning) by extension 'colcon_meta'
[0.924s] Level 1:colcon.colcon_core.package_identification:_identify(src/truck_positioning) by extensions ['ros']
[0.924s] Level 1:colcon.colcon_core.package_identification:_identify(src/truck_positioning) by extension 'ros'
[0.930s] DEBUG:colcon.colcon_core.package_identification:Package 'src/truck_positioning' with type 'ros.ament_python' and name 'truck_positioning'
[0.930s] Level 1:colcon.colcon_core.package_discovery:discover_packages(recursive) using defaults
[0.930s] Level 1:colcon.colcon_core.package_discovery:discover_packages(ignore) discover
[0.930s] Level 1:colcon.colcon_core.package_discovery:discover_packages(ignore) using defaults
[0.930s] Level 1:colcon.colcon_core.package_discovery:discover_packages(path) discover
[0.930s] Level 1:colcon.colcon_core.package_discovery:discover_packages(path) using defaults
[0.984s] Level 1:colcon.colcon_core.package_discovery:discover_packages(prefix_path) check parameters
[0.984s] Level 1:colcon.colcon_core.package_discovery:discover_packages(prefix_path) discover
[0.992s] DEBUG:colcon.colcon_installed_package_information.package_discovery:Found 318 installed packages in /opt/ros/humble
[0.993s] Level 1:colcon.colcon_core.package_discovery:discover_packages(prefix_path) using defaults
[1.029s] Level 5:colcon.colcon_core.verb:set package 'truck_positioning' build argument 'cmake_args' from command line to 'None'
[1.029s] Level 5:colcon.colcon_core.verb:set package 'truck_positioning' build argument 'cmake_target' from command line to 'None'
[1.029s] Level 5:colcon.colcon_core.verb:set package 'truck_positioning' build argument 'cmake_target_skip_unavailable' from command line to 'False'
[1.030s] Level 5:colcon.colcon_core.verb:set package 'truck_positioning' build argument 'cmake_clean_cache' from command line to 'False'
[1.030s] Level 5:colcon.colcon_core.verb:set package 'truck_positioning' build argument 'cmake_clean_first' from command line to 'False'
[1.030s] Level 5:colcon.colcon_core.verb:set package 'truck_positioning' build argument 'cmake_force_configure' from command line to 'False'
[1.030s] Level 5:colcon.colcon_core.verb:set package 'truck_positioning' build argument 'ament_cmake_args' from command line to 'None'
[1.030s] Level 5:colcon.colcon_core.verb:set package 'truck_positioning' build argument 'catkin_cmake_args' from command line to 'None'
[1.030s] Level 5:colcon.colcon_core.verb:set package 'truck_positioning' build argument 'catkin_skip_building_tests' from command line to 'False'
[1.030s] DEBUG:colcon.colcon_core.verb:Building package 'truck_positioning' with the following arguments: {'ament_cmake_args': None, 'build_base': '/home/sick/Documents/GitHub/ProyectoROS/build/truck_positioning', 'catkin_cmake_args': None, 'catkin_skip_building_tests': False, 'cmake_args': None, 'cmake_clean_cache': False, 'cmake_clean_first': False, 'cmake_force_configure': False, 'cmake_target': None, 'cmake_target_skip_unavailable': False, 'install_base': '/home/sick/Documents/GitHub/ProyectoROS/install/truck_positioning', 'merge_install': False, 'path': '/home/sick/Documents/GitHub/ProyectoROS/src/truck_positioning', 'symlink_install': False, 'test_result_base': None}
[1.030s] INFO:colcon.colcon_core.executor:Executing jobs using 'parallel' executor
[1.031s] DEBUG:colcon.colcon_parallel_executor.executor.parallel:run_until_complete
[1.031s] INFO:colcon.colcon_ros.task.ament_python.build:Building ROS package in '/home/sick/Documents/GitHub/ProyectoROS/src/truck_positioning' with build type 'ament_python'
[1.032s] Level 1:colcon.colcon_core.shell:create_environment_hook('truck_positioning', 'ament_prefix_path')
[1.048s] INFO:colcon.colcon_core.plugin_system:Skipping extension 'colcon_core.shell.bat': Not used on non-Windows systems
[1.049s] INFO:colcon.colcon_core.shell:Creating environment hook '/home/sick/Documents/GitHub/ProyectoROS/install/truck_positioning/share/truck_positioning/hook/ament_prefix_path.ps1'
[1.056s] INFO:colcon.colcon_core.shell:Creating environment descriptor '/home/sick/Documents/GitHub/ProyectoROS/install/truck_positioning/share/truck_positioning/hook/ament_prefix_path.dsv'
[1.058s] INFO:colcon.colcon_core.shell:Creating environment hook '/home/sick/Documents/GitHub/ProyectoROS/install/truck_positioning/share/truck_positioning/hook/ament_prefix_path.sh'
[1.061s] INFO:colcon.colcon_core.shell:Skip shell extension 'powershell' for command environment: Not usable outside of PowerShell
[1.062s] DEBUG:colcon.colcon_core.shell:Skip shell extension 'dsv' for command environment
[1.341s] INFO:colcon.colcon_core.task.python.build:Building Python package in '/home/sick/Documents/GitHub/ProyectoROS/src/truck_positioning'
[1.341s] INFO:colcon.colcon_core.shell:Skip shell extension 'powershell' for command environment: Not usable outside of PowerShell
[1.341s] DEBUG:colcon.colcon_core.shell:Skip shell extension 'dsv' for command environment
[1.853s] DEBUG:colcon.colcon_core.event_handler.log_command:Invoking command in '/home/sick/Documents/GitHub/ProyectoROS/src/truck_positioning': PYTHONPATH=/home/sick/Documents/GitHub/ProyectoROS/build/truck_positioning/prefix_override:/usr/lib/python3/dist-packages/colcon_core/task/python/colcon_distutils_commands:/home/sick/Documents/GitHub/ProyectoROS/install/truck_positioning/lib/python3.10/site-packages:${PYTHONPATH} /usr/bin/python3 -W ignore:setup.py install is deprecated -W ignore:easy_install command is deprecated setup.py egg_info --egg-base ../../build/truck_positioning build --build-base /home/sick/Documents/GitHub/ProyectoROS/build/truck_positioning/build install --record /home/sick/Documents/GitHub/ProyectoROS/build/truck_positioning/install.log --single-version-externally-managed install_data
[2.136s] DEBUG:colcon.colcon_core.event_handler.log_command:Invoked command in '/home/sick/Documents/GitHub/ProyectoROS/src/truck_positioning' returned '0': PYTHONPATH=/home/sick/Documents/GitHub/ProyectoROS/build/truck_positioning/prefix_override:/usr/lib/python3/dist-packages/colcon_core/task/python/colcon_distutils_commands:/home/sick/Documents/GitHub/ProyectoROS/install/truck_positioning/lib/python3.10/site-packages:${PYTHONPATH} /usr/bin/python3 -W ignore:setup.py install is deprecated -W ignore:easy_install command is deprecated setup.py egg_info --egg-base ../../build/truck_positioning build --build-base /home/sick/Documents/GitHub/ProyectoROS/build/truck_positioning/build install --record /home/sick/Documents/GitHub/ProyectoROS/build/truck_positioning/install.log --single-version-externally-managed install_data
[2.158s] Level 1:colcon.colcon_core.environment:checking '/home/sick/Documents/GitHub/ProyectoROS/install/truck_positioning' for CMake module files
[2.158s] Level 1:colcon.colcon_core.environment:checking '/home/sick/Documents/GitHub/ProyectoROS/install/truck_positioning' for CMake config files
[2.160s] Level 1:colcon.colcon_core.environment:checking '/home/sick/Documents/GitHub/ProyectoROS/install/truck_positioning/lib'
[2.160s] Level 1:colcon.colcon_core.environment:checking '/home/sick/Documents/GitHub/ProyectoROS/install/truck_positioning/bin'
[2.161s] Level 1:colcon.colcon_core.environment:checking '/home/sick/Documents/GitHub/ProyectoROS/install/truck_positioning/lib/pkgconfig/truck_positioning.pc'
[2.161s] Level 1:colcon.colcon_core.environment:checking '/home/sick/Documents/GitHub/ProyectoROS/install/truck_positioning/lib/python3.10/site-packages'
[2.161s] Level 1:colcon.colcon_core.shell:create_environment_hook('truck_positioning', 'pythonpath')
[2.161s] INFO:colcon.colcon_core.shell:Creating environment hook '/home/sick/Documents/GitHub/ProyectoROS/install/truck_positioning/share/truck_positioning/hook/pythonpath.ps1'
[2.162s] INFO:colcon.colcon_core.shell:Creating environment descriptor '/home/sick/Documents/GitHub/ProyectoROS/install/truck_positioning/share/truck_positioning/hook/pythonpath.dsv'
[2.162s] INFO:colcon.colcon_core.shell:Creating environment hook '/home/sick/Documents/GitHub/ProyectoROS/install/truck_positioning/share/truck_positioning/hook/pythonpath.sh'
[2.163s] Level 1:colcon.colcon_core.environment:checking '/home/sick/Documents/GitHub/ProyectoROS/install/truck_positioning/bin'
[2.163s] Level 1:colcon.colcon_core.environment:create_environment_scripts_only(truck_positioning)
[2.164s] INFO:colcon.colcon_core.shell:Creating package script '/home/sick/Documents/GitHub/ProyectoROS/install/truck_positioning/share/truck_positioning/package.ps1'
[2.166s] INFO:colcon.colcon_core.shell:Creating package descriptor '/home/sick/Documents/GitHub/ProyectoROS/install/truck_positioning/share/truck_positioning/package.dsv'
[2.168s] INFO:colcon.colcon_core.shell:Creating package script '/home/sick/Documents/GitHub/ProyectoROS/install/truck_positioning/share/truck_positioning/package.sh'
[2.169s] INFO:colcon.colcon_core.shell:Creating package script '/home/sick/Documents/GitHub/ProyectoROS/install/truck_positioning/share/truck_positioning/package.bash'
[2.172s] INFO:colcon.colcon_core.shell:Creating package script '/home/sick/Documents/GitHub/ProyectoROS/install/truck_positioning/share/truck_positioning/package.zsh'
[2.176s] Level 1:colcon.colcon_core.environment:create_file_with_runtime_dependencies(/home/sick/Documents/GitHub/ProyectoROS/install/truck_positioning/share/colcon-core/packages/truck_positioning)
[2.176s] DEBUG:colcon.colcon_parallel_executor.executor.parallel:closing loop
[2.177s] DEBUG:colcon.colcon_parallel_executor.executor.parallel:loop closed
[2.178s] DEBUG:colcon.colcon_parallel_executor.executor.parallel:run_until_complete finished with '0'
[2.178s] DEBUG:colcon.colcon_core.event_reactor:joining thread
[2.194s] INFO:colcon.colcon_core.plugin_system:Skipping extension 'colcon_notification.desktop_notification.terminal_notifier': Not used on non-Darwin systems
[2.194s] INFO:colcon.colcon_core.plugin_system:Skipping extension 'colcon_notification.desktop_notification.win32': Not used on non-Windows systems
[2.194s] INFO:colcon.colcon_notification.desktop_notification:Sending desktop notification using 'notify2'
[2.244s] DEBUG:colcon.colcon_core.event_reactor:joined thread
[2.245s] INFO:colcon.colcon_core.shell:Creating prefix script '/home/sick/Documents/GitHub/ProyectoROS/install/local_setup.ps1'
[2.247s] INFO:colcon.colcon_core.shell:Creating prefix util module '/home/sick/Documents/GitHub/ProyectoROS/install/_local_setup_util_ps1.py'
[2.250s] INFO:colcon.colcon_core.shell:Creating prefix chain script '/home/sick/Documents/GitHub/ProyectoROS/install/setup.ps1'
[2.272s] INFO:colcon.colcon_core.shell:Creating prefix script '/home/sick/Documents/GitHub/ProyectoROS/install/local_setup.sh'
[2.275s] INFO:colcon.colcon_core.shell:Creating prefix util module '/home/sick/Documents/GitHub/ProyectoROS/install/_local_setup_util_sh.py'
[2.276s] INFO:colcon.colcon_core.shell:Creating prefix chain script '/home/sick/Documents/GitHub/ProyectoROS/install/setup.sh'
[2.279s] INFO:colcon.colcon_core.shell:Creating prefix script '/home/sick/Documents/GitHub/ProyectoROS/install/local_setup.bash'
[2.281s] INFO:colcon.colcon_core.shell:Creating prefix chain script '/home/sick/Documents/GitHub/ProyectoROS/install/setup.bash'
[2.286s] INFO:colcon.colcon_core.shell:Creating prefix script '/home/sick/Documents/GitHub/ProyectoROS/install/local_setup.zsh'
[2.289s] INFO:colcon.colcon_core.shell:Creating prefix chain script '/home/sick/Documents/GitHub/ProyectoROS/install/setup.zsh'
