[0.709s] Invoking command in '/home/nuc/Documentos/GitHub/ProyectoROS/build/truck_positioning': PYTHONPATH=/home/nuc/Documentos/GitHub/ProyectoROS/build/truck_positioning/prefix_override:/usr/lib/python3/dist-packages/colcon_core/task/python/colcon_distutils_commands:/home/nuc/Documentos/GitHub/ProyectoROS/install/truck_positioning/lib/python3.10/site-packages:${PYTHONPATH} /usr/bin/python3 -W ignore:setup.py install is deprecated -W ignore:easy_install command is deprecated setup.py develop --uninstall --editable --build-directory /home/nuc/Documentos/GitHub/ProyectoROS/build/truck_positioning/build
[1.007s] running develop
[1.191s] Removing /home/nuc/Documentos/GitHub/ProyectoROS/install/truck_positioning/lib/python3.10/site-packages/truck-positioning.egg-link (link to .)
[1.220s] Invoked command in '/home/nuc/Documentos/GitHub/ProyectoROS/build/truck_positioning' returned '0': PYTHONPATH=/home/nuc/Documentos/GitHub/ProyectoROS/build/truck_positioning/prefix_override:/usr/lib/python3/dist-packages/colcon_core/task/python/colcon_distutils_commands:/home/nuc/Documentos/GitHub/ProyectoROS/install/truck_positioning/lib/python3.10/site-packages:${PYTHONPATH} /usr/bin/python3 -W ignore:setup.py install is deprecated -W ignore:easy_install command is deprecated setup.py develop --uninstall --editable --build-directory /home/nuc/Documentos/GitHub/ProyectoROS/build/truck_positioning/build
[1.222s] Invoking command in '/home/nuc/Documentos/GitHub/ProyectoROS/src/truck_positioning': PYTHONPATH=/home/nuc/Documentos/GitHub/ProyectoROS/build/truck_positioning/prefix_override:/usr/lib/python3/dist-packages/colcon_core/task/python/colcon_distutils_commands:/home/nuc/Documentos/GitHub/ProyectoROS/install/truck_positioning/lib/python3.10/site-packages:${PYTHONPATH} /usr/bin/python3 -W ignore:setup.py install is deprecated -W ignore:easy_install command is deprecated setup.py egg_info --egg-base ../../build/truck_positioning build --build-base /home/nuc/Documentos/GitHub/ProyectoROS/build/truck_positioning/build install --record /home/nuc/Documentos/GitHub/ProyectoROS/build/truck_positioning/install.log --single-version-externally-managed install_data --force
[1.473s] running egg_info
[1.474s] writing ../../build/truck_positioning/truck_positioning.egg-info/PKG-INFO
[1.474s] writing dependency_links to ../../build/truck_positioning/truck_positioning.egg-info/dependency_links.txt
[1.474s] writing entry points to ../../build/truck_positioning/truck_positioning.egg-info/entry_points.txt
[1.474s] writing requirements to ../../build/truck_positioning/truck_positioning.egg-info/requires.txt
[1.474s] writing top-level names to ../../build/truck_positioning/truck_positioning.egg-info/top_level.txt
[1.477s] reading manifest file '../../build/truck_positioning/truck_positioning.egg-info/SOURCES.txt'
[1.479s] writing manifest file '../../build/truck_positioning/truck_positioning.egg-info/SOURCES.txt'
[1.479s] running build
[1.479s] running build_py
[1.479s] creating /home/nuc/Documentos/GitHub/ProyectoROS/build/truck_positioning/build
[1.480s] creating /home/nuc/Documentos/GitHub/ProyectoROS/build/truck_positioning/build/lib
[1.480s] creating /home/nuc/Documentos/GitHub/ProyectoROS/build/truck_positioning/build/lib/truck_positioning
[1.480s] copying truck_positioning/ejemplo.py -> /home/nuc/Documentos/GitHub/ProyectoROS/build/truck_positioning/build/lib/truck_positioning
[1.487s] copying truck_positioning/visualizador_amarillo.py -> /home/nuc/Documentos/GitHub/ProyectoROS/build/truck_positioning/build/lib/truck_positioning
[1.487s] copying truck_positioning/logic_node.py -> /home/nuc/Documentos/GitHub/ProyectoROS/build/truck_positioning/build/lib/truck_positioning
[1.488s] copying truck_positioning/monitor_dual.py -> /home/nuc/Documentos/GitHub/ProyectoROS/build/truck_positioning/build/lib/truck_positioning
[1.488s] copying truck_positioning/visualizador_perfil.py -> /home/nuc/Documentos/GitHub/ProyectoROS/build/truck_positioning/build/lib/truck_positioning
[1.488s] copying truck_positioning/calculador_distancia.py -> /home/nuc/Documentos/GitHub/ProyectoROS/build/truck_positioning/build/lib/truck_positioning
[1.489s] copying truck_positioning/interfaz_camion.py -> /home/nuc/Documentos/GitHub/ProyectoROS/build/truck_positioning/build/lib/truck_positioning
[1.489s] copying truck_positioning/__init__.py -> /home/nuc/Documentos/GitHub/ProyectoROS/build/truck_positioning/build/lib/truck_positioning
[1.490s] running install
[1.490s] running install_lib
[1.491s] creating /home/nuc/Documentos/GitHub/ProyectoROS/install/truck_positioning/lib/python3.10/site-packages/truck_positioning
[1.491s] copying /home/nuc/Documentos/GitHub/ProyectoROS/build/truck_positioning/build/lib/truck_positioning/ejemplo.py -> /home/nuc/Documentos/GitHub/ProyectoROS/install/truck_positioning/lib/python3.10/site-packages/truck_positioning
[1.491s] copying /home/nuc/Documentos/GitHub/ProyectoROS/build/truck_positioning/build/lib/truck_positioning/visualizador_amarillo.py -> /home/nuc/Documentos/GitHub/ProyectoROS/install/truck_positioning/lib/python3.10/site-packages/truck_positioning
[1.492s] copying /home/nuc/Documentos/GitHub/ProyectoROS/build/truck_positioning/build/lib/truck_positioning/logic_node.py -> /home/nuc/Documentos/GitHub/ProyectoROS/install/truck_positioning/lib/python3.10/site-packages/truck_positioning
[1.492s] copying /home/nuc/Documentos/GitHub/ProyectoROS/build/truck_positioning/build/lib/truck_positioning/monitor_dual.py -> /home/nuc/Documentos/GitHub/ProyectoROS/install/truck_positioning/lib/python3.10/site-packages/truck_positioning
[1.492s] copying /home/nuc/Documentos/GitHub/ProyectoROS/build/truck_positioning/build/lib/truck_positioning/visualizador_perfil.py -> /home/nuc/Documentos/GitHub/ProyectoROS/install/truck_positioning/lib/python3.10/site-packages/truck_positioning
[1.492s] copying /home/nuc/Documentos/GitHub/ProyectoROS/build/truck_positioning/build/lib/truck_positioning/calculador_distancia.py -> /home/nuc/Documentos/GitHub/ProyectoROS/install/truck_positioning/lib/python3.10/site-packages/truck_positioning
[1.492s] copying /home/nuc/Documentos/GitHub/ProyectoROS/build/truck_positioning/build/lib/truck_positioning/interfaz_camion.py -> /home/nuc/Documentos/GitHub/ProyectoROS/install/truck_positioning/lib/python3.10/site-packages/truck_positioning
[1.492s] copying /home/nuc/Documentos/GitHub/ProyectoROS/build/truck_positioning/build/lib/truck_positioning/__init__.py -> /home/nuc/Documentos/GitHub/ProyectoROS/install/truck_positioning/lib/python3.10/site-packages/truck_positioning
[1.492s] byte-compiling /home/nuc/Documentos/GitHub/ProyectoROS/install/truck_positioning/lib/python3.10/site-packages/truck_positioning/ejemplo.py to ejemplo.cpython-310.pyc
[1.493s] byte-compiling /home/nuc/Documentos/GitHub/ProyectoROS/install/truck_positioning/lib/python3.10/site-packages/truck_positioning/visualizador_amarillo.py to visualizador_amarillo.cpython-310.pyc
[1.494s] byte-compiling /home/nuc/Documentos/GitHub/ProyectoROS/install/truck_positioning/lib/python3.10/site-packages/truck_positioning/logic_node.py to logic_node.cpython-310.pyc
[1.495s] byte-compiling /home/nuc/Documentos/GitHub/ProyectoROS/install/truck_positioning/lib/python3.10/site-packages/truck_positioning/monitor_dual.py to monitor_dual.cpython-310.pyc
[1.496s] byte-compiling /home/nuc/Documentos/GitHub/ProyectoROS/install/truck_positioning/lib/python3.10/site-packages/truck_positioning/visualizador_perfil.py to visualizador_perfil.cpython-310.pyc
[1.496s] byte-compiling /home/nuc/Documentos/GitHub/ProyectoROS/install/truck_positioning/lib/python3.10/site-packages/truck_positioning/calculador_distancia.py to calculador_distancia.cpython-310.pyc
[1.497s] byte-compiling /home/nuc/Documentos/GitHub/ProyectoROS/install/truck_positioning/lib/python3.10/site-packages/truck_positioning/interfaz_camion.py to interfaz_camion.cpython-310.pyc
[1.498s] byte-compiling /home/nuc/Documentos/GitHub/ProyectoROS/install/truck_positioning/lib/python3.10/site-packages/truck_positioning/__init__.py to __init__.cpython-310.pyc
[1.498s] running install_data
[1.499s] copying resource/truck_positioning -> /home/nuc/Documentos/GitHub/ProyectoROS/install/truck_positioning/share/ament_index/resource_index/packages
[1.499s] copying package.xml -> /home/nuc/Documentos/GitHub/ProyectoROS/install/truck_positioning/share/truck_positioning
[1.500s] copying launch/visualizador_perfil.py.launch.py -> /home/nuc/Documentos/GitHub/ProyectoROS/install/truck_positioning/share/truck_positioning/launch
[1.501s] copying launch/sensores_tf.launch.py -> /home/nuc/Documentos/GitHub/ProyectoROS/install/truck_positioning/share/truck_positioning/launch
[1.501s] copying launch/sensor_antiguo.launch.py -> /home/nuc/Documentos/GitHub/ProyectoROS/install/truck_positioning/share/truck_positioning/launch
[1.502s] copying launch/system.launch.py -> /home/nuc/Documentos/GitHub/ProyectoROS/install/truck_positioning/share/truck_positioning/launch
[1.503s] copying launch/sensor_longitudinal.launch.py -> /home/nuc/Documentos/GitHub/ProyectoROS/install/truck_positioning/share/truck_positioning/launch
[1.504s] copying launch/sistema_completo.launch.py -> /home/nuc/Documentos/GitHub/ProyectoROS/install/truck_positioning/share/truck_positioning/launch
[1.505s] copying urdf/camion.urdf -> /home/nuc/Documentos/GitHub/ProyectoROS/install/truck_positioning/share/truck_positioning/urdf
[1.506s] running install_egg_info
[1.509s] Copying ../../build/truck_positioning/truck_positioning.egg-info to /home/nuc/Documentos/GitHub/ProyectoROS/install/truck_positioning/lib/python3.10/site-packages/truck_positioning-0.0.0-py3.10.egg-info
[1.510s] running install_scripts
[1.530s] Installing calculador_distancia script to /home/nuc/Documentos/GitHub/ProyectoROS/install/truck_positioning/lib/truck_positioning
[1.530s] Installing interfaz_camion script to /home/nuc/Documentos/GitHub/ProyectoROS/install/truck_positioning/lib/truck_positioning
[1.530s] Installing lector script to /home/nuc/Documentos/GitHub/ProyectoROS/install/truck_positioning/lib/truck_positioning
[1.530s] Installing logic_node script to /home/nuc/Documentos/GitHub/ProyectoROS/install/truck_positioning/lib/truck_positioning
[1.531s] Installing monitor_dual script to /home/nuc/Documentos/GitHub/ProyectoROS/install/truck_positioning/lib/truck_positioning
[1.531s] Installing visualizador script to /home/nuc/Documentos/GitHub/ProyectoROS/install/truck_positioning/lib/truck_positioning
[1.531s] Installing visualizador_amarillo script to /home/nuc/Documentos/GitHub/ProyectoROS/install/truck_positioning/lib/truck_positioning
[1.531s] writing list of installed files to '/home/nuc/Documentos/GitHub/ProyectoROS/build/truck_positioning/install.log'
[1.559s] Invoked command in '/home/nuc/Documentos/GitHub/ProyectoROS/src/truck_positioning' returned '0': PYTHONPATH=/home/nuc/Documentos/GitHub/ProyectoROS/build/truck_positioning/prefix_override:/usr/lib/python3/dist-packages/colcon_core/task/python/colcon_distutils_commands:/home/nuc/Documentos/GitHub/ProyectoROS/install/truck_positioning/lib/python3.10/site-packages:${PYTHONPATH} /usr/bin/python3 -W ignore:setup.py install is deprecated -W ignore:easy_install command is deprecated setup.py egg_info --egg-base ../../build/truck_positioning build --build-base /home/nuc/Documentos/GitHub/ProyectoROS/build/truck_positioning/build install --record /home/nuc/Documentos/GitHub/ProyectoROS/build/truck_positioning/install.log --single-version-externally-managed install_data --force
