[2.705s] DEBUG:colcon:Command line arguments: ['/usr/bin/colcon', 'build', '--packages-select', 'truck_positioning']
[2.705s] DEBUG:colcon:Parsed command line arguments: Namespace(log_base=None, log_level=None, verb_name='build', build_base='build', install_base='install', merge_install=False, symlink_install=False, test_result_base=None, continue_on_error=False, executor='parallel', parallel_workers=3, event_handlers=None, ignore_user_meta=False, metas=['./colcon.meta'], base_paths=['.'], packages_ignore=None, packages_ignore_regex=None, paths=None, packages_up_to=None, packages_up_to_regex=None, packages_above=None, packages_above_and_dependencies=None, packages_above_depth=None, packages_select_by_dep=None, packages_skip_by_dep=None, packages_skip_up_to=None, packages_select_build_failed=False, packages_skip_build_finished=False, packages_select_test_failures=False, packages_skip_test_passed=False, packages_select=['truck_positioning'], packages_skip=None, packages_select_regex=None, packages_skip_regex=None, packages_start=None, packages_end=None, allow_overriding=[], cmake_args=None, cmake_target=None, cmake_target_skip_unavailable=False, cmake_clean_cache=False, cmake_clean_first=False, cmake_force_configure=False, ament_cmake_args=None, catkin_cmake_args=None, catkin_skip_building_tests=False, mixin_files=None, mixin=None, verb_parser=<colcon_mixin.mixin.mixin_argument.MixinArgumentDecorator object at 0x75c219b5d840>, verb_extension=<colcon_core.verb.build.BuildVerb object at 0x75c219b5ce20>, main=<bound method BuildVerb.main of <colcon_core.verb.build.BuildVerb object at 0x75c219b5ce20>>, mixin_verb=('build',))
[4.636s] Level 1:colcon.colcon_core.package_discovery:discover_packages(colcon_meta) check parameters
[4.637s] Level 1:colcon.colcon_core.package_discovery:discover_packages(recursive) check parameters
[4.637s] Level 1:colcon.colcon_core.package_discovery:discover_packages(ignore) check parameters
[4.637s] Level 1:colcon.colcon_core.package_discovery:discover_packages(path) check parameters
[4.637s] Level 1:colcon.colcon_core.package_discovery:discover_packages(colcon_meta) discover
[4.637s] Level 1:colcon.colcon_core.package_discovery:discover_packages(recursive) discover
[4.637s] INFO:colcon.colcon_core.package_discovery:Crawling recursively for packages in '/home/sick/Documents/Proyecto/ProyectoROS'
[4.638s] Level 1:colcon.colcon_core.package_identification:_identify(.) by extensions ['ignore', 'ignore_ament_install']
[4.639s] Level 1:colcon.colcon_core.package_identification:_identify(.) by extension 'ignore'
[4.639s] Level 1:colcon.colcon_core.package_identification:_identify(.) by extension 'ignore_ament_install'
[4.639s] Level 1:colcon.colcon_core.package_identification:_identify(.) by extensions ['colcon_pkg']
[4.639s] Level 1:colcon.colcon_core.package_identification:_identify(.) by extension 'colcon_pkg'
[4.640s] Level 1:colcon.colcon_core.package_identification:_identify(.) by extensions ['colcon_meta']
[4.640s] Level 1:colcon.colcon_core.package_identification:_identify(.) by extension 'colcon_meta'
[4.640s] Level 1:colcon.colcon_core.package_identification:_identify(.) by extensions ['ros']
[4.640s] Level 1:colcon.colcon_core.package_identification:_identify(.) by extension 'ros'
[4.733s] Level 1:colcon.colcon_core.package_identification:_identify(.) by extensions ['cmake', 'python']
[4.733s] Level 1:colcon.colcon_core.package_identification:_identify(.) by extension 'cmake'
[4.733s] Level 1:colcon.colcon_core.package_identification:_identify(.) by extension 'python'
[4.733s] Level 1:colcon.colcon_core.package_identification:_identify(.) by extensions ['python_setup_py']
[4.733s] Level 1:colcon.colcon_core.package_identification:_identify(.) by extension 'python_setup_py'
[4.736s] Level 1:colcon.colcon_core.package_identification:_identify(Documentacion) by extensions ['ignore', 'ignore_ament_install']
[4.738s] Level 1:colcon.colcon_core.package_identification:_identify(Documentacion) by extension 'ignore'
[4.739s] Level 1:colcon.colcon_core.package_identification:_identify(Documentacion) by extension 'ignore_ament_install'
[4.742s] Level 1:colcon.colcon_core.package_identification:_identify(Documentacion) by extensions ['colcon_pkg']
[4.742s] Level 1:colcon.colcon_core.package_identification:_identify(Documentacion) by extension 'colcon_pkg'
[4.743s] Level 1:colcon.colcon_core.package_identification:_identify(Documentacion) by extensions ['colcon_meta']
[4.743s] Level 1:colcon.colcon_core.package_identification:_identify(Documentacion) by extension 'colcon_meta'
[4.743s] Level 1:colcon.colcon_core.package_identification:_identify(Documentacion) by extensions ['ros']
[4.743s] Level 1:colcon.colcon_core.package_identification:_identify(Documentacion) by extension 'ros'
[4.743s] Level 1:colcon.colcon_core.package_identification:_identify(Documentacion) by extensions ['cmake', 'python']
[4.743s] Level 1:colcon.colcon_core.package_identification:_identify(Documentacion) by extension 'cmake'
[4.743s] Level 1:colcon.colcon_core.package_identification:_identify(Documentacion) by extension 'python'
[4.743s] Level 1:colcon.colcon_core.package_identification:_identify(Documentacion) by extensions ['python_setup_py']
[4.743s] Level 1:colcon.colcon_core.package_identification:_identify(Documentacion) by extension 'python_setup_py'
[4.744s] Level 1:colcon.colcon_core.package_identification:_identify(build) by extensions ['ignore', 'ignore_ament_install']
[4.744s] Level 1:colcon.colcon_core.package_identification:_identify(build) by extension 'ignore'
[4.744s] Level 1:colcon.colcon_core.package_identification:_identify(build) ignored
[4.746s] Level 1:colcon.colcon_core.package_identification:_identify(ejemplos_codigo) by extensions ['ignore', 'ignore_ament_install']
[4.746s] Level 1:colcon.colcon_core.package_identification:_identify(ejemplos_codigo) by extension 'ignore'
[4.747s] Level 1:colcon.colcon_core.package_identification:_identify(ejemplos_codigo) by extension 'ignore_ament_install'
[4.747s] Level 1:colcon.colcon_core.package_identification:_identify(ejemplos_codigo) by extensions ['colcon_pkg']
[4.747s] Level 1:colcon.colcon_core.package_identification:_identify(ejemplos_codigo) by extension 'colcon_pkg'
[4.747s] Level 1:colcon.colcon_core.package_identification:_identify(ejemplos_codigo) by extensions ['colcon_meta']
[4.747s] Level 1:colcon.colcon_core.package_identification:_identify(ejemplos_codigo) by extension 'colcon_meta'
[4.747s] Level 1:colcon.colcon_core.package_identification:_identify(ejemplos_codigo) by extensions ['ros']
[4.747s] Level 1:colcon.colcon_core.package_identification:_identify(ejemplos_codigo) by extension 'ros'
[4.747s] Level 1:colcon.colcon_core.package_identification:_identify(ejemplos_codigo) by extensions ['cmake', 'python']
[4.747s] Level 1:colcon.colcon_core.package_identification:_identify(ejemplos_codigo) by extension 'cmake'
[4.747s] Level 1:colcon.colcon_core.package_identification:_identify(ejemplos_codigo) by extension 'python'
[4.747s] Level 1:colcon.colcon_core.package_identification:_identify(ejemplos_codigo) by extensions ['python_setup_py']
[4.747s] Level 1:colcon.colcon_core.package_identification:_identify(ejemplos_codigo) by extension 'python_setup_py'
[4.748s] Level 1:colcon.colcon_core.package_identification:_identify(install) by extensions ['ignore', 'ignore_ament_install']
[4.748s] Level 1:colcon.colcon_core.package_identification:_identify(install) by extension 'ignore'
[4.748s] Level 1:colcon.colcon_core.package_identification:_identify(install) ignored
[4.748s] Level 1:colcon.colcon_core.package_identification:_identify(log) by extensions ['ignore', 'ignore_ament_install']
[4.748s] Level 1:colcon.colcon_core.package_identification:_identify(log) by extension 'ignore'
[4.748s] Level 1:colcon.colcon_core.package_identification:_identify(log) ignored
[4.752s] Level 1:colcon.colcon_core.package_identification:_identify(src) by extensions ['ignore', 'ignore_ament_install']
[4.752s] Level 1:colcon.colcon_core.package_identification:_identify(src) by extension 'ignore'
[4.752s] Level 1:colcon.colcon_core.package_identification:_identify(src) by extension 'ignore_ament_install'
[4.753s] Level 1:colcon.colcon_core.package_identification:_identify(src) by extensions ['colcon_pkg']
[4.753s] Level 1:colcon.colcon_core.package_identification:_identify(src) by extension 'colcon_pkg'
[4.753s] Level 1:colcon.colcon_core.package_identification:_identify(src) by extensions ['colcon_meta']
[4.753s] Level 1:colcon.colcon_core.package_identification:_identify(src) by extension 'colcon_meta'
[4.753s] Level 1:colcon.colcon_core.package_identification:_identify(src) by extensions ['ros']
[4.753s] Level 1:colcon.colcon_core.package_identification:_identify(src) by extension 'ros'
[4.754s] Level 1:colcon.colcon_core.package_identification:_identify(src) by extensions ['cmake', 'python']
[4.754s] Level 1:colcon.colcon_core.package_identification:_identify(src) by extension 'cmake'
[4.754s] Level 1:colcon.colcon_core.package_identification:_identify(src) by extension 'python'
[4.754s] Level 1:colcon.colcon_core.package_identification:_identify(src) by extensions ['python_setup_py']
[4.754s] Level 1:colcon.colcon_core.package_identification:_identify(src) by extension 'python_setup_py'
[4.758s] Level 1:colcon.colcon_core.package_identification:_identify(src/truck_positioning) by extensions ['ignore', 'ignore_ament_install']
[4.759s] Level 1:colcon.colcon_core.package_identification:_identify(src/truck_positioning) by extension 'ignore'
[4.759s] Level 1:colcon.colcon_core.package_identification:_identify(src/truck_positioning) by extension 'ignore_ament_install'
[4.759s] Level 1:colcon.colcon_core.package_identification:_identify(src/truck_positioning) by extensions ['colcon_pkg']
[4.759s] Level 1:colcon.colcon_core.package_identification:_identify(src/truck_positioning) by extension 'colcon_pkg'
[4.759s] Level 1:colcon.colcon_core.package_identification:_identify(src/truck_positioning) by extensions ['colcon_meta']
[4.759s] Level 1:colcon.colcon_core.package_identification:_identify(src/truck_positioning) by extension 'colcon_meta'
[4.759s] Level 1:colcon.colcon_core.package_identification:_identify(src/truck_positioning) by extensions ['ros']
[4.760s] Level 1:colcon.colcon_core.package_identification:_identify(src/truck_positioning) by extension 'ros'
[4.780s] DEBUG:colcon.colcon_core.package_identification:Package 'src/truck_positioning' with type 'ros.ament_python' and name 'truck_positioning'
[4.780s] Level 1:colcon.colcon_core.package_discovery:discover_packages(recursive) using defaults
[4.780s] Level 1:colcon.colcon_core.package_discovery:discover_packages(ignore) discover
[4.780s] Level 1:colcon.colcon_core.package_discovery:discover_packages(ignore) using defaults
[4.780s] Level 1:colcon.colcon_core.package_discovery:discover_packages(path) discover
[4.780s] Level 1:colcon.colcon_core.package_discovery:discover_packages(path) using defaults
[5.001s] Level 1:colcon.colcon_core.package_discovery:discover_packages(prefix_path) check parameters
[5.002s] Level 1:colcon.colcon_core.package_discovery:discover_packages(prefix_path) discover
[5.029s] DEBUG:colcon.colcon_installed_package_information.package_discovery:Found 318 installed packages in /opt/ros/humble
[5.039s] Level 1:colcon.colcon_core.package_discovery:discover_packages(prefix_path) using defaults
[5.271s] Level 5:colcon.colcon_core.verb:set package 'truck_positioning' build argument 'cmake_args' from command line to 'None'
[5.271s] Level 5:colcon.colcon_core.verb:set package 'truck_positioning' build argument 'cmake_target' from command line to 'None'
[5.271s] Level 5:colcon.colcon_core.verb:set package 'truck_positioning' build argument 'cmake_target_skip_unavailable' from command line to 'False'
[5.271s] Level 5:colcon.colcon_core.verb:set package 'truck_positioning' build argument 'cmake_clean_cache' from command line to 'False'
[5.271s] Level 5:colcon.colcon_core.verb:set package 'truck_positioning' build argument 'cmake_clean_first' from command line to 'False'
[5.271s] Level 5:colcon.colcon_core.verb:set package 'truck_positioning' build argument 'cmake_force_configure' from command line to 'False'
[5.271s] Level 5:colcon.colcon_core.verb:set package 'truck_positioning' build argument 'ament_cmake_args' from command line to 'None'
[5.271s] Level 5:colcon.colcon_core.verb:set package 'truck_positioning' build argument 'catkin_cmake_args' from command line to 'None'
[5.271s] Level 5:colcon.colcon_core.verb:set package 'truck_positioning' build argument 'catkin_skip_building_tests' from command line to 'False'
[5.271s] DEBUG:colcon.colcon_core.verb:Building package 'truck_positioning' with the following arguments: {'ament_cmake_args': None, 'build_base': '/home/sick/Documents/Proyecto/ProyectoROS/build/truck_positioning', 'catkin_cmake_args': None, 'catkin_skip_building_tests': False, 'cmake_args': None, 'cmake_clean_cache': False, 'cmake_clean_first': False, 'cmake_force_configure': False, 'cmake_target': None, 'cmake_target_skip_unavailable': False, 'install_base': '/home/sick/Documents/Proyecto/ProyectoROS/install/truck_positioning', 'merge_install': False, 'path': '/home/sick/Documents/Proyecto/ProyectoROS/src/truck_positioning', 'symlink_install': False, 'test_result_base': None}
[5.271s] INFO:colcon.colcon_core.executor:Executing jobs using 'parallel' executor
[5.285s] DEBUG:colcon.colcon_parallel_executor.executor.parallel:run_until_complete
[5.285s] INFO:colcon.colcon_ros.task.ament_python.build:Building ROS package in '/home/sick/Documents/Proyecto/ProyectoROS/src/truck_positioning' with build type 'ament_python'
[5.285s] Level 1:colcon.colcon_core.shell:create_environment_hook('truck_positioning', 'ament_prefix_path')
[5.367s] INFO:colcon.colcon_core.plugin_system:Skipping extension 'colcon_core.shell.bat': Not used on non-Windows systems
[5.368s] INFO:colcon.colcon_core.shell:Creating environment hook '/home/sick/Documents/Proyecto/ProyectoROS/install/truck_positioning/share/truck_positioning/hook/ament_prefix_path.ps1'
[5.387s] INFO:colcon.colcon_core.shell:Creating environment descriptor '/home/sick/Documents/Proyecto/ProyectoROS/install/truck_positioning/share/truck_positioning/hook/ament_prefix_path.dsv'
[5.399s] INFO:colcon.colcon_core.shell:Creating environment hook '/home/sick/Documents/Proyecto/ProyectoROS/install/truck_positioning/share/truck_positioning/hook/ament_prefix_path.sh'
[5.409s] INFO:colcon.colcon_core.shell:Skip shell extension 'powershell' for command environment: Not usable outside of PowerShell
[5.410s] DEBUG:colcon.colcon_core.shell:Skip shell extension 'dsv' for command environment
[6.532s] INFO:colcon.colcon_core.task.python.build:Building Python package in '/home/sick/Documents/Proyecto/ProyectoROS/src/truck_positioning'
[6.535s] INFO:colcon.colcon_core.shell:Skip shell extension 'powershell' for command environment: Not usable outside of PowerShell
[6.535s] DEBUG:colcon.colcon_core.shell:Skip shell extension 'dsv' for command environment
[8.268s] DEBUG:colcon.colcon_core.event_handler.log_command:Invoking command in '/home/sick/Documents/Proyecto/ProyectoROS/src/truck_positioning': PYTHONPATH=/home/sick/Documents/Proyecto/ProyectoROS/build/truck_positioning/prefix_override:/usr/lib/python3/dist-packages/colcon_core/task/python/colcon_distutils_commands:/home/sick/Documents/Proyecto/ProyectoROS/install/truck_positioning/lib/python3.10/site-packages:${PYTHONPATH} /usr/bin/python3 -W ignore:setup.py install is deprecated -W ignore:easy_install command is deprecated setup.py egg_info --egg-base ../../build/truck_positioning build --build-base /home/sick/Documents/Proyecto/ProyectoROS/build/truck_positioning/build install --record /home/sick/Documents/Proyecto/ProyectoROS/build/truck_positioning/install.log --single-version-externally-managed install_data
[9.173s] DEBUG:colcon.colcon_core.event_handler.log_command:Invoked command in '/home/sick/Documents/Proyecto/ProyectoROS/src/truck_positioning' returned '0': PYTHONPATH=/home/sick/Documents/Proyecto/ProyectoROS/build/truck_positioning/prefix_override:/usr/lib/python3/dist-packages/colcon_core/task/python/colcon_distutils_commands:/home/sick/Documents/Proyecto/ProyectoROS/install/truck_positioning/lib/python3.10/site-packages:${PYTHONPATH} /usr/bin/python3 -W ignore:setup.py install is deprecated -W ignore:easy_install command is deprecated setup.py egg_info --egg-base ../../build/truck_positioning build --build-base /home/sick/Documents/Proyecto/ProyectoROS/build/truck_positioning/build install --record /home/sick/Documents/Proyecto/ProyectoROS/build/truck_positioning/install.log --single-version-externally-managed install_data
[9.239s] Level 1:colcon.colcon_core.environment:checking '/home/sick/Documents/Proyecto/ProyectoROS/install/truck_positioning' for CMake module files
[9.240s] Level 1:colcon.colcon_core.environment:checking '/home/sick/Documents/Proyecto/ProyectoROS/install/truck_positioning' for CMake config files
[9.246s] Level 1:colcon.colcon_core.environment:checking '/home/sick/Documents/Proyecto/ProyectoROS/install/truck_positioning/lib'
[9.248s] Level 1:colcon.colcon_core.environment:checking '/home/sick/Documents/Proyecto/ProyectoROS/install/truck_positioning/bin'
[9.248s] Level 1:colcon.colcon_core.environment:checking '/home/sick/Documents/Proyecto/ProyectoROS/install/truck_positioning/lib/pkgconfig/truck_positioning.pc'
[9.248s] Level 1:colcon.colcon_core.environment:checking '/home/sick/Documents/Proyecto/ProyectoROS/install/truck_positioning/lib/python3.10/site-packages'
[9.249s] Level 1:colcon.colcon_core.shell:create_environment_hook('truck_positioning', 'pythonpath')
[9.249s] INFO:colcon.colcon_core.shell:Creating environment hook '/home/sick/Documents/Proyecto/ProyectoROS/install/truck_positioning/share/truck_positioning/hook/pythonpath.ps1'
[9.250s] INFO:colcon.colcon_core.shell:Creating environment descriptor '/home/sick/Documents/Proyecto/ProyectoROS/install/truck_positioning/share/truck_positioning/hook/pythonpath.dsv'
[9.253s] INFO:colcon.colcon_core.shell:Creating environment hook '/home/sick/Documents/Proyecto/ProyectoROS/install/truck_positioning/share/truck_positioning/hook/pythonpath.sh'
[9.257s] Level 1:colcon.colcon_core.environment:checking '/home/sick/Documents/Proyecto/ProyectoROS/install/truck_positioning/bin'
[9.259s] Level 1:colcon.colcon_core.environment:create_environment_scripts_only(truck_positioning)
[9.261s] INFO:colcon.colcon_core.shell:Creating package script '/home/sick/Documents/Proyecto/ProyectoROS/install/truck_positioning/share/truck_positioning/package.ps1'
[9.268s] INFO:colcon.colcon_core.shell:Creating package descriptor '/home/sick/Documents/Proyecto/ProyectoROS/install/truck_positioning/share/truck_positioning/package.dsv'
[9.285s] INFO:colcon.colcon_core.shell:Creating package script '/home/sick/Documents/Proyecto/ProyectoROS/install/truck_positioning/share/truck_positioning/package.sh'
[9.290s] INFO:colcon.colcon_core.shell:Creating package script '/home/sick/Documents/Proyecto/ProyectoROS/install/truck_positioning/share/truck_positioning/package.bash'
[9.296s] INFO:colcon.colcon_core.shell:Creating package script '/home/sick/Documents/Proyecto/ProyectoROS/install/truck_positioning/share/truck_positioning/package.zsh'
[9.306s] Level 1:colcon.colcon_core.environment:create_file_with_runtime_dependencies(/home/sick/Documents/Proyecto/ProyectoROS/install/truck_positioning/share/colcon-core/packages/truck_positioning)
[9.311s] DEBUG:colcon.colcon_parallel_executor.executor.parallel:closing loop
[9.315s] DEBUG:colcon.colcon_parallel_executor.executor.parallel:loop closed
[9.316s] DEBUG:colcon.colcon_parallel_executor.executor.parallel:run_until_complete finished with '0'
[9.316s] DEBUG:colcon.colcon_core.event_reactor:joining thread
[9.363s] INFO:colcon.colcon_core.plugin_system:Skipping extension 'colcon_notification.desktop_notification.terminal_notifier': Not used on non-Darwin systems
[9.363s] INFO:colcon.colcon_core.plugin_system:Skipping extension 'colcon_notification.desktop_notification.win32': Not used on non-Windows systems
[9.363s] INFO:colcon.colcon_notification.desktop_notification:Sending desktop notification using 'notify2'
[9.463s] DEBUG:colcon.colcon_core.event_reactor:joined thread
[9.464s] INFO:colcon.colcon_core.shell:Creating prefix script '/home/sick/Documents/Proyecto/ProyectoROS/install/local_setup.ps1'
[9.472s] INFO:colcon.colcon_core.shell:Creating prefix util module '/home/sick/Documents/Proyecto/ProyectoROS/install/_local_setup_util_ps1.py'
[9.482s] INFO:colcon.colcon_core.shell:Creating prefix chain script '/home/sick/Documents/Proyecto/ProyectoROS/install/setup.ps1'
[9.488s] INFO:colcon.colcon_core.shell:Creating prefix script '/home/sick/Documents/Proyecto/ProyectoROS/install/local_setup.sh'
[9.492s] INFO:colcon.colcon_core.shell:Creating prefix util module '/home/sick/Documents/Proyecto/ProyectoROS/install/_local_setup_util_sh.py'
[9.495s] INFO:colcon.colcon_core.shell:Creating prefix chain script '/home/sick/Documents/Proyecto/ProyectoROS/install/setup.sh'
[9.504s] INFO:colcon.colcon_core.shell:Creating prefix script '/home/sick/Documents/Proyecto/ProyectoROS/install/local_setup.bash'
[9.521s] INFO:colcon.colcon_core.shell:Creating prefix chain script '/home/sick/Documents/Proyecto/ProyectoROS/install/setup.bash'
[9.530s] INFO:colcon.colcon_core.shell:Creating prefix script '/home/sick/Documents/Proyecto/ProyectoROS/install/local_setup.zsh'
[9.536s] INFO:colcon.colcon_core.shell:Creating prefix chain script '/home/sick/Documents/Proyecto/ProyectoROS/install/setup.zsh'
