[0.574s] Invoking command in '/home/sick/Documents/Proyecto/ProyectoROS/src/truck_positioning': PYTHONPATH=/home/sick/Documents/Proyecto/ProyectoROS/build/truck_positioning/prefix_override:/usr/lib/python3/dist-packages/colcon_core/task/python/colcon_distutils_commands:/home/sick/Documents/Proyecto/ProyectoROS/install/truck_positioning/lib/python3.10/site-packages:${PYTHONPATH} /usr/bin/python3 -W ignore:setup.py install is deprecated -W ignore:easy_install command is deprecated setup.py egg_info --egg-base ../../build/truck_positioning build --build-base /home/sick/Documents/Proyecto/ProyectoROS/build/truck_positioning/build install --record /home/sick/Documents/Proyecto/ProyectoROS/build/truck_positioning/install.log --single-version-externally-managed install_data
[0.838s] running egg_info
[0.838s] writing ../../build/truck_positioning/truck_positioning.egg-info/PKG-INFO
[0.839s] writing dependency_links to ../../build/truck_positioning/truck_positioning.egg-info/dependency_links.txt
[0.839s] writing entry points to ../../build/truck_positioning/truck_positioning.egg-info/entry_points.txt
[0.839s] writing requirements to ../../build/truck_positioning/truck_positioning.egg-info/requires.txt
[0.839s] writing top-level names to ../../build/truck_positioning/truck_positioning.egg-info/top_level.txt
[0.843s] reading manifest file '../../build/truck_positioning/truck_positioning.egg-info/SOURCES.txt'
[0.843s] writing manifest file '../../build/truck_positioning/truck_positioning.egg-info/SOURCES.txt'
[0.843s] running build
[0.843s] running build_py
[0.843s] running install
[0.843s] running install_lib
[0.843s] running install_data
[0.843s] running install_egg_info
[0.848s] removing '/home/sick/Documents/Proyecto/ProyectoROS/install/truck_positioning/lib/python3.10/site-packages/truck_positioning-0.0.0-py3.10.egg-info' (and everything under it)
[0.853s] Copying ../../build/truck_positioning/truck_positioning.egg-info to /home/sick/Documents/Proyecto/ProyectoROS/install/truck_positioning/lib/python3.10/site-packages/truck_positioning-0.0.0-py3.10.egg-info
[0.853s] running install_scripts
[0.879s] Installing cliente_API script to /home/sick/Documents/Proyecto/ProyectoROS/install/truck_positioning/lib/truck_positioning
[0.883s] Installing lector script to /home/sick/Documents/Proyecto/ProyectoROS/install/truck_positioning/lib/truck_positioning
[0.883s] Installing logic_node script to /home/sick/Documents/Proyecto/ProyectoROS/install/truck_positioning/lib/truck_positioning
[0.883s] Installing sub_BD script to /home/sick/Documents/Proyecto/ProyectoROS/install/truck_positioning/lib/truck_positioning
[0.884s] writing list of installed files to '/home/sick/Documents/Proyecto/ProyectoROS/build/truck_positioning/install.log'
[0.919s] Invoked command in '/home/sick/Documents/Proyecto/ProyectoROS/src/truck_positioning' returned '0': PYTHONPATH=/home/sick/Documents/Proyecto/ProyectoROS/build/truck_positioning/prefix_override:/usr/lib/python3/dist-packages/colcon_core/task/python/colcon_distutils_commands:/home/sick/Documents/Proyecto/ProyectoROS/install/truck_positioning/lib/python3.10/site-packages:${PYTHONPATH} /usr/bin/python3 -W ignore:setup.py install is deprecated -W ignore:easy_install command is deprecated setup.py egg_info --egg-base ../../build/truck_positioning build --build-base /home/sick/Documents/Proyecto/ProyectoROS/build/truck_positioning/build install --record /home/sick/Documents/Proyecto/ProyectoROS/build/truck_positioning/install.log --single-version-externally-managed install_data
