[0.512s] Invoking command in '/home/sick/Documents/GitHub/ProyectoROS/build/truck_positioning': PYTHONPATH=/home/sick/Documents/GitHub/ProyectoROS/build/truck_positioning/prefix_override:/usr/lib/python3/dist-packages/colcon_core/task/python/colcon_distutils_commands:/home/sick/Documents/GitHub/ProyectoROS/install/truck_positioning/lib/python3.10/site-packages: /usr/bin/python3 -W ignore:setup.py install is deprecated -W ignore:easy_install command is deprecated setup.py develop --editable --build-directory /home/sick/Documents/GitHub/ProyectoROS/build/truck_positioning/build --no-deps symlink_data --force
[0.762s] running develop
[0.822s] running egg_info
[0.823s] writing truck_positioning.egg-info/PKG-INFO
[0.823s] writing dependency_links to truck_positioning.egg-info/dependency_links.txt
[0.823s] writing entry points to truck_positioning.egg-info/entry_points.txt
[0.823s] writing requirements to truck_positioning.egg-info/requires.txt
[0.823s] writing top-level names to truck_positioning.egg-info/top_level.txt
[0.824s] reading manifest file 'truck_positioning.egg-info/SOURCES.txt'
[0.824s] writing manifest file 'truck_positioning.egg-info/SOURCES.txt'
[0.826s] running build_ext
[0.826s] Creating /home/sick/Documents/GitHub/ProyectoROS/install/truck_positioning/lib/python3.10/site-packages/truck-positioning.egg-link (link to .)
[0.831s] Installing lector script to /home/sick/Documents/GitHub/ProyectoROS/install/truck_positioning/lib/truck_positioning
[0.831s] Installing logic_node script to /home/sick/Documents/GitHub/ProyectoROS/install/truck_positioning/lib/truck_positioning
[0.831s] Installing monitor_dual script to /home/sick/Documents/GitHub/ProyectoROS/install/truck_positioning/lib/truck_positioning
[0.831s] Installing visualizador script to /home/sick/Documents/GitHub/ProyectoROS/install/truck_positioning/lib/truck_positioning
[0.831s] Installing visualizador_amarillo script to /home/sick/Documents/GitHub/ProyectoROS/install/truck_positioning/lib/truck_positioning
[0.831s] 
[0.831s] Installed /home/sick/Documents/GitHub/ProyectoROS/build/truck_positioning
[0.831s] running symlink_data
[0.831s] symbolically linking /home/sick/Documents/GitHub/ProyectoROS/build/truck_positioning/resource/truck_positioning -> /home/sick/Documents/GitHub/ProyectoROS/install/truck_positioning/share/ament_index/resource_index/packages
[0.831s] symbolically linking /home/sick/Documents/GitHub/ProyectoROS/build/truck_positioning/package.xml -> /home/sick/Documents/GitHub/ProyectoROS/install/truck_positioning/share/truck_positioning
[0.863s] Invoked command in '/home/sick/Documents/GitHub/ProyectoROS/build/truck_positioning' returned '0': PYTHONPATH=/home/sick/Documents/GitHub/ProyectoROS/build/truck_positioning/prefix_override:/usr/lib/python3/dist-packages/colcon_core/task/python/colcon_distutils_commands:/home/sick/Documents/GitHub/ProyectoROS/install/truck_positioning/lib/python3.10/site-packages: /usr/bin/python3 -W ignore:setup.py install is deprecated -W ignore:easy_install command is deprecated setup.py develop --editable --build-directory /home/sick/Documents/GitHub/ProyectoROS/build/truck_positioning/build --no-deps symlink_data --force
