[1.976s] Invoking command in '/home/sick/Documents/Proyecto/ProyectoROS/src/truck_positioning': PYTHONPATH=/home/sick/Documents/Proyecto/ProyectoROS/build/truck_positioning/prefix_override:/usr/lib/python3/dist-packages/colcon_core/task/python/colcon_distutils_commands:/home/sick/Documents/Proyecto/ProyectoROS/install/truck_positioning/lib/python3.10/site-packages:${PYTHONPATH} /usr/bin/python3 -W ignore:setup.py install is deprecated -W ignore:easy_install command is deprecated setup.py egg_info --egg-base ../../build/truck_positioning build --build-base /home/sick/Documents/Proyecto/ProyectoROS/build/truck_positioning/build install --record /home/sick/Documents/Proyecto/ProyectoROS/build/truck_positioning/install.log --single-version-externally-managed install_data
[2.884s] running egg_info
[2.894s] writing ../../build/truck_positioning/truck_positioning.egg-info/PKG-INFO
[2.895s] writing dependency_links to ../../build/truck_positioning/truck_positioning.egg-info/dependency_links.txt
[2.895s] writing entry points to ../../build/truck_positioning/truck_positioning.egg-info/entry_points.txt
[2.895s] writing requirements to ../../build/truck_positioning/truck_positioning.egg-info/requires.txt
[2.896s] writing top-level names to ../../build/truck_positioning/truck_positioning.egg-info/top_level.txt
[2.904s] reading manifest file '../../build/truck_positioning/truck_positioning.egg-info/SOURCES.txt'
[2.912s] writing manifest file '../../build/truck_positioning/truck_positioning.egg-info/SOURCES.txt'
[2.921s] running build
[2.921s] running build_py
[2.921s] running install
[2.922s] running install_lib
[2.926s] running install_data
[2.926s] running install_egg_info
[2.937s] removing '/home/sick/Documents/Proyecto/ProyectoROS/install/truck_positioning/lib/python3.10/site-packages/truck_positioning-0.0.0-py3.10.egg-info' (and everything under it)
[2.937s] Copying ../../build/truck_positioning/truck_positioning.egg-info to /home/sick/Documents/Proyecto/ProyectoROS/install/truck_positioning/lib/python3.10/site-packages/truck_positioning-0.0.0-py3.10.egg-info
[2.956s] running install_scripts
[3.003s] Installing cliente_API script to /home/sick/Documents/Proyecto/ProyectoROS/install/truck_positioning/lib/truck_positioning
[3.015s] Installing integrado script to /home/sick/Documents/Proyecto/ProyectoROS/install/truck_positioning/lib/truck_positioning
[3.015s] Installing lector script to /home/sick/Documents/Proyecto/ProyectoROS/install/truck_positioning/lib/truck_positioning
[3.016s] Installing logic_node script to /home/sick/Documents/Proyecto/ProyectoROS/install/truck_positioning/lib/truck_positioning
[3.017s] Installing simple_truck_sim script to /home/sick/Documents/Proyecto/ProyectoROS/install/truck_positioning/lib/truck_positioning
[3.017s] Installing sub_BD script to /home/sick/Documents/Proyecto/ProyectoROS/install/truck_positioning/lib/truck_positioning
[3.018s] Installing truck_control script to /home/sick/Documents/Proyecto/ProyectoROS/install/truck_positioning/lib/truck_positioning
[3.018s] Installing truck_perception script to /home/sick/Documents/Proyecto/ProyectoROS/install/truck_positioning/lib/truck_positioning
[3.019s] writing list of installed files to '/home/sick/Documents/Proyecto/ProyectoROS/build/truck_positioning/install.log'
[3.079s] Invoked command in '/home/sick/Documents/Proyecto/ProyectoROS/src/truck_positioning' returned '0': PYTHONPATH=/home/sick/Documents/Proyecto/ProyectoROS/build/truck_positioning/prefix_override:/usr/lib/python3/dist-packages/colcon_core/task/python/colcon_distutils_commands:/home/sick/Documents/Proyecto/ProyectoROS/install/truck_positioning/lib/python3.10/site-packages:${PYTHONPATH} /usr/bin/python3 -W ignore:setup.py install is deprecated -W ignore:easy_install command is deprecated setup.py egg_info --egg-base ../../build/truck_positioning build --build-base /home/sick/Documents/Proyecto/ProyectoROS/build/truck_positioning/build install --record /home/sick/Documents/Proyecto/ProyectoROS/build/truck_positioning/install.log --single-version-externally-managed install_data
