[2.453s] DEBUG:colcon:Command line arguments: ['/usr/bin/colcon', 'build', '--packages-select', 'truck_positioning']
[2.453s] DEBUG:colcon:Parsed command line arguments: Namespace(log_base=None, log_level=None, verb_name='build', build_base='build', install_base='install', merge_install=False, symlink_install=False, test_result_base=None, continue_on_error=False, executor='parallel', parallel_workers=3, event_handlers=None, ignore_user_meta=False, metas=['./colcon.meta'], base_paths=['.'], packages_ignore=None, packages_ignore_regex=None, paths=None, packages_up_to=None, packages_up_to_regex=None, packages_above=None, packages_above_and_dependencies=None, packages_above_depth=None, packages_select_by_dep=None, packages_skip_by_dep=None, packages_skip_up_to=None, packages_select_build_failed=False, packages_skip_build_finished=False, packages_select_test_failures=False, packages_skip_test_passed=False, packages_select=['truck_positioning'], packages_skip=None, packages_select_regex=None, packages_skip_regex=None, packages_start=None, packages_end=None, allow_overriding=[], cmake_args=None, cmake_target=None, cmake_target_skip_unavailable=False, cmake_clean_cache=False, cmake_clean_first=False, cmake_force_configure=False, ament_cmake_args=None, catkin_cmake_args=None, catkin_skip_building_tests=False, mixin_files=None, mixin=None, verb_parser=<colcon_mixin.mixin.mixin_argument.MixinArgumentDecorator object at 0x7355e8851840>, verb_extension=<colcon_core.verb.build.BuildVerb object at 0x7355e8850e20>, main=<bound method BuildVerb.main of <colcon_core.verb.build.BuildVerb object at 0x7355e8850e20>>, mixin_verb=('build',))
[4.019s] Level 1:colcon.colcon_core.package_discovery:discover_packages(colcon_meta) check parameters
[4.019s] Level 1:colcon.colcon_core.package_discovery:discover_packages(recursive) check parameters
[4.019s] Level 1:colcon.colcon_core.package_discovery:discover_packages(ignore) check parameters
[4.019s] Level 1:colcon.colcon_core.package_discovery:discover_packages(path) check parameters
[4.019s] Level 1:colcon.colcon_core.package_discovery:discover_packages(colcon_meta) discover
[4.019s] Level 1:colcon.colcon_core.package_discovery:discover_packages(recursive) discover
[4.019s] INFO:colcon.colcon_core.package_discovery:Crawling recursively for packages in '/home/sick/Documents/Proyecto/ProyectoROS'
[4.020s] Level 1:colcon.colcon_core.package_identification:_identify(.) by extensions ['ignore', 'ignore_ament_install']
[4.020s] Level 1:colcon.colcon_core.package_identification:_identify(.) by extension 'ignore'
[4.020s] Level 1:colcon.colcon_core.package_identification:_identify(.) by extension 'ignore_ament_install'
[4.020s] Level 1:colcon.colcon_core.package_identification:_identify(.) by extensions ['colcon_pkg']
[4.020s] Level 1:colcon.colcon_core.package_identification:_identify(.) by extension 'colcon_pkg'
[4.020s] Level 1:colcon.colcon_core.package_identification:_identify(.) by extensions ['colcon_meta']
[4.020s] Level 1:colcon.colcon_core.package_identification:_identify(.) by extension 'colcon_meta'
[4.020s] Level 1:colcon.colcon_core.package_identification:_identify(.) by extensions ['ros']
[4.020s] Level 1:colcon.colcon_core.package_identification:_identify(.) by extension 'ros'
[4.077s] Level 1:colcon.colcon_core.package_identification:_identify(.) by extensions ['cmake', 'python']
[4.077s] Level 1:colcon.colcon_core.package_identification:_identify(.) by extension 'cmake'
[4.077s] Level 1:colcon.colcon_core.package_identification:_identify(.) by extension 'python'
[4.077s] Level 1:colcon.colcon_core.package_identification:_identify(.) by extensions ['python_setup_py']
[4.077s] Level 1:colcon.colcon_core.package_identification:_identify(.) by extension 'python_setup_py'
[4.078s] Level 1:colcon.colcon_core.package_identification:_identify(Documentacion) by extensions ['ignore', 'ignore_ament_install']
[4.078s] Level 1:colcon.colcon_core.package_identification:_identify(Documentacion) by extension 'ignore'
[4.078s] Level 1:colcon.colcon_core.package_identification:_identify(Documentacion) by extension 'ignore_ament_install'
[4.078s] Level 1:colcon.colcon_core.package_identification:_identify(Documentacion) by extensions ['colcon_pkg']
[4.078s] Level 1:colcon.colcon_core.package_identification:_identify(Documentacion) by extension 'colcon_pkg'
[4.078s] Level 1:colcon.colcon_core.package_identification:_identify(Documentacion) by extensions ['colcon_meta']
[4.078s] Level 1:colcon.colcon_core.package_identification:_identify(Documentacion) by extension 'colcon_meta'
[4.078s] Level 1:colcon.colcon_core.package_identification:_identify(Documentacion) by extensions ['ros']
[4.078s] Level 1:colcon.colcon_core.package_identification:_identify(Documentacion) by extension 'ros'
[4.078s] Level 1:colcon.colcon_core.package_identification:_identify(Documentacion) by extensions ['cmake', 'python']
[4.078s] Level 1:colcon.colcon_core.package_identification:_identify(Documentacion) by extension 'cmake'
[4.078s] Level 1:colcon.colcon_core.package_identification:_identify(Documentacion) by extension 'python'
[4.078s] Level 1:colcon.colcon_core.package_identification:_identify(Documentacion) by extensions ['python_setup_py']
[4.078s] Level 1:colcon.colcon_core.package_identification:_identify(Documentacion) by extension 'python_setup_py'
[4.079s] Level 1:colcon.colcon_core.package_identification:_identify(build) by extensions ['ignore', 'ignore_ament_install']
[4.079s] Level 1:colcon.colcon_core.package_identification:_identify(build) by extension 'ignore'
[4.079s] Level 1:colcon.colcon_core.package_identification:_identify(build) ignored
[4.079s] Level 1:colcon.colcon_core.package_identification:_identify(ejemplos_codigo) by extensions ['ignore', 'ignore_ament_install']
[4.079s] Level 1:colcon.colcon_core.package_identification:_identify(ejemplos_codigo) by extension 'ignore'
[4.079s] Level 1:colcon.colcon_core.package_identification:_identify(ejemplos_codigo) by extension 'ignore_ament_install'
[4.079s] Level 1:colcon.colcon_core.package_identification:_identify(ejemplos_codigo) by extensions ['colcon_pkg']
[4.079s] Level 1:colcon.colcon_core.package_identification:_identify(ejemplos_codigo) by extension 'colcon_pkg'
[4.079s] Level 1:colcon.colcon_core.package_identification:_identify(ejemplos_codigo) by extensions ['colcon_meta']
[4.079s] Level 1:colcon.colcon_core.package_identification:_identify(ejemplos_codigo) by extension 'colcon_meta'
[4.079s] Level 1:colcon.colcon_core.package_identification:_identify(ejemplos_codigo) by extensions ['ros']
[4.079s] Level 1:colcon.colcon_core.package_identification:_identify(ejemplos_codigo) by extension 'ros'
[4.079s] Level 1:colcon.colcon_core.package_identification:_identify(ejemplos_codigo) by extensions ['cmake', 'python']
[4.080s] Level 1:colcon.colcon_core.package_identification:_identify(ejemplos_codigo) by extension 'cmake'
[4.080s] Level 1:colcon.colcon_core.package_identification:_identify(ejemplos_codigo) by extension 'python'
[4.080s] Level 1:colcon.colcon_core.package_identification:_identify(ejemplos_codigo) by extensions ['python_setup_py']
[4.080s] Level 1:colcon.colcon_core.package_identification:_identify(ejemplos_codigo) by extension 'python_setup_py'
[4.080s] Level 1:colcon.colcon_core.package_identification:_identify(install) by extensions ['ignore', 'ignore_ament_install']
[4.080s] Level 1:colcon.colcon_core.package_identification:_identify(install) by extension 'ignore'
[4.080s] Level 1:colcon.colcon_core.package_identification:_identify(install) ignored
[4.080s] Level 1:colcon.colcon_core.package_identification:_identify(log) by extensions ['ignore', 'ignore_ament_install']
[4.080s] Level 1:colcon.colcon_core.package_identification:_identify(log) by extension 'ignore'
[4.080s] Level 1:colcon.colcon_core.package_identification:_identify(log) ignored
[4.080s] Level 1:colcon.colcon_core.package_identification:_identify(src) by extensions ['ignore', 'ignore_ament_install']
[4.081s] Level 1:colcon.colcon_core.package_identification:_identify(src) by extension 'ignore'
[4.081s] Level 1:colcon.colcon_core.package_identification:_identify(src) by extension 'ignore_ament_install'
[4.081s] Level 1:colcon.colcon_core.package_identification:_identify(src) by extensions ['colcon_pkg']
[4.081s] Level 1:colcon.colcon_core.package_identification:_identify(src) by extension 'colcon_pkg'
[4.081s] Level 1:colcon.colcon_core.package_identification:_identify(src) by extensions ['colcon_meta']
[4.081s] Level 1:colcon.colcon_core.package_identification:_identify(src) by extension 'colcon_meta'
[4.081s] Level 1:colcon.colcon_core.package_identification:_identify(src) by extensions ['ros']
[4.081s] Level 1:colcon.colcon_core.package_identification:_identify(src) by extension 'ros'
[4.081s] Level 1:colcon.colcon_core.package_identification:_identify(src) by extensions ['cmake', 'python']
[4.081s] Level 1:colcon.colcon_core.package_identification:_identify(src) by extension 'cmake'
[4.081s] Level 1:colcon.colcon_core.package_identification:_identify(src) by extension 'python'
[4.082s] Level 1:colcon.colcon_core.package_identification:_identify(src) by extensions ['python_setup_py']
[4.082s] Level 1:colcon.colcon_core.package_identification:_identify(src) by extension 'python_setup_py'
[4.082s] Level 1:colcon.colcon_core.package_identification:_identify(src/truck_positioning) by extensions ['ignore', 'ignore_ament_install']
[4.082s] Level 1:colcon.colcon_core.package_identification:_identify(src/truck_positioning) by extension 'ignore'
[4.082s] Level 1:colcon.colcon_core.package_identification:_identify(src/truck_positioning) by extension 'ignore_ament_install'
[4.082s] Level 1:colcon.colcon_core.package_identification:_identify(src/truck_positioning) by extensions ['colcon_pkg']
[4.082s] Level 1:colcon.colcon_core.package_identification:_identify(src/truck_positioning) by extension 'colcon_pkg'
[4.082s] Level 1:colcon.colcon_core.package_identification:_identify(src/truck_positioning) by extensions ['colcon_meta']
[4.082s] Level 1:colcon.colcon_core.package_identification:_identify(src/truck_positioning) by extension 'colcon_meta'
[4.082s] Level 1:colcon.colcon_core.package_identification:_identify(src/truck_positioning) by extensions ['ros']
[4.082s] Level 1:colcon.colcon_core.package_identification:_identify(src/truck_positioning) by extension 'ros'
[4.095s] DEBUG:colcon.colcon_core.package_identification:Package 'src/truck_positioning' with type 'ros.ament_python' and name 'truck_positioning'
[4.095s] Level 1:colcon.colcon_core.package_discovery:discover_packages(recursive) using defaults
[4.096s] Level 1:colcon.colcon_core.package_discovery:discover_packages(ignore) discover
[4.096s] Level 1:colcon.colcon_core.package_discovery:discover_packages(ignore) using defaults
[4.096s] Level 1:colcon.colcon_core.package_discovery:discover_packages(path) discover
[4.096s] Level 1:colcon.colcon_core.package_discovery:discover_packages(path) using defaults
[4.247s] Level 1:colcon.colcon_core.package_discovery:discover_packages(prefix_path) check parameters
[4.247s] Level 1:colcon.colcon_core.package_discovery:discover_packages(prefix_path) discover
[4.273s] DEBUG:colcon.colcon_installed_package_information.package_discovery:Found 318 installed packages in /opt/ros/humble
[4.279s] Level 1:colcon.colcon_core.package_discovery:discover_packages(prefix_path) using defaults
[4.367s] Level 5:colcon.colcon_core.verb:set package 'truck_positioning' build argument 'cmake_args' from command line to 'None'
[4.367s] Level 5:colcon.colcon_core.verb:set package 'truck_positioning' build argument 'cmake_target' from command line to 'None'
[4.367s] Level 5:colcon.colcon_core.verb:set package 'truck_positioning' build argument 'cmake_target_skip_unavailable' from command line to 'False'
[4.367s] Level 5:colcon.colcon_core.verb:set package 'truck_positioning' build argument 'cmake_clean_cache' from command line to 'False'
[4.367s] Level 5:colcon.colcon_core.verb:set package 'truck_positioning' build argument 'cmake_clean_first' from command line to 'False'
[4.368s] Level 5:colcon.colcon_core.verb:set package 'truck_positioning' build argument 'cmake_force_configure' from command line to 'False'
[4.368s] Level 5:colcon.colcon_core.verb:set package 'truck_positioning' build argument 'ament_cmake_args' from command line to 'None'
[4.368s] Level 5:colcon.colcon_core.verb:set package 'truck_positioning' build argument 'catkin_cmake_args' from command line to 'None'
[4.368s] Level 5:colcon.colcon_core.verb:set package 'truck_positioning' build argument 'catkin_skip_building_tests' from command line to 'False'
[4.368s] DEBUG:colcon.colcon_core.verb:Building package 'truck_positioning' with the following arguments: {'ament_cmake_args': None, 'build_base': '/home/sick/Documents/Proyecto/ProyectoROS/build/truck_positioning', 'catkin_cmake_args': None, 'catkin_skip_building_tests': False, 'cmake_args': None, 'cmake_clean_cache': False, 'cmake_clean_first': False, 'cmake_force_configure': False, 'cmake_target': None, 'cmake_target_skip_unavailable': False, 'install_base': '/home/sick/Documents/Proyecto/ProyectoROS/install/truck_positioning', 'merge_install': False, 'path': '/home/sick/Documents/Proyecto/ProyectoROS/src/truck_positioning', 'symlink_install': False, 'test_result_base': None}
[4.368s] INFO:colcon.colcon_core.executor:Executing jobs using 'parallel' executor
[4.374s] DEBUG:colcon.colcon_parallel_executor.executor.parallel:run_until_complete
[4.375s] INFO:colcon.colcon_ros.task.ament_python.build:Building ROS package in '/home/sick/Documents/Proyecto/ProyectoROS/src/truck_positioning' with build type 'ament_python'
[4.375s] Level 1:colcon.colcon_core.shell:create_environment_hook('truck_positioning', 'ament_prefix_path')
[4.426s] INFO:colcon.colcon_core.plugin_system:Skipping extension 'colcon_core.shell.bat': Not used on non-Windows systems
[4.427s] INFO:colcon.colcon_core.shell:Creating environment hook '/home/sick/Documents/Proyecto/ProyectoROS/install/truck_positioning/share/truck_positioning/hook/ament_prefix_path.ps1'
[4.441s] INFO:colcon.colcon_core.shell:Creating environment descriptor '/home/sick/Documents/Proyecto/ProyectoROS/install/truck_positioning/share/truck_positioning/hook/ament_prefix_path.dsv'
[4.444s] INFO:colcon.colcon_core.shell:Creating environment hook '/home/sick/Documents/Proyecto/ProyectoROS/install/truck_positioning/share/truck_positioning/hook/ament_prefix_path.sh'
[4.448s] INFO:colcon.colcon_core.shell:Skip shell extension 'powershell' for command environment: Not usable outside of PowerShell
[4.449s] DEBUG:colcon.colcon_core.shell:Skip shell extension 'dsv' for command environment
[5.299s] INFO:colcon.colcon_core.task.python.build:Building Python package in '/home/sick/Documents/Proyecto/ProyectoROS/src/truck_positioning'
[5.300s] INFO:colcon.colcon_core.shell:Skip shell extension 'powershell' for command environment: Not usable outside of PowerShell
[5.300s] DEBUG:colcon.colcon_core.shell:Skip shell extension 'dsv' for command environment
[6.598s] DEBUG:colcon.colcon_core.event_handler.log_command:Invoking command in '/home/sick/Documents/Proyecto/ProyectoROS/src/truck_positioning': PYTHONPATH=/home/sick/Documents/Proyecto/ProyectoROS/build/truck_positioning/prefix_override:/usr/lib/python3/dist-packages/colcon_core/task/python/colcon_distutils_commands:/home/sick/Documents/Proyecto/ProyectoROS/install/truck_positioning/lib/python3.10/site-packages:${PYTHONPATH} /usr/bin/python3 -W ignore:setup.py install is deprecated -W ignore:easy_install command is deprecated setup.py egg_info --egg-base ../../build/truck_positioning build --build-base /home/sick/Documents/Proyecto/ProyectoROS/build/truck_positioning/build install --record /home/sick/Documents/Proyecto/ProyectoROS/build/truck_positioning/install.log --single-version-externally-managed install_data
[7.294s] DEBUG:colcon.colcon_core.event_handler.log_command:Invoked command in '/home/sick/Documents/Proyecto/ProyectoROS/src/truck_positioning' returned '0': PYTHONPATH=/home/sick/Documents/Proyecto/ProyectoROS/build/truck_positioning/prefix_override:/usr/lib/python3/dist-packages/colcon_core/task/python/colcon_distutils_commands:/home/sick/Documents/Proyecto/ProyectoROS/install/truck_positioning/lib/python3.10/site-packages:${PYTHONPATH} /usr/bin/python3 -W ignore:setup.py install is deprecated -W ignore:easy_install command is deprecated setup.py egg_info --egg-base ../../build/truck_positioning build --build-base /home/sick/Documents/Proyecto/ProyectoROS/build/truck_positioning/build install --record /home/sick/Documents/Proyecto/ProyectoROS/build/truck_positioning/install.log --single-version-externally-managed install_data
[7.352s] Level 1:colcon.colcon_core.environment:checking '/home/sick/Documents/Proyecto/ProyectoROS/install/truck_positioning' for CMake module files
[7.353s] Level 1:colcon.colcon_core.environment:checking '/home/sick/Documents/Proyecto/ProyectoROS/install/truck_positioning' for CMake config files
[7.354s] Level 1:colcon.colcon_core.environment:checking '/home/sick/Documents/Proyecto/ProyectoROS/install/truck_positioning/lib'
[7.355s] Level 1:colcon.colcon_core.environment:checking '/home/sick/Documents/Proyecto/ProyectoROS/install/truck_positioning/bin'
[7.355s] Level 1:colcon.colcon_core.environment:checking '/home/sick/Documents/Proyecto/ProyectoROS/install/truck_positioning/lib/pkgconfig/truck_positioning.pc'
[7.355s] Level 1:colcon.colcon_core.environment:checking '/home/sick/Documents/Proyecto/ProyectoROS/install/truck_positioning/lib/python3.10/site-packages'
[7.355s] Level 1:colcon.colcon_core.shell:create_environment_hook('truck_positioning', 'pythonpath')
[7.355s] INFO:colcon.colcon_core.shell:Creating environment hook '/home/sick/Documents/Proyecto/ProyectoROS/install/truck_positioning/share/truck_positioning/hook/pythonpath.ps1'
[7.356s] INFO:colcon.colcon_core.shell:Creating environment descriptor '/home/sick/Documents/Proyecto/ProyectoROS/install/truck_positioning/share/truck_positioning/hook/pythonpath.dsv'
[7.358s] INFO:colcon.colcon_core.shell:Creating environment hook '/home/sick/Documents/Proyecto/ProyectoROS/install/truck_positioning/share/truck_positioning/hook/pythonpath.sh'
[7.366s] Level 1:colcon.colcon_core.environment:checking '/home/sick/Documents/Proyecto/ProyectoROS/install/truck_positioning/bin'
[7.366s] Level 1:colcon.colcon_core.environment:create_environment_scripts_only(truck_positioning)
[7.366s] INFO:colcon.colcon_core.shell:Creating package script '/home/sick/Documents/Proyecto/ProyectoROS/install/truck_positioning/share/truck_positioning/package.ps1'
[7.371s] INFO:colcon.colcon_core.shell:Creating package descriptor '/home/sick/Documents/Proyecto/ProyectoROS/install/truck_positioning/share/truck_positioning/package.dsv'
[7.380s] INFO:colcon.colcon_core.shell:Creating package script '/home/sick/Documents/Proyecto/ProyectoROS/install/truck_positioning/share/truck_positioning/package.sh'
[7.387s] INFO:colcon.colcon_core.shell:Creating package script '/home/sick/Documents/Proyecto/ProyectoROS/install/truck_positioning/share/truck_positioning/package.bash'
[7.393s] INFO:colcon.colcon_core.shell:Creating package script '/home/sick/Documents/Proyecto/ProyectoROS/install/truck_positioning/share/truck_positioning/package.zsh'
[7.397s] Level 1:colcon.colcon_core.environment:create_file_with_runtime_dependencies(/home/sick/Documents/Proyecto/ProyectoROS/install/truck_positioning/share/colcon-core/packages/truck_positioning)
[7.399s] DEBUG:colcon.colcon_parallel_executor.executor.parallel:closing loop
[7.399s] DEBUG:colcon.colcon_parallel_executor.executor.parallel:loop closed
[7.399s] DEBUG:colcon.colcon_parallel_executor.executor.parallel:run_until_complete finished with '0'
[7.399s] DEBUG:colcon.colcon_core.event_reactor:joining thread
[7.443s] INFO:colcon.colcon_core.plugin_system:Skipping extension 'colcon_notification.desktop_notification.terminal_notifier': Not used on non-Darwin systems
[7.443s] INFO:colcon.colcon_core.plugin_system:Skipping extension 'colcon_notification.desktop_notification.win32': Not used on non-Windows systems
[7.444s] INFO:colcon.colcon_notification.desktop_notification:Sending desktop notification using 'notify2'
[7.515s] DEBUG:colcon.colcon_core.event_reactor:joined thread
[7.516s] INFO:colcon.colcon_core.shell:Creating prefix script '/home/sick/Documents/Proyecto/ProyectoROS/install/local_setup.ps1'
[7.528s] INFO:colcon.colcon_core.shell:Creating prefix util module '/home/sick/Documents/Proyecto/ProyectoROS/install/_local_setup_util_ps1.py'
[7.538s] INFO:colcon.colcon_core.shell:Creating prefix chain script '/home/sick/Documents/Proyecto/ProyectoROS/install/setup.ps1'
[7.547s] INFO:colcon.colcon_core.shell:Creating prefix script '/home/sick/Documents/Proyecto/ProyectoROS/install/local_setup.sh'
[7.552s] INFO:colcon.colcon_core.shell:Creating prefix util module '/home/sick/Documents/Proyecto/ProyectoROS/install/_local_setup_util_sh.py'
[7.557s] INFO:colcon.colcon_core.shell:Creating prefix chain script '/home/sick/Documents/Proyecto/ProyectoROS/install/setup.sh'
[7.596s] INFO:colcon.colcon_core.shell:Creating prefix script '/home/sick/Documents/Proyecto/ProyectoROS/install/local_setup.bash'
[7.601s] INFO:colcon.colcon_core.shell:Creating prefix chain script '/home/sick/Documents/Proyecto/ProyectoROS/install/setup.bash'
[7.608s] INFO:colcon.colcon_core.shell:Creating prefix script '/home/sick/Documents/Proyecto/ProyectoROS/install/local_setup.zsh'
[7.612s] INFO:colcon.colcon_core.shell:Creating prefix chain script '/home/sick/Documents/Proyecto/ProyectoROS/install/setup.zsh'
