running develop
running egg_info
creating truck_positioning.egg-info
writing truck_positioning.egg-info/PKG-INFO
writing dependency_links to truck_positioning.egg-info/dependency_links.txt
writing entry points to truck_positioning.egg-info/entry_points.txt
writing requirements to truck_positioning.egg-info/requires.txt
writing top-level names to truck_positioning.egg-info/top_level.txt
writing manifest file 'truck_positioning.egg-info/SOURCES.txt'
reading manifest file 'truck_positioning.egg-info/SOURCES.txt'
writing manifest file 'truck_positioning.egg-info/SOURCES.txt'
running build_ext
Creating /home/nuc/Documentos/GitHub/ProyectoROS/install/truck_positioning/lib/python3.10/site-packages/truck-positioning.egg-link (link to .)
Installing calculador_distancia script to /home/nuc/Documentos/GitHub/ProyectoROS/install/truck_positioning/lib/truck_positioning
Installing interfaz_camion script to /home/nuc/Documentos/GitHub/ProyectoROS/install/truck_positioning/lib/truck_positioning
Installing lector script to /home/nuc/Documentos/GitHub/ProyectoROS/install/truck_positioning/lib/truck_positioning
Installing logic_node script to /home/nuc/Documentos/GitHub/ProyectoROS/install/truck_positioning/lib/truck_positioning
Installing monitor_dual script to /home/nuc/Documentos/GitHub/ProyectoROS/install/truck_positioning/lib/truck_positioning
Installing visualizador script to /home/nuc/Documentos/GitHub/ProyectoROS/install/truck_positioning/lib/truck_positioning
Installing visualizador_amarillo script to /home/nuc/Documentos/GitHub/ProyectoROS/install/truck_positioning/lib/truck_positioning

Installed /home/nuc/Documentos/GitHub/ProyectoROS/build/truck_positioning
running symlink_data
creating /home/nuc/Documentos/GitHub/ProyectoROS/install/truck_positioning/share/ament_index
creating /home/nuc/Documentos/GitHub/ProyectoROS/install/truck_positioning/share/ament_index/resource_index
creating /home/nuc/Documentos/GitHub/ProyectoROS/install/truck_positioning/share/ament_index/resource_index/packages
symbolically linking /home/nuc/Documentos/GitHub/ProyectoROS/build/truck_positioning/resource/truck_positioning -> /home/nuc/Documentos/GitHub/ProyectoROS/install/truck_positioning/share/ament_index/resource_index/packages
symbolically linking /home/nuc/Documentos/GitHub/ProyectoROS/build/truck_positioning/package.xml -> /home/nuc/Documentos/GitHub/ProyectoROS/install/truck_positioning/share/truck_positioning
creating /home/nuc/Documentos/GitHub/ProyectoROS/install/truck_positioning/share/truck_positioning/launch
symbolically linking /home/nuc/Documentos/GitHub/ProyectoROS/build/truck_positioning/launch/visualizador_perfil.py.launch.py -> /home/nuc/Documentos/GitHub/ProyectoROS/install/truck_positioning/share/truck_positioning/launch
symbolically linking /home/nuc/Documentos/GitHub/ProyectoROS/build/truck_positioning/launch/sensores_tf.launch.py -> /home/nuc/Documentos/GitHub/ProyectoROS/install/truck_positioning/share/truck_positioning/launch
symbolically linking /home/nuc/Documentos/GitHub/ProyectoROS/build/truck_positioning/launch/sensor_antiguo.launch.py -> /home/nuc/Documentos/GitHub/ProyectoROS/install/truck_positioning/share/truck_positioning/launch
symbolically linking /home/nuc/Documentos/GitHub/ProyectoROS/build/truck_positioning/launch/system.launch.py -> /home/nuc/Documentos/GitHub/ProyectoROS/install/truck_positioning/share/truck_positioning/launch
symbolically linking /home/nuc/Documentos/GitHub/ProyectoROS/build/truck_positioning/launch/sensor_longitudinal.launch.py -> /home/nuc/Documentos/GitHub/ProyectoROS/install/truck_positioning/share/truck_positioning/launch
symbolically linking /home/nuc/Documentos/GitHub/ProyectoROS/build/truck_positioning/launch/sistema_completo.launch.py -> /home/nuc/Documentos/GitHub/ProyectoROS/install/truck_positioning/share/truck_positioning/launch
