running egg_info
writing ../../build/truck_positioning/truck_positioning.egg-info/PKG-INFO
writing dependency_links to ../../build/truck_positioning/truck_positioning.egg-info/dependency_links.txt
writing entry points to ../../build/truck_positioning/truck_positioning.egg-info/entry_points.txt
writing requirements to ../../build/truck_positioning/truck_positioning.egg-info/requires.txt
writing top-level names to ../../build/truck_positioning/truck_positioning.egg-info/top_level.txt
reading manifest file '../../build/truck_positioning/truck_positioning.egg-info/SOURCES.txt'
writing manifest file '../../build/truck_positioning/truck_positioning.egg-info/SOURCES.txt'
running build
running build_py
copying truck_positioning/test_rendimiento.py -> /home/sick/Documents/Proyecto/ProyectoROS/build/truck_positioning/build/lib/truck_positioning
copying truck_positioning/sensores_reales.launch.py -> /home/sick/Documents/Proyecto/ProyectoROS/build/truck_positioning/build/lib/truck_positioning
copying truck_positioning/cliente_API_noPersistente.py -> /home/sick/Documents/Proyecto/ProyectoROS/build/truck_positioning/build/lib/truck_positioning
copying truck_positioning/sistema_integrado.py -> /home/sick/Documents/Proyecto/ProyectoROS/build/truck_positioning/build/lib/truck_positioning
copying truck_positioning/sub_BD.py -> /home/sick/Documents/Proyecto/ProyectoROS/build/truck_positioning/build/lib/truck_positioning
running install
running install_lib
copying /home/sick/Documents/Proyecto/ProyectoROS/build/truck_positioning/build/lib/truck_positioning/test_rendimiento.py -> /home/sick/Documents/Proyecto/ProyectoROS/install/truck_positioning/lib/python3.10/site-packages/truck_positioning
copying /home/sick/Documents/Proyecto/ProyectoROS/build/truck_positioning/build/lib/truck_positioning/sensores_reales.launch.py -> /home/sick/Documents/Proyecto/ProyectoROS/install/truck_positioning/lib/python3.10/site-packages/truck_positioning
copying /home/sick/Documents/Proyecto/ProyectoROS/build/truck_positioning/build/lib/truck_positioning/cliente_API_noPersistente.py -> /home/sick/Documents/Proyecto/ProyectoROS/install/truck_positioning/lib/python3.10/site-packages/truck_positioning
copying /home/sick/Documents/Proyecto/ProyectoROS/build/truck_positioning/build/lib/truck_positioning/sistema_integrado.py -> /home/sick/Documents/Proyecto/ProyectoROS/install/truck_positioning/lib/python3.10/site-packages/truck_positioning
copying /home/sick/Documents/Proyecto/ProyectoROS/build/truck_positioning/build/lib/truck_positioning/sub_BD.py -> /home/sick/Documents/Proyecto/ProyectoROS/install/truck_positioning/lib/python3.10/site-packages/truck_positioning
byte-compiling /home/sick/Documents/Proyecto/ProyectoROS/install/truck_positioning/lib/python3.10/site-packages/truck_positioning/test_rendimiento.py to test_rendimiento.cpython-310.pyc
byte-compiling /home/sick/Documents/Proyecto/ProyectoROS/install/truck_positioning/lib/python3.10/site-packages/truck_positioning/sensores_reales.launch.py to sensores_reales.launch.cpython-310.pyc
byte-compiling /home/sick/Documents/Proyecto/ProyectoROS/install/truck_positioning/lib/python3.10/site-packages/truck_positioning/cliente_API_noPersistente.py to cliente_API_noPersistente.cpython-310.pyc
byte-compiling /home/sick/Documents/Proyecto/ProyectoROS/install/truck_positioning/lib/python3.10/site-packages/truck_positioning/sistema_integrado.py to sistema_integrado.cpython-310.pyc
running install_data
running install_egg_info
removing '/home/sick/Documents/Proyecto/ProyectoROS/install/truck_positioning/lib/python3.10/site-packages/truck_positioning-0.0.0-py3.10.egg-info' (and everything under it)
Copying ../../build/truck_positioning/truck_positioning.egg-info to /home/sick/Documents/Proyecto/ProyectoROS/install/truck_positioning/lib/python3.10/site-packages/truck_positioning-0.0.0-py3.10.egg-info
running install_scripts
Installing cliente_API script to /home/sick/Documents/Proyecto/ProyectoROS/install/truck_positioning/lib/truck_positioning
Installing lector script to /home/sick/Documents/Proyecto/ProyectoROS/install/truck_positioning/lib/truck_positioning
Installing logic_node script to /home/sick/Documents/Proyecto/ProyectoROS/install/truck_positioning/lib/truck_positioning
Installing simple_truck_sim script to /home/sick/Documents/Proyecto/ProyectoROS/install/truck_positioning/lib/truck_positioning
Installing sub_BD script to /home/sick/Documents/Proyecto/ProyectoROS/install/truck_positioning/lib/truck_positioning
Installing truck_control script to /home/sick/Documents/Proyecto/ProyectoROS/install/truck_positioning/lib/truck_positioning
Installing truck_perception script to /home/sick/Documents/Proyecto/ProyectoROS/install/truck_positioning/lib/truck_positioning
writing list of installed files to '/home/sick/Documents/Proyecto/ProyectoROS/build/truck_positioning/install.log'
