[2.222s] Invoking command in '/home/sick/Documents/Proyecto/ProyectoROS/src/truck_positioning': PYTHONPATH=/home/sick/Documents/Proyecto/ProyectoROS/build/truck_positioning/prefix_override:/usr/lib/python3/dist-packages/colcon_core/task/python/colcon_distutils_commands:/home/sick/Documents/Proyecto/ProyectoROS/install/truck_positioning/lib/python3.10/site-packages:${PYTHONPATH} /usr/bin/python3 -W ignore:setup.py install is deprecated -W ignore:easy_install command is deprecated setup.py egg_info --egg-base ../../build/truck_positioning build --build-base /home/sick/Documents/Proyecto/ProyectoROS/build/truck_positioning/build install --record /home/sick/Documents/Proyecto/ProyectoROS/build/truck_positioning/install.log --single-version-externally-managed install_data
[2.653s] running egg_info
[2.653s] writing ../../build/truck_positioning/truck_positioning.egg-info/PKG-INFO
[2.688s] writing dependency_links to ../../build/truck_positioning/truck_positioning.egg-info/dependency_links.txt
[2.688s] writing entry points to ../../build/truck_positioning/truck_positioning.egg-info/entry_points.txt
[2.711s] writing requirements to ../../build/truck_positioning/truck_positioning.egg-info/requires.txt
[2.714s] writing top-level names to ../../build/truck_positioning/truck_positioning.egg-info/top_level.txt
[2.748s] reading manifest file '../../build/truck_positioning/truck_positioning.egg-info/SOURCES.txt'
[2.752s] writing manifest file '../../build/truck_positioning/truck_positioning.egg-info/SOURCES.txt'
[2.754s] running build
[2.755s] running build_py
[2.756s] copying truck_positioning/consulta_bd.py -> /home/sick/Documents/Proyecto/ProyectoROS/build/truck_positioning/build/lib/truck_positioning
[2.756s] copying truck_positioning/cliente_API.py -> /home/sick/Documents/Proyecto/ProyectoROS/build/truck_positioning/build/lib/truck_positioning
[2.757s] copying truck_positioning/sub_BD.py -> /home/sick/Documents/Proyecto/ProyectoROS/build/truck_positioning/build/lib/truck_positioning
[2.759s] running install
[2.763s] running install_lib
[2.763s] copying /home/sick/Documents/Proyecto/ProyectoROS/build/truck_positioning/build/lib/truck_positioning/consulta_bd.py -> /home/sick/Documents/Proyecto/ProyectoROS/install/truck_positioning/lib/python3.10/site-packages/truck_positioning
[2.766s] copying /home/sick/Documents/Proyecto/ProyectoROS/build/truck_positioning/build/lib/truck_positioning/cliente_API.py -> /home/sick/Documents/Proyecto/ProyectoROS/install/truck_positioning/lib/python3.10/site-packages/truck_positioning
[2.767s] copying /home/sick/Documents/Proyecto/ProyectoROS/build/truck_positioning/build/lib/truck_positioning/sub_BD.py -> /home/sick/Documents/Proyecto/ProyectoROS/install/truck_positioning/lib/python3.10/site-packages/truck_positioning
[2.770s] byte-compiling /home/sick/Documents/Proyecto/ProyectoROS/install/truck_positioning/lib/python3.10/site-packages/truck_positioning/consulta_bd.py to consulta_bd.cpython-310.pyc
[2.774s] byte-compiling /home/sick/Documents/Proyecto/ProyectoROS/install/truck_positioning/lib/python3.10/site-packages/truck_positioning/cliente_API.py to cliente_API.cpython-310.pyc
[2.775s] byte-compiling /home/sick/Documents/Proyecto/ProyectoROS/install/truck_positioning/lib/python3.10/site-packages/truck_positioning/sub_BD.py to sub_BD.cpython-310.pyc
[2.777s] running install_data
[2.778s] running install_egg_info
[2.799s] removing '/home/sick/Documents/Proyecto/ProyectoROS/install/truck_positioning/lib/python3.10/site-packages/truck_positioning-0.0.0-py3.10.egg-info' (and everything under it)
[2.799s] Copying ../../build/truck_positioning/truck_positioning.egg-info to /home/sick/Documents/Proyecto/ProyectoROS/install/truck_positioning/lib/python3.10/site-packages/truck_positioning-0.0.0-py3.10.egg-info
[2.799s] running install_scripts
[2.845s] Installing cliente_API script to /home/sick/Documents/Proyecto/ProyectoROS/install/truck_positioning/lib/truck_positioning
[2.846s] Installing lector script to /home/sick/Documents/Proyecto/ProyectoROS/install/truck_positioning/lib/truck_positioning
[2.846s] Installing logic_node script to /home/sick/Documents/Proyecto/ProyectoROS/install/truck_positioning/lib/truck_positioning
[2.846s] Installing sub_BD script to /home/sick/Documents/Proyecto/ProyectoROS/install/truck_positioning/lib/truck_positioning
[2.851s] writing list of installed files to '/home/sick/Documents/Proyecto/ProyectoROS/build/truck_positioning/install.log'
[2.917s] Invoked command in '/home/sick/Documents/Proyecto/ProyectoROS/src/truck_positioning' returned '0': PYTHONPATH=/home/sick/Documents/Proyecto/ProyectoROS/build/truck_positioning/prefix_override:/usr/lib/python3/dist-packages/colcon_core/task/python/colcon_distutils_commands:/home/sick/Documents/Proyecto/ProyectoROS/install/truck_positioning/lib/python3.10/site-packages:${PYTHONPATH} /usr/bin/python3 -W ignore:setup.py install is deprecated -W ignore:easy_install command is deprecated setup.py egg_info --egg-base ../../build/truck_positioning build --build-base /home/sick/Documents/Proyecto/ProyectoROS/build/truck_positioning/build install --record /home/sick/Documents/Proyecto/ProyectoROS/build/truck_positioning/install.log --single-version-externally-managed install_data
